Log file open, 10/11/14 23:11:10
LogInit:Display: Running engine for game: Practice
LogInit: Version: 4.4.3-0+UE4
LogInit: API Version: 0
LogInit: Compiled (64-bit): Sep 21 2014 18:12:07
LogInit: Build Configuration: Development
LogInit: Branch Name: UE4
LogInit: Command line:  /Temp/Autosaves/Game/Maps/UEDPCExample_Map -game -PIEVIACONSOLE -ResX=1280 -ResY=720  -Multiprocess 
LogInit: Base directory: C:/Git_Repository/Unreal/UnrealEngine/Engine/Binaries/Win64/
LogInit: Rocket: 0
[2014.10.12-05.11.10:708][  0]LogTaskGraph: Started task graph with 3 named threads and 4 total threads.
[2014.10.12-05.11.10:743][  0]LogOnline:Warning: No default platform service specified for OnlineSubsystem
[2014.10.12-05.11.10:758][  0]LogInit: Presizing for 0 objects not considered by GC, pre-allocating 0 bytes.
[2014.10.12-05.11.10:765][  0]LogInit: Object subsystem initialized
[2014.10.12-05.11.10:767][  0]LogInit: Selected Device Profile: [Windows]
[2014.10.12-05.11.10:767][  0]LogInit: Applying CVar settings loaded from the selected device profile: [Windows]
[2014.10.12-05.11.10:770][  0]LogInit: Computer: LETHALMONGOOSE
[2014.10.12-05.11.10:771][  0]LogInit: User: Mongoose
[2014.10.12-05.11.10:772][  0]LogInit: CPU Page size=4096, Cores=4
[2014.10.12-05.11.10:772][  0]LogInit: High frequency timer resolution =3.128984 MHz
[2014.10.12-05.11.10:773][  0]LogMemory: Memory total: Physical=16.0GB (16GB approx) Virtual=8192.0GB
[2014.10.12-05.11.10:773][  0]LogMemory: Platform Memory Stats for Windows
[2014.10.12-05.11.10:773][  0]LogMemory: Process Physical Memory: 62.13 MB used, 62.13 MB peak
[2014.10.12-05.11.10:773][  0]LogMemory: Process Virtual Memory: 38.26 MB used, 41.61 MB peak
[2014.10.12-05.11.10:773][  0]LogMemory: Physical Memory: 9481.75 MB used, 16375.12 MB total
[2014.10.12-05.11.10:773][  0]LogMemory: Virtual Memory: 256.33 MB used, 8388608.00 MB total
[2014.10.12-05.11.10:835][  0]LogD3D11RHI: Found D3D11 adapter 0: NVIDIA GeForce GTX 580 (Feature Level 11_0)
[2014.10.12-05.11.10:835][  0]LogD3D11RHI: Adapter has 1487MB of dedicated video memory, 0MB of dedicated system memory, and 2559MB of shared system memory, 2 output[s]
[2014.10.12-05.11.10:835][  0]LogD3D11RHI: Chosen D3D11 Adapter Id = 0
[2014.10.12-05.11.10:842][  0]LogRHI: Texture pool is 1041 MB (70% of 1487 MB)
[2014.10.12-05.11.10:852][  0]LogD3D11RHI: Async texture creation enabled
[2014.10.12-05.11.10:966][  0]LogContentStreaming: Texture pool size is 1000.000000MB
[2014.10.12-05.11.12:385][  0]LogTargetPlatformManager:Display: Building Assets For Windows
[2014.10.12-05.11.12:889][  0]LogTargetPlatformManager:Display: Building Assets For Windows
[2014.10.12-05.11.12:956][  0]LogDerivedDataCache:Display: Max Cache Size: 512 MB
[2014.10.12-05.11.13:008][  0]LogDerivedDataCache: Loaded boot cache 0.05s 41MB ../../../../../../Users/Mongoose/Documents/Unreal Projects/Practice/DerivedDataCache/Boot.ddc.
[2014.10.12-05.11.13:008][  0]LogDerivedDataCache:Display: Loaded Boot cache: ../../../../../../Users/Mongoose/Documents/Unreal Projects/Practice/DerivedDataCache/Boot.ddc
[2014.10.12-05.11.13:008][  0]LogDerivedDataCache: FDerivedDataBackendGraph:  Pak pak cache file ../../../../../../Users/Mongoose/Documents/Unreal Projects/Practice/DerivedDataCache/DDC.ddp not found, will not use a pak cache.
[2014.10.12-05.11.13:008][  0]LogDerivedDataCache: Unable to find inner node Pak for hierarchical cache Hierarchy.
[2014.10.12-05.11.13:008][  0]LogDerivedDataCache: FDerivedDataBackendGraph:  EnginePak pak cache file ../../../Engine/DerivedDataCache/DDC.ddp not found, will not use a pak cache.
[2014.10.12-05.11.13:008][  0]LogDerivedDataCache: Unable to find inner node EnginePak for hierarchical cache Hierarchy.
[2014.10.12-05.11.13:019][  0]LogDerivedDataCache: Using Local data cache path ../../../Engine/DerivedDataCache: Writable
[2014.10.12-05.11.13:019][  0]LogDerivedDataCache: Shared data cache path not found in *engine.ini, will not use an Shared cache.
[2014.10.12-05.11.13:019][  0]LogDerivedDataCache: Unable to find inner node Shared for hierarchical cache Hierarchy.
[2014.10.12-05.11.13:213][  0]LogMeshUtilities: No automatic mesh reduction module available
[2014.10.12-05.11.13:213][  0]LogMeshUtilities: No automatic mesh merging module available
[2014.10.12-05.11.13:618][  0]LogInit: WinSock: version 1.1 (2.2), MaxSocks=32767, MaxUdp=65467
[2014.10.12-05.11.14:583][  0]LogWindowsMoviePlayer: Unable to load movie: ../../../../../../Users/Mongoose/Documents/Unreal Projects/Practice/Content/Movies/Default_Startup.mp4
[2014.10.12-05.11.15:320][  0]LogStats:Warning: MetaData mismatch. Did you assign a stat to two groups? New //STATGROUP_Threads//FMonitoredProcess///Thread_61c8_0///////STATCAT_Advanced//// old //STATGROUP_Threads//FMonitoredProcess///Thread_44ac_0///////STATCAT_Advanced////
[2014.10.12-05.11.15:320][  0]SourceControl: Info Source control is disabled
[2014.10.12-05.11.15:320][  0]SourceControl: Info Source control is disabled
[2014.10.12-05.11.15:329][  0]SourceControl: Info Source control is disabled
[2014.10.12-05.11.15:383][  0]LogObj: 38614 objects as part of root set at end of initial load.
[2014.10.12-05.11.15:383][  0]LogUObjectAllocator: 9593680 out of 0 bytes used by permanent object pool.
[2014.10.12-05.11.15:592][  0]LogAutomationTest:Warning: ERR: Transient text cannot be serialized "Testing Transient serialization detection".
[2014.10.12-05.11.15:593][  0]LogEngine: Initializing Engine...
[2014.10.12-05.11.17:596][  0]LogHMD:Warning: No Oculus HMD detected! Is Oculus Run-Time installed and service is running?
[2014.10.12-05.11.17:606][  0]LogHMD: Oculus shutdown.
[2014.10.12-05.11.17:736][  0]LogInit: XAudio2 using 'Speakers (SoundMAX Integrated Digital HD Audio)' : 2 channels at 44.1 kHz using 16 bits per sample (channel mask 0x3)
[2014.10.12-05.11.17:749][  0]LogInit: FAudioDevice initialized.
[2014.10.12-05.11.17:757][  0]LogInit: Texture streaming: Enabled
[2014.10.12-05.11.17:855][  0]LogConsoleResponse:Display: 
[2014.10.12-05.11.17:855][  0]LogNet: Browse: /Temp/Autosaves/Game/Maps/UEDPCExample_Map?Name=Player
[2014.10.12-05.11.17:855][  0]LogLoad: LoadMap: /Temp/Autosaves/Game/Maps/UEDPCExample_Map?Name=Player
[2014.10.12-05.11.17:889][  0]LogMemory: Platform Memory Stats for Windows
[2014.10.12-05.11.17:889][  0]LogMemory: Process Physical Memory: 331.07 MB used, 335.45 MB peak
[2014.10.12-05.11.17:889][  0]LogMemory: Process Virtual Memory: 300.12 MB used, 305.79 MB peak
[2014.10.12-05.11.17:889][  0]LogMemory: Physical Memory: 9658.53 MB used, 16375.12 MB total
[2014.10.12-05.11.17:889][  0]LogMemory: Virtual Memory: 683.72 MB used, 8388608.00 MB total
[2014.10.12-05.11.17:889][  0]LogMemory: 
[2014.10.12-05.11.17:889][  0]Allocator Stats for TBB: (not implemented)
[2014.10.12-05.11.18:829][  0]LogWorld: Game class is 'PhaseGameMode_C'
[2014.10.12-05.11.18:858][  0]LogAIModule: Creating AISystem for world Example_Map
[2014.10.12-05.11.18:870][  0]LogWorld:Warning: *** WARNING - PATHS MAY NOT BE VALID ***
[2014.10.12-05.11.18:870][  0]LogWorld: Bringing World /Temp/Autosaves/Game/Maps/UEDPCExample_Map.Example_Map up for play (max tick rate 0) at 2014.10.11-23.11.18
[2014.10.12-05.11.18:871][  0]LogWorld: Bringing up level for play took: 0.012519
[2014.10.12-05.11.18:874][  0]LogInit:Display: Game Engine Initialized.
[2014.10.12-05.11.19:087][  0]LogLoad: Full Startup: 10.31 seconds (BP compile: 0.73 seconds)
[2014.10.12-05.11.19:190][  1]LogRenderer:Warning: Reallocating scene render targets to support 1280x720.
[2014.10.12-05.11.42:155][358]LogEngine: All Windows Closed
[2014.10.12-05.11.42:155][358]LogWindows: FPlatformMisc::RequestExit(0)
[2014.10.12-05.11.42:161][359]LogWindowsTextInputMethodSystem:Error: Terminating failed while unadvising the language notification sink from the TSF source.
[2014.10.12-05.11.42:174][359]LogInit: Using libcurl 7.34.0
[2014.10.12-05.11.42:174][359]LogInit:  - built for x86_64-pc-win32
[2014.10.12-05.11.42:174][359]LogInit:  - supports SSL with WinSSL
[2014.10.12-05.11.42:174][359]LogInit:  - other features:
[2014.10.12-05.11.42:174][359]LogInit:      CURL_VERSION_SSL
[2014.10.12-05.11.42:174][359]LogInit:      CURL_VERSION_ASYNCHDNS
[2014.10.12-05.11.42:174][359]LogInit:      CURL_VERSION_LARGEFILE
[2014.10.12-05.11.42:174][359]LogInit:      CURL_VERSION_IDN
[2014.10.12-05.11.42:174][359]LogInit: Libcurl will NOT reuse connections
[2014.10.12-05.11.42:185][359]LogExit: Preparing to exit.
[2014.10.12-05.11.42:315][359]LogExit: Game engine shut down
[2014.10.12-05.11.42:315][359]LogParticles: Destroying 0 GPU particle simulations for FXSystem 0x00000000047084A0
[2014.10.12-05.11.42:368][359]LogExit: Object subsystem successfully closed.
[2014.10.12-05.11.42:397][359]LogModuleManager: Shutting down and abandoning module HTTP (79)
[2014.10.12-05.11.42:397][359]LogModuleManager: Shutting down and abandoning module AutomationWorker (78)
[2014.10.12-05.11.42:397][359]LogModuleManager: Shutting down and abandoning module GameplayDebugger (77)
[2014.10.12-05.11.42:397][359]LogModuleManager: Shutting down and abandoning module AIModule (76)
[2014.10.12-05.11.42:397][359]LogModuleManager: Shutting down and abandoning module GameLiveStreaming (75)
[2014.10.12-05.11.42:397][359]LogModuleManager: Shutting down and abandoning module StreamingPauseRendering (74)
[2014.10.12-05.11.42:397][359]LogModuleManager: Shutting down and abandoning module AnalyticsET (73)
[2014.10.12-05.11.42:397][359]LogModuleManager: Shutting down and abandoning module Analytics (72)
[2014.10.12-05.11.42:397][359]LogModuleManager: Shutting down and abandoning module ProfilerService (71)
[2014.10.12-05.11.42:424][359]LogModuleManager: Shutting down and abandoning module TaskGraph (70)
[2014.10.12-05.11.42:424][359]LogModuleManager: Shutting down and abandoning module SlateRemote (69)
[2014.10.12-05.11.42:424][359]LogModuleManager: Shutting down and abandoning module CustomMeshComponent (68)
[2014.10.12-05.11.42:424][359]LogModuleManager: Shutting down and abandoning module CableComponent (67)
[2014.10.12-05.11.42:424][359]LogModuleManager: Shutting down and abandoning module VisualStudioSourceCodeAccess (66)
[2014.10.12-05.11.42:424][359]LogModuleManager: Shutting down and abandoning module UObjectPlugin (65)
[2014.10.12-05.11.42:424][359]LogModuleManager: Shutting down and abandoning module SubversionSourceControl (64)
[2014.10.12-05.11.42:424][359]LogModuleManager: Shutting down and abandoning module SourceControl (63)
[2014.10.12-05.11.42:424][359]LogModuleManager: Shutting down and abandoning module PerforceSourceControl (62)
[2014.10.12-05.11.42:424][359]LogModuleManager: Shutting down and abandoning module BlankPlugin (61)
[2014.10.12-05.11.42:424][359]LogModuleManager: Shutting down and abandoning module Practice (60)
[2014.10.12-05.11.42:424][359]LogModuleManager: Shutting down and abandoning module ScriptPlugin (59)
[2014.10.12-05.11.42:424][359]LogModuleManager: Shutting down and abandoning module UdpMessaging (58)
[2014.10.12-05.11.42:424][359]LogModuleManager: Shutting down and abandoning module Paper2D (57)
[2014.10.12-05.11.42:424][359]LogModuleManager: Shutting down and abandoning module WindowsMoviePlayer (56)
[2014.10.12-05.11.42:424][359]LogModuleManager: Shutting down and abandoning module ImageWrapper (55)
[2014.10.12-05.11.42:424][359]LogModuleManager: Shutting down and abandoning module OnlineBlueprintSupport (54)
[2014.10.12-05.11.42:424][359]LogModuleManager: Shutting down and abandoning module FunctionalTesting (53)
[2014.10.12-05.11.42:424][359]LogModuleManager: Shutting down and abandoning module CollisionAnalyzer (52)
[2014.10.12-05.11.42:424][359]LogModuleManager: Shutting down and abandoning module WorkspaceMenuStructure (51)
[2014.10.12-05.11.42:424][359]LogModuleManager: Shutting down and abandoning module MessageLog (50)
[2014.10.12-05.11.42:424][359]LogModuleManager: Shutting down and abandoning module UMGEditor (49)
[2014.10.12-05.11.42:424][359]LogModuleManager: Shutting down and abandoning module UMG (48)
[2014.10.12-05.11.42:424][359]LogModuleManager: Shutting down and abandoning module Slate (47)
[2014.10.12-05.11.42:424][359]LogModuleManager: Shutting down and abandoning module EditorStyle (46)
[2014.10.12-05.11.42:426][359]LogModuleManager: Shutting down and abandoning module SessionServices (45)
[2014.10.12-05.11.42:426][359]LogModuleManager: Shutting down and abandoning module SourceCodeAccess (44)
[2014.10.12-05.11.42:426][359]LogModuleManager: Shutting down and abandoning module HeadMountedDisplay (43)
[2014.10.12-05.11.42:426][359]LogModuleManager: Shutting down and abandoning module XAudio2 (42)
[2014.10.12-05.11.42:426][359]LogModuleManager: Shutting down and abandoning module Networking (40)
[2014.10.12-05.11.42:426][359]LogModuleManager: Shutting down and abandoning module Core (39)
[2014.10.12-05.11.42:426][359]LogModuleManager: Shutting down and abandoning module KismetCompiler (38)
[2014.10.12-05.11.42:426][359]LogModuleManager: Shutting down and abandoning module PhysXFormats (37)
[2014.10.12-05.11.42:426][359]LogModuleManager: Shutting down and abandoning module MeshUtilities (36)
[2014.10.12-05.11.42:426][359]LogModuleManager: Shutting down and abandoning module DerivedDataCache (35)
[2014.10.12-05.11.42:518][359]LogDerivedDataCache: Shutdown
[2014.10.12-05.11.42:518][359]LogModuleManager: Shutting down and abandoning module ShaderFormatOpenGL (34)
[2014.10.12-05.11.42:518][359]LogModuleManager: Shutting down and abandoning module ShaderFormatD3D (33)
[2014.10.12-05.11.42:518][359]LogModuleManager: Shutting down and abandoning module MetalShaderFormat (32)
[2014.10.12-05.11.42:518][359]LogModuleManager: Shutting down and abandoning module TextureFormatUncompressed (31)
[2014.10.12-05.11.42:518][359]LogModuleManager: Shutting down and abandoning module TextureFormatPVR (30)
[2014.10.12-05.11.42:518][359]LogModuleManager: Shutting down and abandoning module TextureFormatDXT (29)
[2014.10.12-05.11.42:518][359]LogModuleManager: Shutting down and abandoning module AudioFormatOpus (28)
[2014.10.12-05.11.42:518][359]LogModuleManager: Shutting down and abandoning module AudioFormatOgg (27)
[2014.10.12-05.11.42:518][359]LogModuleManager: Shutting down and abandoning module AudioFormatADPCM (26)
[2014.10.12-05.11.42:518][359]LogModuleManager: Shutting down and abandoning module Messaging (25)
[2014.10.12-05.11.42:518][359]LogModuleManager: Shutting down and abandoning module IOSTargetPlatform (24)
[2014.10.12-05.11.42:518][359]LogModuleManager: Shutting down and abandoning module WindowsTargetPlatform (23)
[2014.10.12-05.11.42:518][359]LogModuleManager: Shutting down and abandoning module WindowsServerTargetPlatform (22)
[2014.10.12-05.11.42:518][359]LogModuleManager: Shutting down and abandoning module WindowsNoEditorTargetPlatform (21)
[2014.10.12-05.11.42:518][359]LogModuleManager: Shutting down and abandoning module WindowsClientTargetPlatform (20)
[2014.10.12-05.11.42:518][359]LogModuleManager: Shutting down and abandoning module TargetPlatform (19)
[2014.10.12-05.11.42:518][359]LogModuleManager: Shutting down and abandoning module InputCore (18)
[2014.10.12-05.11.42:518][359]LogModuleManager: Shutting down and abandoning module Settings (17)
[2014.10.12-05.11.42:518][359]LogModuleManager: Shutting down and abandoning module ExampleDeviceProfileSelector (14)
[2014.10.12-05.11.42:518][359]LogModuleManager: Shutting down and abandoning module OculusRift (13)
[2014.10.12-05.11.42:518][359]LogModuleManager: Shutting down and abandoning module TextureCompressor (12)
[2014.10.12-05.11.42:518][359]LogModuleManager: Shutting down and abandoning module ShaderCore (11)
[2014.10.12-05.11.42:518][359]LogModuleManager: Shutting down and abandoning module OpenGLDrv (10)
[2014.10.12-05.11.42:518][359]LogModuleManager: Shutting down and abandoning module D3D11RHI (9)
[2014.10.12-05.11.42:518][359]LogModuleManager: Shutting down and abandoning module SlateRHIRenderer (8)
[2014.10.12-05.11.42:518][359]LogModuleManager: Shutting down and abandoning module Renderer (7)
[2014.10.12-05.11.42:518][359]LogModuleManager: Shutting down and abandoning module Engine (6)
[2014.10.12-05.11.42:518][359]LogModuleManager: Shutting down and abandoning module CoreUObject (5)
[2014.10.12-05.11.42:518][359]LogModuleManager: Shutting down and abandoning module NetworkFile (4)
[2014.10.12-05.11.42:518][359]LogModuleManager: Shutting down and abandoning module StreamingFile (3)
[2014.10.12-05.11.42:518][359]LogModuleManager: Shutting down and abandoning module SandboxFile (2)
[2014.10.12-05.11.42:518][359]LogModuleManager: Shutting down and abandoning module PakFile (1)
[2014.10.12-05.11.42:518][359]LogExit: Exiting.
[2014.10.12-05.11.42:519][359]Log file closed, 10/11/14 23:11:42
