Log file open, 10/17/14 19:51:42
LogInit:Display: Running engine for game: Practice
LogInit: Version: 4.4.3-0+UE4
LogInit: API Version: 0
LogInit: Compiled (64-bit): Sep 21 2014 18:12:07
LogInit: Build Configuration: Development
LogInit: Branch Name: UE4
LogInit: Command line: 
LogInit: Base directory: C:/Git_Repository/Unreal/UnrealEngine/Engine/Binaries/Win64/
LogInit: Rocket: 0
[2014.10.18-01.51.42:714][  0]LogTaskGraph: Started task graph with 3 named threads and 4 total threads.
[2014.10.18-01.51.42:750][  0]LogOnline:Warning: No default platform service specified for OnlineSubsystem
[2014.10.18-01.51.42:766][  0]LogInit: Presizing for 0 objects not considered by GC, pre-allocating 0 bytes.
[2014.10.18-01.51.42:775][  0]LogInit: Object subsystem initialized
[2014.10.18-01.51.42:777][  0]LogInit: Selected Device Profile: [Windows]
[2014.10.18-01.51.42:777][  0]LogInit: Applying CVar settings loaded from the selected device profile: [Windows]
[2014.10.18-01.51.42:781][  0]LogInit: Computer: LETHALMONGOOSE
[2014.10.18-01.51.42:781][  0]LogInit: User: Mongoose
[2014.10.18-01.51.42:783][  0]LogInit: CPU Page size=4096, Cores=4
[2014.10.18-01.51.42:783][  0]LogInit: High frequency timer resolution =3.128984 MHz
[2014.10.18-01.51.42:783][  0]LogMemory: Memory total: Physical=16.0GB (16GB approx) Virtual=8192.0GB
[2014.10.18-01.51.42:783][  0]LogMemory: Platform Memory Stats for Windows
[2014.10.18-01.51.42:784][  0]LogMemory: Process Physical Memory: 64.23 MB used, 64.23 MB peak
[2014.10.18-01.51.42:784][  0]LogMemory: Process Virtual Memory: 40.51 MB used, 40.89 MB peak
[2014.10.18-01.51.42:784][  0]LogMemory: Physical Memory: 7190.70 MB used, 16375.12 MB total
[2014.10.18-01.51.42:784][  0]LogMemory: Virtual Memory: 258.58 MB used, 8388608.00 MB total
[2014.10.18-01.51.42:838][  0]LogD3D11RHI: Found D3D11 adapter 0: NVIDIA GeForce GTX 580 (Feature Level 11_0)
[2014.10.18-01.51.42:838][  0]LogD3D11RHI: Adapter has 1487MB of dedicated video memory, 0MB of dedicated system memory, and 2559MB of shared system memory, 2 output[s]
[2014.10.18-01.51.42:838][  0]LogD3D11RHI: Chosen D3D11 Adapter Id = 0
[2014.10.18-01.51.42:844][  0]LogRHI: Texture pool is 1041 MB (70% of 1487 MB)
[2014.10.18-01.51.42:856][  0]LogD3D11RHI: Async texture creation enabled
[2014.10.18-01.51.42:983][  0]LogContentStreaming: Texture pool size is 0.000000MB
[2014.10.18-01.51.44:424][  0]LogTargetPlatformManager:Display: Building Assets For Windows
[2014.10.18-01.51.44:947][  0]LogTargetPlatformManager:Display: Building Assets For Windows
[2014.10.18-01.51.45:018][  0]LogDerivedDataCache:Display: Max Cache Size: 512 MB
[2014.10.18-01.51.45:075][  0]LogDerivedDataCache: Loaded boot cache 0.06s 41MB ../../../../../../Users/Mongoose/Documents/Unreal Projects/Practice/DerivedDataCache/Boot.ddc.
[2014.10.18-01.51.45:075][  0]LogDerivedDataCache:Display: Loaded Boot cache: ../../../../../../Users/Mongoose/Documents/Unreal Projects/Practice/DerivedDataCache/Boot.ddc
[2014.10.18-01.51.45:075][  0]LogDerivedDataCache: FDerivedDataBackendGraph:  Pak pak cache file ../../../../../../Users/Mongoose/Documents/Unreal Projects/Practice/DerivedDataCache/DDC.ddp not found, will not use a pak cache.
[2014.10.18-01.51.45:075][  0]LogDerivedDataCache: Unable to find inner node Pak for hierarchical cache Hierarchy.
[2014.10.18-01.51.45:075][  0]LogDerivedDataCache: FDerivedDataBackendGraph:  EnginePak pak cache file ../../../Engine/DerivedDataCache/DDC.ddp not found, will not use a pak cache.
[2014.10.18-01.51.45:075][  0]LogDerivedDataCache: Unable to find inner node EnginePak for hierarchical cache Hierarchy.
[2014.10.18-01.51.45:086][  0]LogDerivedDataCache: Using Local data cache path ../../../Engine/DerivedDataCache: Writable
[2014.10.18-01.51.45:086][  0]LogDerivedDataCache: Shared data cache path not found in *engine.ini, will not use an Shared cache.
[2014.10.18-01.51.45:086][  0]LogDerivedDataCache: Unable to find inner node Shared for hierarchical cache Hierarchy.
[2014.10.18-01.51.45:287][  0]LogMeshUtilities: No automatic mesh reduction module available
[2014.10.18-01.51.45:287][  0]LogMeshUtilities: No automatic mesh merging module available
[2014.10.18-01.51.45:764][  0]LogInit: WinSock: version 1.1 (2.2), MaxSocks=32767, MaxUdp=65467
[2014.10.18-01.51.46:646][  0]LogStats:Warning: MetaData mismatch. Did you assign a stat to two groups? New //STATGROUP_Threads//FMonitoredProcess///Thread_8ce8_0///////STATCAT_Advanced//// old //STATGROUP_Threads//FMonitoredProcess///Thread_4890_0///////STATCAT_Advanced////
[2014.10.18-01.51.46:646][  0]UdpMessaging: Initializing bridge on interface 0.0.0.0:0 to multicast group 230.0.0.1:6666.
[2014.10.18-01.51.47:268][  0]LogAssetRegistry: FAssetRegistry took 0.0095 seconds to start up
[2014.10.18-01.51.47:391][  0]SourceControl: Info Source control is disabled
[2014.10.18-01.51.47:391][  0]SourceControl: Info Source control is disabled
[2014.10.18-01.51.47:399][  0]SourceControl: Info Source control is disabled
[2014.10.18-01.51.47:636][  0]BlueprintLog: New page: Editor Load
[2014.10.18-01.51.47:774][  0]LogObj: 39077 objects as part of root set at end of initial load.
[2014.10.18-01.51.47:774][  0]LogUObjectAllocator: 9864232 out of 0 bytes used by permanent object pool.
[2014.10.18-01.51.47:964][  0]LogEngine: Initializing Engine...
[2014.10.18-01.51.48:087][  0]LogInit: XAudio2 using 'Speakers (SoundMAX Integrated Digital HD Audio)' : 2 channels at 44.1 kHz using 16 bits per sample (channel mask 0x3)
[2014.10.18-01.51.48:099][  0]LogInit: FAudioDevice initialized.
[2014.10.18-01.51.48:130][  0]LogAIModule: Creating AISystem for world NewWorld
[2014.10.18-01.51.48:156][  0]LogDerivedDataCache: Saved boot cache 0.03s 41MB ../../../../../../Users/Mongoose/Documents/Unreal Projects/Practice/DerivedDataCache/Boot.ddc.
[2014.10.18-01.51.48:163][  0]LogInit: Texture streaming: Enabled
[2014.10.18-01.51.48:204][  0]LogInit: Transaction tracking system initialized
[2014.10.18-01.51.48:904][  0]LogTargetPlatformManager:Display: Building Assets For Windows
[2014.10.18-01.51.49:256][  0]LogTargetPlatformManager:Display: Building Assets For Windows
[2014.10.18-01.51.49:308][  0]LogModuleManager:Warning: ModuleManager: Unable to load module 'AndroidRuntimeSettings' because the file 'C:/Git_Repository/Unreal/UnrealEngine/Engine/Binaries/Win64/' was not found.
[2014.10.18-01.51.49:315][  0]LogModuleManager:Warning: ModuleManager: Unable to load module 'AndroidPlatformEditor' because the file 'C:/Git_Repository/Unreal/UnrealEngine/Engine/Binaries/Win64/' was not found.
[2014.10.18-01.51.49:449][  0]LogConsoleResponse:Display: 
[2014.10.18-01.51.49:666][  0]LogStats:Warning: MetaData mismatch. Did you assign a stat to two groups? New //STATGROUP_Threads//FMonitoredProcess///Thread_7c90_0///////STATCAT_Advanced//// old //STATGROUP_Threads//FMonitoredProcess///Thread_4890_0///////STATCAT_Advanced////
[2014.10.18-01.51.49:666][  0]LogStats:Warning: MetaData mismatch. Did you assign a stat to two groups? New //STATGROUP_Threads//FMonitoredProcess///Thread_533c_0///////STATCAT_Advanced//// old //STATGROUP_Threads//FMonitoredProcess///Thread_4890_0///////STATCAT_Advanced////
[2014.10.18-01.51.49:666][  0]SourceControl: Info Source control is disabled
[2014.10.18-01.52.53:939][  0]Cmd: MAP LOAD FILE="../../../../../../Users/Mongoose/Documents/Unreal Projects/Practice/Content/Maps/Example_Map.umap" TEMPLATE=0 SHOWPROGRESS=1
[2014.10.18-01.52.53:940][  0]LightingResults: New page: Lighting Build
[2014.10.18-01.52.53:952][  0]MapCheck: New page: Map Check
[2014.10.18-01.52.53:952][  0]LightingResults: New page: Lighting Build
[2014.10.18-01.52.53:982][  0]LogParticles: Destroying 0 GPU particle simulations for FXSystem 0x000000001800A700
[2014.10.18-01.52.54:525][  0]LogEditorServer: Finished looking for orphan Actors (0.000 secs)
[2014.10.18-01.52.54:526][  0]LogAIModule: Creating AISystem for world Example_Map
[2014.10.18-01.52.54:526][  0]Cmd: MAP CHECKDEP
[2014.10.18-01.52.54:527][  0]MapCheck: New page: Example_Map - Oct 17, 2014, 1:52:54 PM
[2014.10.18-01.52.54:609][  0]MapCheck: Info ========== Map Check: 0 Error(s), 0 Warning(s), [82.023ms] ==========
[2014.10.18-01.52.54:609][  0]LogFileHelpers: Loading map 'Example_Map' took 0.670
[2014.10.18-01.52.54:678][  0]LogStats:Warning: MetaData mismatch. Did you assign a stat to two groups? New //STATGROUP_Threads//SplashScreenThread///Thread_9730_0///////STATCAT_Advanced//// old //STATGROUP_Threads//SplashScreenThread///Thread_363c_0///////STATCAT_Advanced////
[2014.10.18-01.52.54:678][  0]LogCollectionManager: Loaded 0 collections in 0.002204 seconds
[2014.10.18-01.52.54:891][  0]LogCrashTracker: Crashtracker disabled due to settings.
[2014.10.18-01.52.54:953][  0]LogInit: Using libcurl 7.34.0
[2014.10.18-01.52.54:953][  0]LogInit:  - built for x86_64-pc-win32
[2014.10.18-01.52.54:953][  0]LogInit:  - supports SSL with WinSSL
[2014.10.18-01.52.54:953][  0]LogInit:  - other features:
[2014.10.18-01.52.54:953][  0]LogInit:      CURL_VERSION_SSL
[2014.10.18-01.52.54:953][  0]LogInit:      CURL_VERSION_ASYNCHDNS
[2014.10.18-01.52.54:953][  0]LogInit:      CURL_VERSION_LARGEFILE
[2014.10.18-01.52.54:953][  0]LogInit:      CURL_VERSION_IDN
[2014.10.18-01.52.54:953][  0]LogInit: Libcurl will NOT reuse connections
[2014.10.18-01.52.54:982][  0]LogLoad: Full Startup: 74.24 seconds (BP compile: 0.46 seconds)
[2014.10.18-01.52.54:995][  0]LogContentBrowser:Verbose: The content browser source was changed by the sources view to '/Game/Blueprints'
[2014.10.18-01.52.55:098][  0]LogRenderer:Warning: Reallocating scene render targets to support 32x32.
[2014.10.18-01.52.55:150][  0]LogRenderer:Warning: Reallocating scene render targets to support 760x888.
[2014.10.18-01.52.55:368][  3]LogAssetRegistry: Asset discovery search completed in 68.1080 seconds
[2014.10.18-01.53.00:620][117]LogRenderer:Warning: Reallocating scene render targets to support 1232x912.
[2014.10.18-01.53.30:178][402]LogSlate:Warning: Prevented a slow task dialog from being summoned while a context menu was open
[2014.10.18-01.53.30:239][402]LogBlueprint:Warning: [compiler] Warning Input Axis Event references unknown Axis 'LookUpRate' for  LookUpRate 
[2014.10.18-01.53.30:239][402]LogBlueprint:Warning: [compiler] Warning Input Axis Event references unknown Axis 'TurnRate' for  TurnRate 
[2014.10.18-01.53.30:240][402]LogBlueprint:Warning: [compiler] Warning Input Axis Event references unknown Axis 'LookUp' for  LookUp 
[2014.10.18-01.53.30:240][402]LogBlueprint:Warning: [compiler] Warning Input Axis Event references unknown Axis 'MoveForward' for  MoveForward 
[2014.10.18-01.53.30:241][402]LogBlueprint:Warning: [compiler] Warning Input Axis Event references unknown Axis 'Turn' for  Turn 
[2014.10.18-01.53.30:244][402]LogBlueprint:Warning: [compiler] Warning [0109.50] Compile of MixamoCharacter_Master successful, but with 5 Warning(s) [in 11 ms]
[2014.10.18-01.53.30:257][402]LogBlueprint:Warning: [compiler] Warning Input Axis Event references unknown Axis 'LookUpRate' for  LookUpRate 
[2014.10.18-01.53.30:258][402]LogBlueprint:Warning: [compiler] Warning Input Axis Event references unknown Axis 'TurnRate' for  TurnRate 
[2014.10.18-01.53.30:258][402]LogBlueprint:Warning: [compiler] Warning Input Axis Event references unknown Axis 'LookUp' for  LookUp 
[2014.10.18-01.53.30:259][402]LogBlueprint:Warning: [compiler] Warning Input Axis Event references unknown Axis 'MoveForward' for  MoveForward 
[2014.10.18-01.53.30:259][402]LogBlueprint:Warning: [compiler] Warning Input Axis Event references unknown Axis 'Turn' for  Turn 
[2014.10.18-01.53.30:262][402]LogBlueprint:Warning: [compiler] Warning [0109.52] Compile of MixamoCharacter_Master successful, but with 5 Warning(s) [in 9 ms]
[2014.10.18-01.53.31:489][402]LogBlueprint:Warning: Reparenting blueprint Blueprint /Game/Blueprints/MyCharacter2.MyCharacter2 from PracticeCharacter to MixamoCharacter_Master_C...
[2014.10.18-01.53.31:489][402]BlueprintLog: New page: Compile MyCharacter2
[2014.10.18-01.53.31:812][402]LogBlueprint:Warning: [compiler] Warning Unable to find variable with name 'SideViewCameraComponent' for  Get SideViewCameraComponent 
[2014.10.18-01.53.31:812][402]LogBlueprint:Warning: [compiler] Warning Unable to find variable with name 'SideViewCameraComponent' for  Get SideViewCameraComponent 
[2014.10.18-01.53.31:814][402]LogBlueprint:Warning: [compiler] Warning Unable to find variable with name 'SideViewCameraComponent' for  EnablePhaseGraphics 
[2014.10.18-01.53.31:815][402]LogBlueprint:Warning: [compiler] Warning Unable to find variable with name 'SideViewCameraComponent' for  MovePlayerOverTime 
[2014.10.18-01.53.31:817][402]LogBlueprint:Warning: [compiler] Warning Unable to find variable with name 'SideViewCameraComponent' for  Get SideViewCameraComponent 
[2014.10.18-01.53.31:879][402]LogBlueprint:Warning: [compiler] Warning [0111.13] Compile of MyCharacter2 successful, but with 5 Warning(s) [in 137 ms]
[2014.10.18-01.53.32:026][402]LogActorComponent: UnregisterComponent: (/Engine/Transient.CharacterMovementComponent_0) Not registered. Aborting.
[2014.10.18-01.53.32:026][402]LogActorComponent: UnregisterComponent: (/Engine/Transient.CharacterMovementComponent_1) Not registered. Aborting.
[2014.10.18-01.53.32:027][402]LogActorComponent: UnregisterComponent: (/Engine/Transient.CharacterMovementComponent_2) Not registered. Aborting.
[2014.10.18-01.53.32:175][402]BlueprintEditorCompileResults:Warning: Warning Unable to find variable with name 'SideViewCameraComponent' for  Get SideViewCameraComponent 
[2014.10.18-01.53.32:175][402]BlueprintEditorCompileResults:Warning: Warning Unable to find variable with name 'SideViewCameraComponent' for  Get SideViewCameraComponent 
[2014.10.18-01.53.32:175][402]BlueprintEditorCompileResults:Warning: Warning Unable to find variable with name 'SideViewCameraComponent' for  EnablePhaseGraphics 
[2014.10.18-01.53.32:175][402]BlueprintEditorCompileResults:Warning: Warning Unable to find variable with name 'SideViewCameraComponent' for  MovePlayerOverTime 
[2014.10.18-01.53.32:175][402]BlueprintEditorCompileResults:Warning: Warning Unable to find variable with name 'SideViewCameraComponent' for  Get SideViewCameraComponent 
[2014.10.18-01.53.32:175][402]BlueprintEditorCompileResults:Warning: Warning [0111.13] Compile of MyCharacter2 successful, but with 5 Warning(s) [in 137 ms]
[2014.10.18-01.53.34:850][478]BlueprintLog: New page: Compile MyCharacter2
[2014.10.18-01.53.35:158][478]LogBlueprint:Warning: [compiler] Warning Unable to find variable with name 'SideViewCameraComponent' for  Get SideViewCameraComponent 
[2014.10.18-01.53.35:158][478]LogBlueprint:Warning: [compiler] Warning Unable to find variable with name 'SideViewCameraComponent' for  Get SideViewCameraComponent 
[2014.10.18-01.53.35:160][478]LogBlueprint:Warning: [compiler] Warning Unable to find variable with name 'SideViewCameraComponent' for  EnablePhaseGraphics 
[2014.10.18-01.53.35:162][478]LogBlueprint:Warning: [compiler] Warning Unable to find variable with name 'SideViewCameraComponent' for  MovePlayerOverTime 
[2014.10.18-01.53.35:163][478]LogBlueprint:Warning: [compiler] Warning Unable to find variable with name 'SideViewCameraComponent' for  Get SideViewCameraComponent 
[2014.10.18-01.53.35:218][478]LogBlueprint:Warning: [compiler] Warning [0114.47] Compile of MyCharacter2 successful, but with 5 Warning(s) [in 120 ms]
[2014.10.18-01.53.35:309][478]LogActorComponent: UnregisterComponent: (/Engine/Transient.CharacterMovementComponent_3) Not registered. Aborting.
[2014.10.18-01.53.35:411][478]BlueprintEditorCompileResults:Warning: Warning Unable to find variable with name 'SideViewCameraComponent' for  Get SideViewCameraComponent 
[2014.10.18-01.53.35:411][478]BlueprintEditorCompileResults:Warning: Warning Unable to find variable with name 'SideViewCameraComponent' for  Get SideViewCameraComponent 
[2014.10.18-01.53.35:411][478]BlueprintEditorCompileResults:Warning: Warning Unable to find variable with name 'SideViewCameraComponent' for  EnablePhaseGraphics 
[2014.10.18-01.53.35:411][478]BlueprintEditorCompileResults:Warning: Warning Unable to find variable with name 'SideViewCameraComponent' for  MovePlayerOverTime 
[2014.10.18-01.53.35:411][478]BlueprintEditorCompileResults:Warning: Warning Unable to find variable with name 'SideViewCameraComponent' for  Get SideViewCameraComponent 
[2014.10.18-01.53.35:411][478]BlueprintEditorCompileResults:Warning: Warning [0114.47] Compile of MyCharacter2 successful, but with 5 Warning(s) [in 120 ms]
[2014.10.18-01.53.46:334][816]BlueprintLog: New page: Compile MyCharacter2
[2014.10.18-01.53.46:661][816]LogBlueprint:Warning: [compiler] Warning Unable to find variable with name 'SideViewCameraComponent' for  Get SideViewCameraComponent 
[2014.10.18-01.53.46:661][816]LogBlueprint:Warning: [compiler] Warning Unable to find variable with name 'SideViewCameraComponent' for  Get SideViewCameraComponent 
[2014.10.18-01.53.46:664][816]LogBlueprint:Warning: [compiler] Warning Unable to find variable with name 'SideViewCameraComponent' for  EnablePhaseGraphics 
[2014.10.18-01.53.46:665][816]LogBlueprint:Warning: [compiler] Warning Unable to find variable with name 'SideViewCameraComponent' for  MovePlayerOverTime 
[2014.10.18-01.53.46:727][816]LogBlueprint:Warning: [compiler] Warning [0125.98] Compile of MyCharacter2 successful, but with 4 Warning(s) [in 135 ms]
[2014.10.18-01.53.46:827][816]LogActorComponent: UnregisterComponent: (/Engine/Transient.CharacterMovementComponent_4) Not registered. Aborting.
[2014.10.18-01.53.46:941][816]BlueprintEditorCompileResults:Warning: Warning Unable to find variable with name 'SideViewCameraComponent' for  Get SideViewCameraComponent 
[2014.10.18-01.53.46:942][816]BlueprintEditorCompileResults:Warning: Warning Unable to find variable with name 'SideViewCameraComponent' for  Get SideViewCameraComponent 
[2014.10.18-01.53.46:942][816]BlueprintEditorCompileResults:Warning: Warning Unable to find variable with name 'SideViewCameraComponent' for  EnablePhaseGraphics 
[2014.10.18-01.53.46:942][816]BlueprintEditorCompileResults:Warning: Warning Unable to find variable with name 'SideViewCameraComponent' for  MovePlayerOverTime 
[2014.10.18-01.53.46:942][816]BlueprintEditorCompileResults:Warning: Warning [0125.98] Compile of MyCharacter2 successful, but with 4 Warning(s) [in 135 ms]
[2014.10.18-01.53.48:512][866]BlueprintLog: New page: Compile MyCharacter2
[2014.10.18-01.53.48:816][866]LogBlueprint:Warning: [compiler] Warning Unable to find variable with name 'SideViewCameraComponent' for  Get SideViewCameraComponent 
[2014.10.18-01.53.48:817][866]LogBlueprint:Warning: [compiler] Warning Unable to find variable with name 'SideViewCameraComponent' for  Get SideViewCameraComponent 
[2014.10.18-01.53.48:820][866]LogBlueprint:Warning: [compiler] Warning Unable to find variable with name 'SideViewCameraComponent' for  EnablePhaseGraphics 
[2014.10.18-01.53.48:822][866]LogBlueprint:Warning: [compiler] Warning Unable to find variable with name 'SideViewCameraComponent' for  MovePlayerOverTime 
[2014.10.18-01.53.48:880][866]LogBlueprint:Warning: [compiler] Warning [0128.13] Compile of MyCharacter2 successful, but with 4 Warning(s) [in 124 ms]
[2014.10.18-01.53.48:985][866]LogActorComponent: UnregisterComponent: (/Engine/Transient.CharacterMovementComponent_5) Not registered. Aborting.
[2014.10.18-01.53.49:092][866]BlueprintEditorCompileResults:Warning: Warning Unable to find variable with name 'SideViewCameraComponent' for  Get SideViewCameraComponent 
[2014.10.18-01.53.49:092][866]BlueprintEditorCompileResults:Warning: Warning Unable to find variable with name 'SideViewCameraComponent' for  Get SideViewCameraComponent 
[2014.10.18-01.53.49:092][866]BlueprintEditorCompileResults:Warning: Warning Unable to find variable with name 'SideViewCameraComponent' for  EnablePhaseGraphics 
[2014.10.18-01.53.49:092][866]BlueprintEditorCompileResults:Warning: Warning Unable to find variable with name 'SideViewCameraComponent' for  MovePlayerOverTime 
[2014.10.18-01.53.49:093][866]BlueprintEditorCompileResults:Warning: Warning [0128.13] Compile of MyCharacter2 successful, but with 4 Warning(s) [in 124 ms]
[2014.10.18-01.54.22:698][840]BlueprintLog: New page: Compile MyCharacter2
[2014.10.18-01.54.23:010][840]LogBlueprint:Warning: [compiler] Warning Unable to find variable with name 'SideViewCameraComponent' for  EnablePhaseGraphics 
[2014.10.18-01.54.23:011][840]LogBlueprint:Warning: [compiler] Warning Unable to find variable with name 'SideViewCameraComponent' for  MovePlayerOverTime 
[2014.10.18-01.54.23:067][840]LogBlueprint:Warning: [compiler] Warning [0162.32] Compile of MyCharacter2 successful, but with 2 Warning(s) [in 124 ms]
[2014.10.18-01.54.23:165][840]LogActorComponent: UnregisterComponent: (/Engine/Transient.CharacterMovementComponent_6) Not registered. Aborting.
[2014.10.18-01.54.23:290][840]BlueprintEditorCompileResults:Warning: Warning Unable to find variable with name 'SideViewCameraComponent' for  EnablePhaseGraphics 
[2014.10.18-01.54.23:291][840]BlueprintEditorCompileResults:Warning: Warning Unable to find variable with name 'SideViewCameraComponent' for  MovePlayerOverTime 
[2014.10.18-01.54.23:291][840]BlueprintEditorCompileResults:Warning: Warning [0162.32] Compile of MyCharacter2 successful, but with 2 Warning(s) [in 124 ms]
[2014.10.18-01.54.43:827][485]BlueprintLog: New page: Compile MyCharacter2
[2014.10.18-01.54.44:157][485]LogBlueprint:Warning: [compiler] Warning Unable to find variable with name 'SideViewCameraComponent' for  EnablePhaseGraphics 
[2014.10.18-01.54.44:158][485]LogBlueprint:Warning: [compiler] Warning Unable to find variable with name 'SideViewCameraComponent' for  MovePlayerOverTime 
[2014.10.18-01.54.44:211][485]LogBlueprint:Warning: [compiler] Warning [0183.46] Compile of MyCharacter2 successful, but with 2 Warning(s) [in 124 ms]
[2014.10.18-01.54.44:305][485]LogActorComponent: UnregisterComponent: (/Engine/Transient.CharacterMovementComponent_7) Not registered. Aborting.
[2014.10.18-01.54.44:416][485]BlueprintEditorCompileResults:Warning: Warning Unable to find variable with name 'SideViewCameraComponent' for  EnablePhaseGraphics 
[2014.10.18-01.54.44:416][485]BlueprintEditorCompileResults:Warning: Warning Unable to find variable with name 'SideViewCameraComponent' for  MovePlayerOverTime 
[2014.10.18-01.54.44:416][485]BlueprintEditorCompileResults:Warning: Warning [0183.46] Compile of MyCharacter2 successful, but with 2 Warning(s) [in 124 ms]
[2014.10.18-01.54.58:388][890]BlueprintLog: New page: Compile MyCharacter2
[2014.10.18-01.54.58:718][890]LogBlueprint:Warning: [compiler] Warning Unable to find variable with name 'SideViewCameraComponent' for  EnablePhaseGraphics 
[2014.10.18-01.54.58:719][890]LogBlueprint:Warning: [compiler] Warning Unable to find variable with name 'SideViewCameraComponent' for  MovePlayerOverTime 
[2014.10.18-01.54.58:772][890]LogBlueprint:Warning: [compiler] Warning [0198.02] Compile of MyCharacter2 successful, but with 2 Warning(s) [in 113 ms]
[2014.10.18-01.54.58:877][890]LogActorComponent: UnregisterComponent: (/Engine/Transient.CharacterMovementComponent_8) Not registered. Aborting.
[2014.10.18-01.54.58:996][890]BlueprintEditorCompileResults:Warning: Warning Unable to find variable with name 'SideViewCameraComponent' for  EnablePhaseGraphics 
[2014.10.18-01.54.58:996][890]BlueprintEditorCompileResults:Warning: Warning Unable to find variable with name 'SideViewCameraComponent' for  MovePlayerOverTime 
[2014.10.18-01.54.58:996][890]BlueprintEditorCompileResults:Warning: Warning [0198.02] Compile of MyCharacter2 successful, but with 2 Warning(s) [in 113 ms]
[2014.10.18-01.55.12:608][260]BlueprintLog: New page: Compile MyCharacter2
[2014.10.18-01.55.13:061][260]LogActorComponent: UnregisterComponent: (/Engine/Transient.CharacterMovementComponent_9) Not registered. Aborting.
[2014.10.18-01.55.13:167][260]BlueprintEditorCompileResults: Info [0212.22] Compile of MyCharacter2 successful! [in 120 ms]
[2014.10.18-01.55.17:528][403]LogSlate:Warning: Prevented a slow task dialog from being summoned while a context menu was open
[2014.10.18-01.55.25:379][901]BlueprintLog: New page: Pre-PIE auto-recompile
[2014.10.18-01.55.25:380][901]LogPlayLevel: [PIE] Compiling Example_Map before PIE...
[2014.10.18-01.55.25:487][901]LogActorComponent: UnregisterComponent: (/Engine/Transient.CharacterMovementComponent_10) Not registered. Aborting.
[2014.10.18-01.55.25:533][901]LogPlayLevel: PIE:  Blueprint regeneration took 154 ms (1 blueprints)
[2014.10.18-01.55.25:534][901]PIE: New page: PIE session: Example_Map (Oct 17, 2014, 1:55:25 PM)
[2014.10.18-01.55.25:562][901]LogPlayLevel: PIE: StaticDuplicateObject took: (0.028678s)
[2014.10.18-01.55.25:563][901]LogPlayLevel: PIE: World Init took: (0.000641s)
[2014.10.18-01.55.25:563][901]LogPlayLevel: PIE: Created PIE world by copying editor world from /Game/Maps/Example_Map.Example_Map to /Game/Maps/UEDPIE_0_Example_Map.Example_Map (0.029511s)
[2014.10.18-01.55.25:649][901]LogWorld: Game class is 'PhaseGameMode_C'
[2014.10.18-01.55.25:650][901]LogAIModule: Creating AISystem for world Example_Map
[2014.10.18-01.55.25:658][901]LogWorld:Warning: *** WARNING - PATHS MAY NOT BE VALID ***
[2014.10.18-01.55.25:658][901]LogWorld: Bringing World /Game/Maps/UEDPIE_0_Example_Map.Example_Map up for play (max tick rate 0) at 2014.10.17-19.55.25
[2014.10.18-01.55.25:658][901]LogWorld: Bringing up level for play took: 0.008172
[2014.10.18-01.55.25:669][901]PIE: Info Play in editor start time for /Game/Maps/UEDPIE_0_Example_Map 0.434
[2014.10.18-01.55.25:710][901]LogRenderer:Warning: Reallocating scene render targets to support 1936x1056.
[2014.10.18-01.55.31:622][184]LogParticles: Destroying 0 GPU particle simulations for FXSystem 0x0000000020265BC0
[2014.10.18-01.55.44:984][795]BlueprintLog: New page: Pre-PIE auto-recompile
[2014.10.18-01.55.44:984][795]LogPlayLevel: [PIE] Compiling Example_Map before PIE...
[2014.10.18-01.55.45:098][795]LogPlayLevel: PIE:  Blueprint regeneration took 113 ms (1 blueprints)
[2014.10.18-01.55.45:098][795]PIE: New page: PIE session: Example_Map (Oct 17, 2014, 1:55:45 PM)
[2014.10.18-01.55.45:129][795]LogPlayLevel: PIE: StaticDuplicateObject took: (0.031450s)
[2014.10.18-01.55.45:130][795]LogPlayLevel: PIE: World Init took: (0.000972s)
[2014.10.18-01.55.45:131][795]LogPlayLevel: PIE: Created PIE world by copying editor world from /Game/Maps/Example_Map.Example_Map to /Game/Maps/UEDPIE_0_Example_Map.Example_Map (0.032698s)
[2014.10.18-01.55.45:196][795]LogWorld: Game class is 'PhaseGameMode_C'
[2014.10.18-01.55.45:198][795]LogAIModule: Creating AISystem for world Example_Map
[2014.10.18-01.55.45:205][795]LogWorld:Warning: *** WARNING - PATHS MAY NOT BE VALID ***
[2014.10.18-01.55.45:205][795]LogWorld: Bringing World /Game/Maps/UEDPIE_0_Example_Map.Example_Map up for play (max tick rate 0) at 2014.10.17-19.55.45
[2014.10.18-01.55.45:206][795]LogWorld: Bringing up level for play took: 0.008284
[2014.10.18-01.55.45:218][795]PIE: Info Play in editor start time for /Game/Maps/UEDPIE_0_Example_Map -0.017
[2014.10.18-01.55.57:229][215]LogParticles: Destroying 0 GPU particle simulations for FXSystem 0x0000000013EA2DE0
[2014.10.18-01.56.43:468][182]LogParticles: Destroying 0 GPU particle simulations for FXSystem 0x0000000021E1E700
[2014.10.18-01.56.43:468][182]LogParticles: Destroying 0 GPU particle simulations for FXSystem 0x0000000027CF9940
[2014.10.18-01.56.46:011][183]Cmd: QUIT_EDITOR
[2014.10.18-01.56.46:213][183]LogWindowsTextInputMethodSystem:Error: Terminating failed while unadvising the language notification sink from the TSF source.
[2014.10.18-01.56.46:214][183]LogExit: Preparing to exit.
[2014.10.18-01.56.46:772][183]LogExit: Editor shut down
[2014.10.18-01.56.46:772][183]LogExit: Transaction tracking system shut down
[2014.10.18-01.56.46:774][183]LogParticles: Destroying 0 GPU particle simulations for FXSystem 0x000000000B5BE160
[2014.10.18-01.56.46:774][183]LogParticles: Destroying 0 GPU particle simulations for FXSystem 0x000000000B0D3880
[2014.10.18-01.56.46:774][183]LogParticles: Destroying 0 GPU particle simulations for FXSystem 0x000000000B0D37E0
[2014.10.18-01.56.46:828][183]LogExit: Object subsystem successfully closed.
[2014.10.18-01.56.46:866][183]LogModuleManager: Shutting down and abandoning module HTTP (154)
[2014.10.18-01.56.46:866][183]LogModuleManager: Shutting down and abandoning module CrashTracker (153)
[2014.10.18-01.56.46:866][183]LogModuleManager: Shutting down and abandoning module SuperSearch (152)
[2014.10.18-01.56.46:866][183]LogModuleManager: Shutting down and abandoning module SceneOutliner (151)
[2014.10.18-01.56.46:866][183]LogModuleManager: Shutting down and abandoning module EditorWidgets (150)
[2014.10.18-01.56.46:866][183]LogModuleManager: Shutting down and abandoning module CollectionManager (149)
[2014.10.18-01.56.46:866][183]LogModuleManager: Shutting down and abandoning module StatsViewer (148)
[2014.10.18-01.56.46:866][183]LogModuleManager: Shutting down and abandoning module FoliageEdit (147)
[2014.10.18-01.56.46:866][183]LogModuleManager: Shutting down and abandoning module LandscapeEditor (146)
[2014.10.18-01.56.46:866][183]LogModuleManager: Shutting down and abandoning module MeshPaint (145)
[2014.10.18-01.56.46:866][183]LogModuleManager: Shutting down and abandoning module ActorPickerMode (144)
[2014.10.18-01.56.46:867][183]LogModuleManager: Shutting down and abandoning module GeometryMode (143)
[2014.10.18-01.56.46:867][183]LogModuleManager: Shutting down and abandoning module TextureAlignMode (142)
[2014.10.18-01.56.46:867][183]LogModuleManager: Shutting down and abandoning module BspMode (141)
[2014.10.18-01.56.46:867][183]LogModuleManager: Shutting down and abandoning module PlacementMode (140)
[2014.10.18-01.56.46:867][183]LogModuleManager: Shutting down and abandoning module DesktopPlatform (139)
[2014.10.18-01.56.46:867][183]LogModuleManager: Shutting down and abandoning module AutomationWorker (138)
[2014.10.18-01.56.46:867][183]LogModuleManager: Shutting down and abandoning module EditorLiveStreaming (137)
[2014.10.18-01.56.46:867][183]LogModuleManager: Shutting down and abandoning module BehaviorTreeEditor (136)
[2014.10.18-01.56.46:867][183]LogModuleManager: Shutting down and abandoning module DeviceProfileEditor (135)
[2014.10.18-01.56.46:867][183]LogModuleManager: Shutting down and abandoning module UndoHistory (134)
[2014.10.18-01.56.46:867][183]LogModuleManager: Shutting down and abandoning module GameplayTagsEditor (133)
[2014.10.18-01.56.46:867][183]LogModuleManager: Shutting down and abandoning module UserFeedback (132)
[2014.10.18-01.56.46:867][183]LogModuleManager: Shutting down and abandoning module XmlParser (131)
[2014.10.18-01.56.46:867][183]LogModuleManager: Shutting down and abandoning module Blutility (130)
[2014.10.18-01.56.46:867][183]LogModuleManager: Shutting down and abandoning module IOSPlatformEditor (129)
[2014.10.18-01.56.46:867][183]LogModuleManager: Shutting down and abandoning module IOSRuntimeSettings (128)
[2014.10.18-01.56.46:867][183]LogModuleManager: Shutting down and abandoning module ProjectTargetPlatformEditor (125)
[2014.10.18-01.56.46:867][183]LogModuleManager: Shutting down and abandoning module ProjectSettingsViewer (124)
[2014.10.18-01.56.46:867][183]LogModuleManager: Shutting down and abandoning module InputBindingEditor (123)
[2014.10.18-01.56.46:867][183]LogModuleManager: Shutting down and abandoning module EditorSettingsViewer (122)
[2014.10.18-01.56.46:867][183]LogModuleManager: Shutting down and abandoning module SettingsEditor (121)
[2014.10.18-01.56.46:867][183]LogModuleManager: Shutting down and abandoning module SessionLauncher (120)
[2014.10.18-01.56.46:867][183]LogModuleManager: Shutting down and abandoning module SessionFrontend (119)
[2014.10.18-01.56.46:867][183]LogModuleManager: Shutting down and abandoning module ProfilerClient (118)
[2014.10.18-01.56.46:867][183]LogModuleManager: Shutting down and abandoning module TargetDeviceServices (117)
[2014.10.18-01.56.46:867][183]LogModuleManager: Shutting down and abandoning module DeviceManager (116)
[2014.10.18-01.56.46:867][183]LogModuleManager: Shutting down and abandoning module AutomationController (115)
[2014.10.18-01.56.46:867][183]LogModuleManager: Shutting down and abandoning module AutomationWindow (114)
[2014.10.18-01.56.46:867][183]LogModuleManager: Shutting down and abandoning module Layers (113)
[2014.10.18-01.56.46:867][183]LogModuleManager: Shutting down and abandoning module ComponentVisualizers (112)
[2014.10.18-01.56.46:867][183]LogModuleManager: Shutting down and abandoning module DetailCustomizations (111)
[2014.10.18-01.56.46:867][183]LogModuleManager: Shutting down and abandoning module PackagesDialog (110)
[2014.10.18-01.56.46:868][183]LogModuleManager: Shutting down and abandoning module Persona (109)
[2014.10.18-01.56.46:868][183]LogModuleManager: Shutting down and abandoning module GraphEditor (108)
[2014.10.18-01.56.46:868][183]LogModuleManager: Shutting down and abandoning module ClassViewer (107)
[2014.10.18-01.56.46:868][183]LogModuleManager: Shutting down and abandoning module Toolbox (106)
[2014.10.18-01.56.46:868][183]LogModuleManager: Shutting down and abandoning module ModuleUI (105)
[2014.10.18-01.56.46:868][183]LogModuleManager: Shutting down and abandoning module Sequencer (104)
[2014.10.18-01.56.46:868][183]LogModuleManager: Shutting down and abandoning module MovieSceneTools (103)
[2014.10.18-01.56.46:868][183]LogModuleManager: Shutting down and abandoning module OutputLog (102)
[2014.10.18-01.56.46:868][183]LogModuleManager: Shutting down and abandoning module GammaUI (101)
[2014.10.18-01.56.46:868][183]LogModuleManager: Shutting down and abandoning module Documentation (100)
[2014.10.18-01.56.46:868][183]LogModuleManager: Shutting down and abandoning module GameLiveStreaming (99)
[2014.10.18-01.56.46:868][183]LogModuleManager: Shutting down and abandoning module StreamingPauseRendering (98)
[2014.10.18-01.56.46:868][183]LogModuleManager: Shutting down and abandoning module AnalyticsET (97)
[2014.10.18-01.56.46:868][183]LogModuleManager: Shutting down and abandoning module Analytics (96)
[2014.10.18-01.56.46:868][183]LogModuleManager: Shutting down and abandoning module GameplayDebugger (95)
[2014.10.18-01.56.46:868][183]LogModuleManager: Shutting down and abandoning module AIModule (94)
[2014.10.18-01.56.46:868][183]LogModuleManager: Shutting down and abandoning module ProfilerService (93)
[2014.10.18-01.56.46:923][183]LogModuleManager: Shutting down and abandoning module TaskGraph (92)
[2014.10.18-01.56.46:923][183]LogModuleManager: Shutting down and abandoning module SlateRemote (91)
[2014.10.18-01.56.46:923][183]LogModuleManager: Shutting down and abandoning module ScriptEditorPlugin (90)
[2014.10.18-01.56.46:923][183]LogModuleManager: Shutting down and abandoning module CustomMeshComponent (89)
[2014.10.18-01.56.46:923][183]LogModuleManager: Shutting down and abandoning module CableComponent (88)
[2014.10.18-01.56.46:923][183]LogModuleManager: Shutting down and abandoning module MessagingDebugger (87)
[2014.10.18-01.56.46:923][183]LogModuleManager: Shutting down and abandoning module ViewportSnapping (86)
[2014.10.18-01.56.46:923][183]LogModuleManager: Shutting down and abandoning module SmartSnapping (85)
[2014.10.18-01.56.46:923][183]LogModuleManager: Shutting down and abandoning module PaperTiledImporter (84)
[2014.10.18-01.56.46:923][183]LogModuleManager: Shutting down and abandoning module PaperJsonImporter (83)
[2014.10.18-01.56.46:923][183]LogModuleManager: Shutting down and abandoning module GameProjectGeneration (82)
[2014.10.18-01.56.46:923][183]LogModuleManager: Shutting down and abandoning module Matinee (81)
[2014.10.18-01.56.46:923][183]LogModuleManager: Shutting down and abandoning module Kismet (80)
[2014.10.18-01.56.46:923][183]LogModuleManager: Shutting down and abandoning module SlateReflector (79)
[2014.10.18-01.56.46:923][183]LogModuleManager: Shutting down and abandoning module LevelEditor (78)
[2014.10.18-01.56.46:924][183]LogModuleManager: Shutting down and abandoning module IntroTutorials (77)
[2014.10.18-01.56.46:924][183]LogModuleManager: Shutting down and abandoning module ContentBrowser (76)
[2014.10.18-01.56.46:924][183]LogModuleManager: Shutting down and abandoning module PropertyEditor (75)
[2014.10.18-01.56.46:924][183]LogModuleManager: Shutting down and abandoning module AssetTools (74)
[2014.10.18-01.56.46:924][183]LogModuleManager: Shutting down and abandoning module Paper2DEditor (73)
[2014.10.18-01.56.46:924][183]LogModuleManager: Shutting down and abandoning module SpeedTreeImporter (72)
[2014.10.18-01.56.46:924][183]LogModuleManager: Shutting down and abandoning module PluginsEditor (71)
[2014.10.18-01.56.46:924][183]LogModuleManager: Shutting down and abandoning module MainFrame (70)
[2014.10.18-01.56.46:924][183]LogModuleManager: Shutting down and abandoning module EpicSurvey (69)
[2014.10.18-01.56.46:924][183]LogModuleManager: Shutting down and abandoning module VisualStudioSourceCodeAccess (68)
[2014.10.18-01.56.46:924][183]LogModuleManager: Shutting down and abandoning module UObjectPlugin (67)
[2014.10.18-01.56.46:924][183]LogModuleManager: Shutting down and abandoning module SubversionSourceControl (66)
[2014.10.18-01.56.46:924][183]LogModuleManager: Shutting down and abandoning module SourceControl (65)
[2014.10.18-01.56.46:924][183]LogModuleManager: Shutting down and abandoning module PerforceSourceControl (64)
[2014.10.18-01.56.46:924][183]LogModuleManager: Shutting down and abandoning module BlankPlugin (63)
[2014.10.18-01.56.46:924][183]LogModuleManager: Shutting down and abandoning module DirectoryWatcher (62)
[2014.10.18-01.56.46:924][183]LogModuleManager: Shutting down and abandoning module AssetRegistry (61)
[2014.10.18-01.56.47:029][183]LogModuleManager: Shutting down and abandoning module Practice (60)
[2014.10.18-01.56.47:029][183]LogModuleManager: Shutting down and abandoning module ScriptPlugin (59)
[2014.10.18-01.56.47:029][183]LogModuleManager: Shutting down and abandoning module UdpMessaging (58)
[2014.10.18-01.56.47:129][183]LogModuleManager: Shutting down and abandoning module Paper2D (57)
[2014.10.18-01.56.47:129][183]LogModuleManager: Shutting down and abandoning module WindowsMoviePlayer (56)
[2014.10.18-01.56.47:134][183]LogModuleManager: Shutting down and abandoning module ImageWrapper (55)
[2014.10.18-01.56.47:134][183]LogModuleManager: Shutting down and abandoning module OnlineBlueprintSupport (54)
[2014.10.18-01.56.47:134][183]LogModuleManager: Shutting down and abandoning module FunctionalTesting (53)
[2014.10.18-01.56.47:135][183]LogModuleManager: Shutting down and abandoning module CollisionAnalyzer (52)
[2014.10.18-01.56.47:135][183]LogModuleManager: Shutting down and abandoning module WorkspaceMenuStructure (51)
[2014.10.18-01.56.47:135][183]LogModuleManager: Shutting down and abandoning module MessageLog (50)
[2014.10.18-01.56.47:135][183]LogModuleManager: Shutting down and abandoning module UMGEditor (49)
[2014.10.18-01.56.47:135][183]LogModuleManager: Shutting down and abandoning module UMG (48)
[2014.10.18-01.56.47:135][183]LogModuleManager: Shutting down and abandoning module Slate (47)
[2014.10.18-01.56.47:135][183]LogModuleManager: Shutting down and abandoning module EditorStyle (46)
[2014.10.18-01.56.47:137][183]LogModuleManager: Shutting down and abandoning module SessionServices (45)
[2014.10.18-01.56.47:137][183]LogModuleManager: Shutting down and abandoning module SourceCodeAccess (44)
[2014.10.18-01.56.47:137][183]LogModuleManager: Shutting down and abandoning module HeadMountedDisplay (43)
[2014.10.18-01.56.47:137][183]LogModuleManager: Shutting down and abandoning module XAudio2 (42)
[2014.10.18-01.56.47:138][183]LogModuleManager: Shutting down and abandoning module Networking (40)
[2014.10.18-01.56.47:138][183]LogModuleManager: Shutting down and abandoning module Core (39)
[2014.10.18-01.56.47:138][183]LogModuleManager: Shutting down and abandoning module KismetCompiler (38)
[2014.10.18-01.56.47:138][183]LogModuleManager: Shutting down and abandoning module PhysXFormats (37)
[2014.10.18-01.56.47:138][183]LogModuleManager: Shutting down and abandoning module MeshUtilities (36)
[2014.10.18-01.56.47:138][183]LogModuleManager: Shutting down and abandoning module DerivedDataCache (35)
[2014.10.18-01.56.47:198][183]LogDerivedDataCache: Shutdown
[2014.10.18-01.56.47:198][183]LogModuleManager: Shutting down and abandoning module ShaderFormatOpenGL (34)
[2014.10.18-01.56.47:198][183]LogModuleManager: Shutting down and abandoning module ShaderFormatD3D (33)
[2014.10.18-01.56.47:198][183]LogModuleManager: Shutting down and abandoning module MetalShaderFormat (32)
[2014.10.18-01.56.47:198][183]LogModuleManager: Shutting down and abandoning module TextureFormatUncompressed (31)
[2014.10.18-01.56.47:198][183]LogModuleManager: Shutting down and abandoning module TextureFormatPVR (30)
[2014.10.18-01.56.47:198][183]LogModuleManager: Shutting down and abandoning module TextureFormatDXT (29)
[2014.10.18-01.56.47:198][183]LogModuleManager: Shutting down and abandoning module AudioFormatOpus (28)
[2014.10.18-01.56.47:198][183]LogModuleManager: Shutting down and abandoning module AudioFormatOgg (27)
[2014.10.18-01.56.47:198][183]LogModuleManager: Shutting down and abandoning module AudioFormatADPCM (26)
[2014.10.18-01.56.47:199][183]LogModuleManager: Shutting down and abandoning module Messaging (25)
[2014.10.18-01.56.47:199][183]LogModuleManager: Shutting down and abandoning module IOSTargetPlatform (24)
[2014.10.18-01.56.47:199][183]LogModuleManager: Shutting down and abandoning module WindowsTargetPlatform (23)
[2014.10.18-01.56.47:199][183]LogModuleManager: Shutting down and abandoning module WindowsServerTargetPlatform (22)
[2014.10.18-01.56.47:199][183]LogModuleManager: Shutting down and abandoning module WindowsNoEditorTargetPlatform (21)
[2014.10.18-01.56.47:199][183]LogModuleManager: Shutting down and abandoning module WindowsClientTargetPlatform (20)
[2014.10.18-01.56.47:199][183]LogModuleManager: Shutting down and abandoning module TargetPlatform (19)
[2014.10.18-01.56.47:199][183]LogModuleManager: Shutting down and abandoning module InputCore (18)
[2014.10.18-01.56.47:199][183]LogModuleManager: Shutting down and abandoning module Settings (17)
[2014.10.18-01.56.47:199][183]LogModuleManager: Shutting down and abandoning module ExampleDeviceProfileSelector (14)
[2014.10.18-01.56.47:199][183]LogModuleManager: Shutting down and abandoning module OculusRift (13)
[2014.10.18-01.56.47:199][183]LogModuleManager: Shutting down and abandoning module TextureCompressor (12)
[2014.10.18-01.56.47:199][183]LogModuleManager: Shutting down and abandoning module ShaderCore (11)
[2014.10.18-01.56.47:199][183]LogModuleManager: Shutting down and abandoning module OpenGLDrv (10)
[2014.10.18-01.56.47:199][183]LogModuleManager: Shutting down and abandoning module D3D11RHI (9)
[2014.10.18-01.56.47:199][183]LogModuleManager: Shutting down and abandoning module SlateRHIRenderer (8)
[2014.10.18-01.56.47:199][183]LogModuleManager: Shutting down and abandoning module Renderer (7)
[2014.10.18-01.56.47:199][183]LogModuleManager: Shutting down and abandoning module Engine (6)
[2014.10.18-01.56.47:199][183]LogModuleManager: Shutting down and abandoning module CoreUObject (5)
[2014.10.18-01.56.47:199][183]LogModuleManager: Shutting down and abandoning module NetworkFile (4)
[2014.10.18-01.56.47:199][183]LogModuleManager: Shutting down and abandoning module StreamingFile (3)
[2014.10.18-01.56.47:199][183]LogModuleManager: Shutting down and abandoning module SandboxFile (2)
[2014.10.18-01.56.47:199][183]LogModuleManager: Shutting down and abandoning module PakFile (1)
[2014.10.18-01.56.47:207][183]LogExit: Exiting.
[2014.10.18-01.56.47:214][183]Log file closed, 10/17/14 19:56:47
