Log file open, 10/18/14 23:44:00
LogInit:Display: Running engine for game: Practice
LogInit: Version: 4.4.3-0+UE4
LogInit: API Version: 0
LogInit: Compiled (64-bit): Sep 21 2014 18:12:07
LogInit: Build Configuration: Development
LogInit: Branch Name: UE4
LogInit: Command line: 
LogInit: Base directory: C:/Git_Repository/Unreal/UnrealEngine/Engine/Binaries/Win64/
LogInit: Rocket: 0
[2014.10.19-05.44.00:304][  0]LogTaskGraph: Started task graph with 3 named threads and 4 total threads.
[2014.10.19-05.44.00:343][  0]LogOnline:Warning: No default platform service specified for OnlineSubsystem
[2014.10.19-05.44.00:361][  0]LogInit: Presizing for 0 objects not considered by GC, pre-allocating 0 bytes.
[2014.10.19-05.44.00:369][  0]LogInit: Object subsystem initialized
[2014.10.19-05.44.00:371][  0]LogInit: Selected Device Profile: [Windows]
[2014.10.19-05.44.00:371][  0]LogInit: Applying CVar settings loaded from the selected device profile: [Windows]
[2014.10.19-05.44.00:375][  0]LogInit: Computer: LETHALMONGOOSE
[2014.10.19-05.44.00:375][  0]LogInit: User: Mongoose
[2014.10.19-05.44.00:376][  0]LogInit: CPU Page size=4096, Cores=4
[2014.10.19-05.44.00:376][  0]LogInit: High frequency timer resolution =3.128984 MHz
[2014.10.19-05.44.00:376][  0]LogMemory: Memory total: Physical=16.0GB (16GB approx) Virtual=8192.0GB
[2014.10.19-05.44.00:376][  0]LogMemory: Platform Memory Stats for Windows
[2014.10.19-05.44.00:376][  0]LogMemory: Process Physical Memory: 64.65 MB used, 64.65 MB peak
[2014.10.19-05.44.00:376][  0]LogMemory: Process Virtual Memory: 40.75 MB used, 40.75 MB peak
[2014.10.19-05.44.00:376][  0]LogMemory: Physical Memory: 7975.19 MB used, 16375.12 MB total
[2014.10.19-05.44.00:376][  0]LogMemory: Virtual Memory: 259.83 MB used, 8388608.00 MB total
[2014.10.19-05.44.00:402][  0]LogD3D11RHI: Found D3D11 adapter 0: NVIDIA GeForce GTX 580 (Feature Level 11_0)
[2014.10.19-05.44.00:402][  0]LogD3D11RHI: Adapter has 1487MB of dedicated video memory, 0MB of dedicated system memory, and 2559MB of shared system memory, 2 output[s]
[2014.10.19-05.44.00:402][  0]LogD3D11RHI: Chosen D3D11 Adapter Id = 0
[2014.10.19-05.44.00:406][  0]LogRHI: Texture pool is 1041 MB (70% of 1487 MB)
[2014.10.19-05.44.00:415][  0]LogD3D11RHI: Async texture creation enabled
[2014.10.19-05.44.00:519][  0]LogContentStreaming: Texture pool size is 0.000000MB
[2014.10.19-05.44.01:754][  0]LogTargetPlatformManager:Display: Building Assets For Windows
[2014.10.19-05.44.02:179][  0]LogTargetPlatformManager:Display: Building Assets For Windows
[2014.10.19-05.44.02:237][  0]LogDerivedDataCache:Display: Max Cache Size: 512 MB
[2014.10.19-05.44.02:446][  0]LogDerivedDataCache: Loaded boot cache 0.21s 42MB ../../../../../../Users/Mongoose/Documents/Unreal Projects/Practice/DerivedDataCache/Boot.ddc.
[2014.10.19-05.44.02:446][  0]LogDerivedDataCache:Display: Loaded Boot cache: ../../../../../../Users/Mongoose/Documents/Unreal Projects/Practice/DerivedDataCache/Boot.ddc
[2014.10.19-05.44.02:446][  0]LogDerivedDataCache: FDerivedDataBackendGraph:  Pak pak cache file ../../../../../../Users/Mongoose/Documents/Unreal Projects/Practice/DerivedDataCache/DDC.ddp not found, will not use a pak cache.
[2014.10.19-05.44.02:446][  0]LogDerivedDataCache: Unable to find inner node Pak for hierarchical cache Hierarchy.
[2014.10.19-05.44.02:446][  0]LogDerivedDataCache: FDerivedDataBackendGraph:  EnginePak pak cache file ../../../Engine/DerivedDataCache/DDC.ddp not found, will not use a pak cache.
[2014.10.19-05.44.02:446][  0]LogDerivedDataCache: Unable to find inner node EnginePak for hierarchical cache Hierarchy.
[2014.10.19-05.44.02:457][  0]LogDerivedDataCache: Using Local data cache path ../../../Engine/DerivedDataCache: Writable
[2014.10.19-05.44.02:457][  0]LogDerivedDataCache: Shared data cache path not found in *engine.ini, will not use an Shared cache.
[2014.10.19-05.44.02:457][  0]LogDerivedDataCache: Unable to find inner node Shared for hierarchical cache Hierarchy.
[2014.10.19-05.44.02:614][  0]LogMeshUtilities: No automatic mesh reduction module available
[2014.10.19-05.44.02:615][  0]LogMeshUtilities: No automatic mesh merging module available
[2014.10.19-05.44.02:972][  0]LogInit: WinSock: version 1.1 (2.2), MaxSocks=32767, MaxUdp=65467
[2014.10.19-05.44.03:709][  0]LogStats:Warning: MetaData mismatch. Did you assign a stat to two groups? New //STATGROUP_Threads//FMonitoredProcess///Thread_5afc_0///////STATCAT_Advanced//// old //STATGROUP_Threads//FMonitoredProcess///Thread_4ab8_0///////STATCAT_Advanced////
[2014.10.19-05.44.03:709][  0]UdpMessaging: Initializing bridge on interface 0.0.0.0:0 to multicast group 230.0.0.1:6666.
[2014.10.19-05.44.04:312][  0]LogAssetRegistry: FAssetRegistry took 0.0093 seconds to start up
[2014.10.19-05.44.04:407][  0]SourceControl: Info Source control is disabled
[2014.10.19-05.44.04:407][  0]SourceControl: Info Source control is disabled
[2014.10.19-05.44.04:415][  0]SourceControl: Info Source control is disabled
[2014.10.19-05.44.04:623][  0]BlueprintLog: New page: Editor Load
[2014.10.19-05.44.04:746][  0]LogObj: 39086 objects as part of root set at end of initial load.
[2014.10.19-05.44.04:746][  0]LogUObjectAllocator: 9866440 out of 0 bytes used by permanent object pool.
[2014.10.19-05.44.04:925][  0]LogEngine: Initializing Engine...
[2014.10.19-05.44.05:040][  0]LogInit: XAudio2 using 'Speakers (SoundMAX Integrated Digital HD Audio)' : 2 channels at 44.1 kHz using 16 bits per sample (channel mask 0x3)
[2014.10.19-05.44.05:052][  0]LogInit: FAudioDevice initialized.
[2014.10.19-05.44.05:075][  0]LogAIModule: Creating AISystem for world NewWorld
[2014.10.19-05.44.05:098][  0]LogDerivedDataCache: Saved boot cache 0.02s 42MB ../../../../../../Users/Mongoose/Documents/Unreal Projects/Practice/DerivedDataCache/Boot.ddc.
[2014.10.19-05.44.05:104][  0]LogInit: Texture streaming: Enabled
[2014.10.19-05.44.05:141][  0]LogInit: Transaction tracking system initialized
[2014.10.19-05.44.05:717][  0]LogTargetPlatformManager:Display: Building Assets For Windows
[2014.10.19-05.44.06:034][  0]LogTargetPlatformManager:Display: Building Assets For Windows
[2014.10.19-05.44.06:086][  0]LogModuleManager:Warning: ModuleManager: Unable to load module 'AndroidRuntimeSettings' because the file 'C:/Git_Repository/Unreal/UnrealEngine/Engine/Binaries/Win64/' was not found.
[2014.10.19-05.44.06:094][  0]LogModuleManager:Warning: ModuleManager: Unable to load module 'AndroidPlatformEditor' because the file 'C:/Git_Repository/Unreal/UnrealEngine/Engine/Binaries/Win64/' was not found.
[2014.10.19-05.44.06:198][  0]LogConsoleResponse:Display: 
[2014.10.19-05.44.06:385][  0]LogStats:Warning: MetaData mismatch. Did you assign a stat to two groups? New //STATGROUP_Threads//FMonitoredProcess///Thread_98d8_0///////STATCAT_Advanced//// old //STATGROUP_Threads//FMonitoredProcess///Thread_4ab8_0///////STATCAT_Advanced////
[2014.10.19-05.44.06:385][  0]LogStats:Warning: MetaData mismatch. Did you assign a stat to two groups? New //STATGROUP_Threads//FMonitoredProcess///Thread_6c50_0///////STATCAT_Advanced//// old //STATGROUP_Threads//FMonitoredProcess///Thread_4ab8_0///////STATCAT_Advanced////
[2014.10.19-05.44.06:385][  0]SourceControl: Info Source control is disabled
[2014.10.19-05.44.06:385][  0]Cmd: MAP LOAD FILE="../../../../../../Users/Mongoose/Documents/Unreal Projects/Practice/Content/Maps/Example_Map.umap" TEMPLATE=0 SHOWPROGRESS=1
[2014.10.19-05.44.06:387][  0]LightingResults: New page: Lighting Build
[2014.10.19-05.44.06:397][  0]MapCheck: New page: Map Check
[2014.10.19-05.44.06:397][  0]LightingResults: New page: Lighting Build
[2014.10.19-05.44.06:421][  0]LogParticles: Destroying 0 GPU particle simulations for FXSystem 0x0000000018D6DF80
[2014.10.19-05.44.07:922][  0]LogEditorServer: Finished looking for orphan Actors (0.000 secs)
[2014.10.19-05.44.07:922][  0]LogAIModule: Creating AISystem for world Example_Map
[2014.10.19-05.44.07:922][  0]Cmd: MAP CHECKDEP
[2014.10.19-05.44.07:922][  0]MapCheck: New page: Example_Map - Oct 18, 2014, 5:44:07 PM
[2014.10.19-05.44.07:993][  0]MapCheck: Info ========== Map Check: 0 Error(s), 0 Warning(s), [70.974ms] ==========
[2014.10.19-05.44.07:994][  0]LogFileHelpers: Loading map 'Example_Map' took 1.609
[2014.10.19-05.44.08:112][  0]LogCollectionManager: Loaded 0 collections in 0.001961 seconds
[2014.10.19-05.44.08:457][  0]LogCrashTracker: Crashtracker disabled due to settings.
[2014.10.19-05.44.08:524][  0]LogInit: Using libcurl 7.34.0
[2014.10.19-05.44.08:524][  0]LogInit:  - built for x86_64-pc-win32
[2014.10.19-05.44.08:524][  0]LogInit:  - supports SSL with WinSSL
[2014.10.19-05.44.08:524][  0]LogInit:  - other features:
[2014.10.19-05.44.08:524][  0]LogInit:      CURL_VERSION_SSL
[2014.10.19-05.44.08:524][  0]LogInit:      CURL_VERSION_ASYNCHDNS
[2014.10.19-05.44.08:524][  0]LogInit:      CURL_VERSION_LARGEFILE
[2014.10.19-05.44.08:524][  0]LogInit:      CURL_VERSION_IDN
[2014.10.19-05.44.08:524][  0]LogInit: Libcurl will NOT reuse connections
[2014.10.19-05.44.08:548][  0]LogLoad: Full Startup: 10.10 seconds (BP compile: 0.76 seconds)
[2014.10.19-05.44.08:561][  0]LogContentBrowser:Verbose: The content browser source was changed by the sources view to '/Game/Blueprints'
[2014.10.19-05.44.08:642][  0]LogRenderer:Warning: Reallocating scene render targets to support 32x32.
[2014.10.19-05.44.08:729][  0]LogRenderer:Warning: Reallocating scene render targets to support 896x912.
[2014.10.19-05.44.09:120][  3]LogAssetRegistry: Asset discovery search completed in 4.8180 seconds
[2014.10.19-05.44.10:814][ 57]BlueprintLog: New page: Pre-PIE auto-recompile
[2014.10.19-05.44.10:814][ 57]LogPlayLevel: [PIE] Compiling Example_Map before PIE...
[2014.10.19-05.44.10:911][ 57]LogActorComponent: UnregisterComponent: (/Engine/Transient.CharacterMovementComponent_0) Not registered. Aborting.
[2014.10.19-05.44.10:911][ 57]LogActorComponent: UnregisterComponent: (/Engine/Transient.CharacterMovementComponent_1) Not registered. Aborting.
[2014.10.19-05.44.10:976][ 57]LogPlayLevel: PIE:  Blueprint regeneration took 162 ms (1 blueprints)
[2014.10.19-05.44.10:977][ 57]PIE: New page: PIE session: Example_Map (Oct 18, 2014, 5:44:10 PM)
[2014.10.19-05.44.11:003][ 57]LogPlayLevel: PIE: StaticDuplicateObject took: (0.025979s)
[2014.10.19-05.44.11:004][ 57]LogPlayLevel: PIE: World Init took: (0.000893s)
[2014.10.19-05.44.11:004][ 57]LogPlayLevel: PIE: Created PIE world by copying editor world from /Game/Maps/Example_Map.Example_Map to /Game/Maps/UEDPIE_0_Example_Map.Example_Map (0.027338s)
[2014.10.19-05.44.11:074][ 57]LogWorld: Game class is 'PhaseGameMode_C'
[2014.10.19-05.44.11:079][ 57]LogAIModule: Creating AISystem for world Example_Map
[2014.10.19-05.44.11:086][ 57]LogWorld:Warning: *** WARNING - PATHS MAY NOT BE VALID ***
[2014.10.19-05.44.11:086][ 57]LogWorld: Bringing World /Game/Maps/UEDPIE_0_Example_Map.Example_Map up for play (max tick rate 0) at 2014.10.18-23.44.11
[2014.10.19-05.44.11:088][ 57]LogWorld: Bringing up level for play took: 0.008837
[2014.10.19-05.44.11:095][ 57]PIE: Info Play in editor start time for /Game/Maps/UEDPIE_0_Example_Map -0.626
[2014.10.19-05.44.11:126][ 57]LogRenderer:Warning: Reallocating scene render targets to support 1936x1056.
[2014.10.19-05.44.12:168][ 87]LogPhysics:Warning: ConvertOverlappedShapeToImpactHit: MTD returned NaN :( normal: (X:-1.#IND00, Y:-1.#IND00, Z:-1.#IND00)
[2014.10.19-05.44.12:201][ 88]LogPhysics:Warning: ConvertOverlappedShapeToImpactHit: MTD returned NaN :( normal: (X:-1.#IND00, Y:-1.#IND00, Z:-1.#IND00)
[2014.10.19-05.44.12:230][ 89]LogPhysics:Warning: ConvertOverlappedShapeToImpactHit: MTD returned NaN :( normal: (X:-1.#IND00, Y:-1.#IND00, Z:-1.#IND00)
[2014.10.19-05.44.12:261][ 90]LogPhysics:Warning: ConvertOverlappedShapeToImpactHit: MTD returned NaN :( normal: (X:-1.#IND00, Y:-1.#IND00, Z:-1.#IND00)
[2014.10.19-05.44.12:290][ 91]LogPhysics:Warning: ConvertOverlappedShapeToImpactHit: MTD returned NaN :( normal: (X:-1.#IND00, Y:-1.#IND00, Z:-1.#IND00)
[2014.10.19-05.44.12:322][ 92]LogPhysics:Warning: ConvertOverlappedShapeToImpactHit: MTD returned NaN :( normal: (X:-1.#IND00, Y:-1.#IND00, Z:-1.#IND00)
[2014.10.19-05.44.12:353][ 93]LogPhysics:Warning: ConvertOverlappedShapeToImpactHit: MTD returned NaN :( normal: (X:-1.#IND00, Y:-1.#IND00, Z:-1.#IND00)
[2014.10.19-05.44.12:383][ 94]LogPhysics:Warning: ConvertOverlappedShapeToImpactHit: MTD returned NaN :( normal: (X:-1.#IND00, Y:-1.#IND00, Z:-1.#IND00)
[2014.10.19-05.44.12:413][ 95]LogPhysics:Warning: ConvertOverlappedShapeToImpactHit: MTD returned NaN :( normal: (X:-1.#IND00, Y:-1.#IND00, Z:-1.#IND00)
[2014.10.19-05.44.12:443][ 96]LogPhysics:Warning: ConvertOverlappedShapeToImpactHit: MTD returned NaN :( normal: (X:-1.#IND00, Y:-1.#IND00, Z:-1.#IND00)
[2014.10.19-05.44.13:527][130]LogPhysics:Warning: ConvertOverlappedShapeToImpactHit: MTD returned NaN :( normal: (X:-1.#IND00, Y:-1.#IND00, Z:-1.#IND00)
[2014.10.19-05.44.16:724][238]LogParticles: Destroying 0 GPU particle simulations for FXSystem 0x000000000CF66520
[2014.10.19-05.44.24:697][327]Cmd: MAP LOAD FILE="../../../../../../Users/Mongoose/Documents/Unreal Projects/Practice/Content/Maps/Example_City.umap" TEMPLATE=0 SHOWPROGRESS=1
[2014.10.19-05.44.24:699][327]LightingResults: New page: Lighting Build
[2014.10.19-05.44.24:721][327]LoadErrors: New page: Loading map: Example_City.umap
[2014.10.19-05.44.24:722][327]MapCheck: New page: Map Check
[2014.10.19-05.44.24:722][327]LightingResults: New page: Lighting Build
[2014.10.19-05.44.24:752][327]LogParticles: Destroying 0 GPU particle simulations for FXSystem 0x000000001BC40A40
[2014.10.19-05.44.25:226][327]LogEditorServer: Finished looking for orphan Actors (0.000 secs)
[2014.10.19-05.44.25:226][327]LogAIModule: Creating AISystem for world Example_City
[2014.10.19-05.44.25:303][327]Cmd: MAP CHECKDEP
[2014.10.19-05.44.25:303][327]MapCheck: New page: Example_City - Oct 18, 2014, 5:44:25 PM
[2014.10.19-05.44.25:378][327]MapCheck: Info ========== Map Check: 0 Error(s), 0 Warning(s), [75.372ms] ==========
[2014.10.19-05.44.25:378][327]LogFileHelpers: Loading map 'Example_City' took 0.682
[2014.10.19-05.44.26:959][396]LogPlayLevel: PIE:  No blueprints needed recompiling
[2014.10.19-05.44.26:959][396]PIE: New page: PIE session: Example_City (Oct 18, 2014, 5:44:26 PM)
[2014.10.19-05.44.26:962][396]LogPlayLevel: PIE: StaticDuplicateObject took: (0.002483s)
[2014.10.19-05.44.26:962][396]LogPlayLevel: PIE: World Init took: (0.000589s)
[2014.10.19-05.44.26:962][396]LogPlayLevel: PIE: Created PIE world by copying editor world from /Game/Maps/Example_City.Example_City to /Game/Maps/UEDPIE_0_Example_City.Example_City (0.003237s)
[2014.10.19-05.44.27:016][396]LogWorld: Game class is 'PhaseGameMode_C'
[2014.10.19-05.44.27:017][396]LogAIModule: Creating AISystem for world Example_City
[2014.10.19-05.44.27:020][396]LogWorld:Warning: *** WARNING - PATHS MAY NOT BE VALID ***
[2014.10.19-05.44.27:020][396]LogWorld: Bringing World /Game/Maps/UEDPIE_0_Example_City.Example_City up for play (max tick rate 0) at 2014.10.18-23.44.27
[2014.10.19-05.44.27:020][396]LogWorld: Bringing up level for play took: 0.003209
[2014.10.19-05.44.27:025][396]PIE: Info Play in editor start time for /Game/Maps/UEDPIE_0_Example_City -0.696
[2014.10.19-05.44.29:623][486]LogParticles: Destroying 0 GPU particle simulations for FXSystem 0x000000000CF10B80
[2014.10.19-05.44.36:197][789]LogMaterial: Missing cached shader map for material PreviewMaterial_0, compiling.
[2014.10.19-05.44.36:224][789]LogActorComponent: UnregisterComponent: (/Engine/Transient.SkeletalMeshComponent_4) Not registered. Aborting.
[2014.10.19-05.44.36:342][789]LogActorComponent: UnregisterComponent: (/Engine/Transient.SkeletalMeshComponent_4) Not registered. Aborting.
[2014.10.19-05.44.36:342][789]LogActorComponent: RegisterComponentWithWorld: (/Engine/Transient.MaterialEditorMeshComponent_0) Already registered. Aborting.
[2014.10.19-05.44.36:342][789]LogActorComponent: UnregisterComponent: (/Engine/Transient.SkeletalMeshComponent_4) Not registered. Aborting.
[2014.10.19-05.44.36:342][789]LogActorComponent: RegisterComponentWithWorld: (/Engine/Transient.MaterialEditorMeshComponent_0) Already registered. Aborting.
[2014.10.19-05.44.36:344][789]LogMaterial: Missing cached shader map for material PreviewMaterial_0, compiling.
[2014.10.19-05.44.36:372][789]LogMaterial: Missing cached shader map for material FMatExpressionPreview MaterialExpressionVectorParameter_1, compiling.
[2014.10.19-05.44.36:374][789]LogMaterial: Missing cached shader map for material FMatExpressionPreview MaterialExpressionVectorParameter_2, compiling.
[2014.10.19-05.44.40:074][884]MaterialEditorStats: Info Base pass shader without light map: 30 instructions
[2014.10.19-05.44.40:074][884]MaterialEditorStats: Info Vertex shader: 68 instructions
[2014.10.19-05.44.40:074][884]MaterialEditorStats: Info Texture samplers: 3/16
[2014.10.19-05.45.09:233][929]BlueprintLog: New page: Compile MyCharacter2
[2014.10.19-05.45.09:753][929]LogActorComponent: UnregisterComponent: (/Engine/Transient.CharacterMovementComponent_2) Not registered. Aborting.
[2014.10.19-05.45.09:891][929]BlueprintEditorCompileResults: Info [0071.23] Compile of MyCharacter2 successful! [in 152 ms]
[2014.10.19-05.45.12:416][ 15]LogPlayLevel: PIE:  No blueprints needed recompiling
[2014.10.19-05.45.12:416][ 15]PIE: New page: PIE session: Example_City (Oct 18, 2014, 5:45:12 PM)
[2014.10.19-05.45.12:419][ 15]LogPlayLevel: PIE: StaticDuplicateObject took: (0.002521s)
[2014.10.19-05.45.12:419][ 15]LogPlayLevel: PIE: World Init took: (0.000502s)
[2014.10.19-05.45.12:419][ 15]LogPlayLevel: PIE: Created PIE world by copying editor world from /Game/Maps/Example_City.Example_City to /Game/Maps/UEDPIE_0_Example_City.Example_City (0.003165s)
[2014.10.19-05.45.12:480][ 15]LogWorld: Game class is 'PhaseGameMode_C'
[2014.10.19-05.45.12:481][ 15]LogAIModule: Creating AISystem for world Example_City
[2014.10.19-05.45.12:484][ 15]LogWorld:Warning: *** WARNING - PATHS MAY NOT BE VALID ***
[2014.10.19-05.45.12:484][ 15]LogWorld: Bringing World /Game/Maps/UEDPIE_0_Example_City.Example_City up for play (max tick rate 0) at 2014.10.18-23.45.12
[2014.10.19-05.45.12:484][ 15]LogWorld: Bringing up level for play took: 0.003127
[2014.10.19-05.45.12:494][ 15]PIE: Info Play in editor start time for /Game/Maps/UEDPIE_0_Example_City 0.772
[2014.10.19-05.45.13:479][ 49]LogPhysics:Warning: ConvertOverlappedShapeToImpactHit: MTD returned NaN :( normal: (X:-1.#IND00, Y:-1.#IND00, Z:-1.#IND00)
[2014.10.19-05.45.15:237][116]LogPhysics:Warning: ConvertOverlappedShapeToImpactHit: MTD returned NaN :( normal: (X:-1.#IND00, Y:-1.#IND00, Z:-1.#IND00)
[2014.10.19-05.45.16:349][158]LogActorComponent: UnregisterComponent: (/Engine/Transient.CharacterMovementComponent_3) Not registered. Aborting.
[2014.10.19-05.45.16:384][158]LogParticles: Destroying 0 GPU particle simulations for FXSystem 0x000000001CCE0F40
[2014.10.19-05.45.39:731][  4]LogContentBrowser:Verbose: The content browser source was changed by the sources view to 'None'
[2014.10.19-05.45.39:731][  4]LogContentBrowser:Verbose: The content browser source was changed by the sources view to '/Game/Character/Mixamo_Character_with_Sword'
[2014.10.19-05.45.44:711][118]LogSkeletalMesh: InitArticulated: Bodies already created (/Engine/Transient.DebugSkelMeshComponent_0) - call TermArticulated first.
[2014.10.19-05.46.04:506][692]LogSavePackage: Save=360.827362ms
[2014.10.19-05.46.04:506][692]LogSavePackage: Moving '../../../../../../Users/Mongoose/Documents/Unreal Projects/Practice/Saved/phase_generic_character85C4828E4AE019969CC660BA3242C7CD.tmp' to '../../../../../../Users/Mongoose/Documents/Unreal Projects/Practice/Content/Character/Mixamo_Character_with_Sword/phase_generic_character.uasset'
[2014.10.19-05.46.21:198][143]LogSavePackage: Save=345.076874ms
[2014.10.19-05.46.21:198][143]LogSavePackage: Moving '../../../../../../Users/Mongoose/Documents/Unreal Projects/Practice/Saved/phase_katana8D6A3C2D43F1671DC75DADB2919DBCA7.tmp' to '../../../../../../Users/Mongoose/Documents/Unreal Projects/Practice/Content/Character/Mixamo_Character_with_Sword/phase_katana.uasset'
[2014.10.19-05.46.22:944][185]BlueprintLog: New page: Pre-PIE auto-recompile
[2014.10.19-05.46.23:009][185]LogActorComponent: UnregisterComponent: (/Engine/Transient.CharacterMovementComponent_4) Not registered. Aborting.
[2014.10.19-05.46.23:009][185]LogPlayLevel: [PIE] Compiling MyCharacter2 before PIE...
[2014.10.19-05.46.23:686][185]LogPlayLevel: PIE:  Blueprint regeneration took 741 ms (1 blueprints)
[2014.10.19-05.46.23:686][185]PIE: New page: PIE session: Example_City (Oct 18, 2014, 5:46:23 PM)
[2014.10.19-05.46.23:689][185]LogPlayLevel: PIE: StaticDuplicateObject took: (0.003202s)
[2014.10.19-05.46.23:690][185]LogPlayLevel: PIE: World Init took: (0.000647s)
[2014.10.19-05.46.23:690][185]LogPlayLevel: PIE: Created PIE world by copying editor world from /Game/Maps/Example_City.Example_City to /Game/Maps/UEDPIE_0_Example_City.Example_City (0.004053s)
[2014.10.19-05.46.23:746][185]LogWorld: Game class is 'PhaseGameMode_C'
[2014.10.19-05.46.23:747][185]LogAIModule: Creating AISystem for world Example_City
[2014.10.19-05.46.23:751][185]LogWorld:Warning: *** WARNING - PATHS MAY NOT BE VALID ***
[2014.10.19-05.46.23:751][185]LogWorld: Bringing World /Game/Maps/UEDPIE_0_Example_City.Example_City up for play (max tick rate 0) at 2014.10.18-23.46.23
[2014.10.19-05.46.23:751][185]LogWorld: Bringing up level for play took: 0.003371
[2014.10.19-05.46.23:758][185]PIE: Info Play in editor start time for /Game/Maps/UEDPIE_0_Example_City 0.034
[2014.10.19-05.46.25:372][215]LogPhysics:Warning: ConvertOverlappedShapeToImpactHit: MTD returned NaN :( normal: (X:-1.#IND00, Y:-1.#IND00, Z:-1.#IND00)
[2014.10.19-05.46.35:508][518]LogParticles: Destroying 0 GPU particle simulations for FXSystem 0x000000002DE0A700
[2014.10.19-05.47.22:170][201]LogPlayLevel: PIE:  No blueprints needed recompiling
[2014.10.19-05.47.22:170][201]PIE: New page: PIE session: Example_City (Oct 18, 2014, 5:47:22 PM)
[2014.10.19-05.47.22:173][201]LogPlayLevel: PIE: StaticDuplicateObject took: (0.002572s)
[2014.10.19-05.47.22:173][201]LogPlayLevel: PIE: World Init took: (0.000508s)
[2014.10.19-05.47.22:173][201]LogPlayLevel: PIE: Created PIE world by copying editor world from /Game/Maps/Example_City.Example_City to /Game/Maps/UEDPIE_0_Example_City.Example_City (0.003230s)
[2014.10.19-05.47.22:226][201]LogWorld: Game class is 'PhaseGameMode_C'
[2014.10.19-05.47.22:227][201]LogAIModule: Creating AISystem for world Example_City
[2014.10.19-05.47.22:230][201]LogWorld:Warning: *** WARNING - PATHS MAY NOT BE VALID ***
[2014.10.19-05.47.22:230][201]LogWorld: Bringing World /Game/Maps/UEDPIE_0_Example_City.Example_City up for play (max tick rate 0) at 2014.10.18-23.47.22
[2014.10.19-05.47.22:230][201]LogWorld: Bringing up level for play took: 0.003365
[2014.10.19-05.47.22:236][201]PIE: Info Play in editor start time for /Game/Maps/UEDPIE_0_Example_City 0.511
[2014.10.19-05.47.27:830][359]LogParticles: Destroying 0 GPU particle simulations for FXSystem 0x000000001CCE0680
[2014.10.19-05.54.43:345][738]LogFileHelpers: Editor autosave (incl. sublevels) for '/Game/Maps/Example_City' took 0.045
[2014.10.19-05.54.43:363][738]OBJ SavePackage: Generating thumbnails for [1] asset(s) in package [/Game/Blueprints/MyCharacter2] ([1] browsable assets)...
[2014.10.19-05.54.43:413][738]OBJ SavePackage:     Rendered thumbnail for [Blueprint /Game/Blueprints/MyCharacter2.MyCharacter2]
[2014.10.19-05.54.43:413][738]OBJ SavePackage: Finished generating thumbnails for package [/Game/Blueprints/MyCharacter2]
[2014.10.19-05.54.44:093][738]LogSavePackage: Save=644.970703ms
[2014.10.19-05.54.44:093][738]LogSavePackage: Moving '../../../../../../Users/Mongoose/Documents/Unreal Projects/Practice/Saved/MyCharacter2_Auto162DCB9AB4430596691F660ABAED3942D.tmp' to '../../../../../../Users/Mongoose/Documents/Unreal Projects/Practice/Saved/Autosaves/Game/Blueprints/MyCharacter2_Auto1.uasset'
[2014.10.19-05.54.44:103][738]LogFileHelpers: Auto-saving content packages took 0.758
[2014.10.19-05.58.05:014][314]LogActorComponent: UnregisterComponent: (/Engine/Transient.CharacterMovementComponent_5) Not registered. Aborting.
[2014.10.19-05.58.05:045][314]LogParticles: Destroying 0 GPU particle simulations for FXSystem 0x000000001CB7EE80
[2014.10.19-05.58.05:046][314]LogParticles: Destroying 0 GPU particle simulations for FXSystem 0x0000000012F05300
[2014.10.19-05.58.05:046][314]LogParticles: Destroying 0 GPU particle simulations for FXSystem 0x000000000E0FB880
[2014.10.19-05.58.05:046][314]LogParticles: Destroying 0 GPU particle simulations for FXSystem 0x000000000CF13C40
[2014.10.19-05.58.06:391][314]Cmd: OBJ SAVEPACKAGE PACKAGE="/Game/Blueprints/MyCharacter2" FILE="../../../../../../Users/Mongoose/Documents/Unreal Projects/Practice/Content/Blueprints/MyCharacter2.uasset" SILENT=true
[2014.10.19-05.58.06:735][314]LogSavePackage: Save=327.781799ms
[2014.10.19-05.58.06:735][314]LogSavePackage: Moving '../../../../../../Users/Mongoose/Documents/Unreal Projects/Practice/Saved/MyCharacter25591B6D14AE579B46C997F9270262577.tmp' to '../../../../../../Users/Mongoose/Documents/Unreal Projects/Practice/Content/Blueprints/MyCharacter2.uasset'
[2014.10.19-05.58.07:184][315]Cmd: QUIT_EDITOR
[2014.10.19-05.58.07:306][315]LogWindowsTextInputMethodSystem:Error: Terminating failed while unadvising the language notification sink from the TSF source.
[2014.10.19-05.58.07:307][315]LogExit: Preparing to exit.
[2014.10.19-05.58.07:886][315]LogExit: Editor shut down
[2014.10.19-05.58.07:886][315]LogExit: Transaction tracking system shut down
[2014.10.19-05.58.07:887][315]LogParticles: Destroying 0 GPU particle simulations for FXSystem 0x0000000011BFDA80
[2014.10.19-05.58.07:888][315]LogParticles: Destroying 0 GPU particle simulations for FXSystem 0x0000000016BD0F40
[2014.10.19-05.58.07:888][315]LogParticles: Destroying 0 GPU particle simulations for FXSystem 0x000000001A107920
[2014.10.19-05.58.07:888][315]LogParticles: Destroying 0 GPU particle simulations for FXSystem 0x000000001A106200
[2014.10.19-05.58.07:920][315]LogParticles: Destroying 0 GPU particle simulations for FXSystem 0x0000000016BD1BC0
[2014.10.19-05.58.07:920][315]LogParticles: Destroying 0 GPU particle simulations for FXSystem 0x0000000016BD2CA0
[2014.10.19-05.58.07:920][315]LogParticles: Destroying 0 GPU particle simulations for FXSystem 0x0000000016BD2C00
[2014.10.19-05.58.07:920][315]LogParticles: Destroying 0 GPU particle simulations for FXSystem 0x000000002DB760C0
[2014.10.19-05.58.07:920][315]LogExit: Object subsystem successfully closed.
[2014.10.19-05.58.07:948][315]LogModuleManager: Shutting down and abandoning module StaticMeshEditor (156)
[2014.10.19-05.58.07:948][315]LogModuleManager: Shutting down and abandoning module MaterialEditor (155)
[2014.10.19-05.58.07:948][315]LogModuleManager: Shutting down and abandoning module HTTP (154)
[2014.10.19-05.58.07:948][315]LogModuleManager: Shutting down and abandoning module CrashTracker (153)
[2014.10.19-05.58.07:948][315]LogModuleManager: Shutting down and abandoning module SuperSearch (152)
[2014.10.19-05.58.07:949][315]LogModuleManager: Shutting down and abandoning module SceneOutliner (151)
[2014.10.19-05.58.07:949][315]LogModuleManager: Shutting down and abandoning module EditorWidgets (150)
[2014.10.19-05.58.07:949][315]LogModuleManager: Shutting down and abandoning module CollectionManager (149)
[2014.10.19-05.58.07:949][315]LogModuleManager: Shutting down and abandoning module StatsViewer (148)
[2014.10.19-05.58.07:949][315]LogModuleManager: Shutting down and abandoning module FoliageEdit (147)
[2014.10.19-05.58.07:949][315]LogModuleManager: Shutting down and abandoning module LandscapeEditor (146)
[2014.10.19-05.58.07:949][315]LogModuleManager: Shutting down and abandoning module MeshPaint (145)
[2014.10.19-05.58.07:949][315]LogModuleManager: Shutting down and abandoning module ActorPickerMode (144)
[2014.10.19-05.58.07:949][315]LogModuleManager: Shutting down and abandoning module GeometryMode (143)
[2014.10.19-05.58.07:949][315]LogModuleManager: Shutting down and abandoning module TextureAlignMode (142)
[2014.10.19-05.58.07:949][315]LogModuleManager: Shutting down and abandoning module BspMode (141)
[2014.10.19-05.58.07:949][315]LogModuleManager: Shutting down and abandoning module PlacementMode (140)
[2014.10.19-05.58.07:949][315]LogModuleManager: Shutting down and abandoning module DesktopPlatform (139)
[2014.10.19-05.58.07:950][315]LogModuleManager: Shutting down and abandoning module AutomationWorker (138)
[2014.10.19-05.58.07:950][315]LogModuleManager: Shutting down and abandoning module EditorLiveStreaming (137)
[2014.10.19-05.58.07:950][315]LogModuleManager: Shutting down and abandoning module BehaviorTreeEditor (136)
[2014.10.19-05.58.07:950][315]LogModuleManager: Shutting down and abandoning module DeviceProfileEditor (135)
[2014.10.19-05.58.07:950][315]LogModuleManager: Shutting down and abandoning module UndoHistory (134)
[2014.10.19-05.58.07:950][315]LogModuleManager: Shutting down and abandoning module GameplayTagsEditor (133)
[2014.10.19-05.58.07:950][315]LogModuleManager: Shutting down and abandoning module UserFeedback (132)
[2014.10.19-05.58.07:950][315]LogModuleManager: Shutting down and abandoning module XmlParser (131)
[2014.10.19-05.58.07:950][315]LogModuleManager: Shutting down and abandoning module Blutility (130)
[2014.10.19-05.58.07:950][315]LogModuleManager: Shutting down and abandoning module IOSPlatformEditor (129)
[2014.10.19-05.58.07:950][315]LogModuleManager: Shutting down and abandoning module IOSRuntimeSettings (128)
[2014.10.19-05.58.07:950][315]LogModuleManager: Shutting down and abandoning module ProjectTargetPlatformEditor (125)
[2014.10.19-05.58.07:950][315]LogModuleManager: Shutting down and abandoning module ProjectSettingsViewer (124)
[2014.10.19-05.58.07:950][315]LogModuleManager: Shutting down and abandoning module InputBindingEditor (123)
[2014.10.19-05.58.07:950][315]LogModuleManager: Shutting down and abandoning module EditorSettingsViewer (122)
[2014.10.19-05.58.07:950][315]LogModuleManager: Shutting down and abandoning module SettingsEditor (121)
[2014.10.19-05.58.07:950][315]LogModuleManager: Shutting down and abandoning module SessionLauncher (120)
[2014.10.19-05.58.07:950][315]LogModuleManager: Shutting down and abandoning module SessionFrontend (119)
[2014.10.19-05.58.07:950][315]LogModuleManager: Shutting down and abandoning module ProfilerClient (118)
[2014.10.19-05.58.07:950][315]LogModuleManager: Shutting down and abandoning module TargetDeviceServices (117)
[2014.10.19-05.58.07:950][315]LogModuleManager: Shutting down and abandoning module DeviceManager (116)
[2014.10.19-05.58.07:950][315]LogModuleManager: Shutting down and abandoning module AutomationController (115)
[2014.10.19-05.58.07:950][315]LogModuleManager: Shutting down and abandoning module AutomationWindow (114)
[2014.10.19-05.58.07:950][315]LogModuleManager: Shutting down and abandoning module Layers (113)
[2014.10.19-05.58.07:950][315]LogModuleManager: Shutting down and abandoning module ComponentVisualizers (112)
[2014.10.19-05.58.07:950][315]LogModuleManager: Shutting down and abandoning module DetailCustomizations (111)
[2014.10.19-05.58.07:950][315]LogModuleManager: Shutting down and abandoning module PackagesDialog (110)
[2014.10.19-05.58.07:950][315]LogModuleManager: Shutting down and abandoning module Persona (109)
[2014.10.19-05.58.07:950][315]LogModuleManager: Shutting down and abandoning module GraphEditor (108)
[2014.10.19-05.58.07:950][315]LogModuleManager: Shutting down and abandoning module ClassViewer (107)
[2014.10.19-05.58.07:950][315]LogModuleManager: Shutting down and abandoning module Toolbox (106)
[2014.10.19-05.58.07:950][315]LogModuleManager: Shutting down and abandoning module ModuleUI (105)
[2014.10.19-05.58.07:950][315]LogModuleManager: Shutting down and abandoning module Sequencer (104)
[2014.10.19-05.58.07:950][315]LogModuleManager: Shutting down and abandoning module MovieSceneTools (103)
[2014.10.19-05.58.07:950][315]LogModuleManager: Shutting down and abandoning module OutputLog (102)
[2014.10.19-05.58.07:950][315]LogModuleManager: Shutting down and abandoning module GammaUI (101)
[2014.10.19-05.58.07:950][315]LogModuleManager: Shutting down and abandoning module Documentation (100)
[2014.10.19-05.58.07:950][315]LogModuleManager: Shutting down and abandoning module GameLiveStreaming (99)
[2014.10.19-05.58.07:950][315]LogModuleManager: Shutting down and abandoning module StreamingPauseRendering (98)
[2014.10.19-05.58.07:950][315]LogModuleManager: Shutting down and abandoning module AnalyticsET (97)
[2014.10.19-05.58.07:950][315]LogModuleManager: Shutting down and abandoning module Analytics (96)
[2014.10.19-05.58.07:950][315]LogModuleManager: Shutting down and abandoning module GameplayDebugger (95)
[2014.10.19-05.58.07:950][315]LogModuleManager: Shutting down and abandoning module AIModule (94)
[2014.10.19-05.58.07:950][315]LogModuleManager: Shutting down and abandoning module ProfilerService (93)
[2014.10.19-05.58.08:042][315]LogModuleManager: Shutting down and abandoning module TaskGraph (92)
[2014.10.19-05.58.08:042][315]LogModuleManager: Shutting down and abandoning module SlateRemote (91)
[2014.10.19-05.58.08:042][315]LogModuleManager: Shutting down and abandoning module ScriptEditorPlugin (90)
[2014.10.19-05.58.08:042][315]LogModuleManager: Shutting down and abandoning module CustomMeshComponent (89)
[2014.10.19-05.58.08:042][315]LogModuleManager: Shutting down and abandoning module CableComponent (88)
[2014.10.19-05.58.08:042][315]LogModuleManager: Shutting down and abandoning module MessagingDebugger (87)
[2014.10.19-05.58.08:042][315]LogModuleManager: Shutting down and abandoning module ViewportSnapping (86)
[2014.10.19-05.58.08:042][315]LogModuleManager: Shutting down and abandoning module SmartSnapping (85)
[2014.10.19-05.58.08:042][315]LogModuleManager: Shutting down and abandoning module PaperTiledImporter (84)
[2014.10.19-05.58.08:042][315]LogModuleManager: Shutting down and abandoning module PaperJsonImporter (83)
[2014.10.19-05.58.08:042][315]LogModuleManager: Shutting down and abandoning module GameProjectGeneration (82)
[2014.10.19-05.58.08:042][315]LogModuleManager: Shutting down and abandoning module Matinee (81)
[2014.10.19-05.58.08:042][315]LogModuleManager: Shutting down and abandoning module Kismet (80)
[2014.10.19-05.58.08:042][315]LogModuleManager: Shutting down and abandoning module SlateReflector (79)
[2014.10.19-05.58.08:042][315]LogModuleManager: Shutting down and abandoning module LevelEditor (78)
[2014.10.19-05.58.08:043][315]LogModuleManager: Shutting down and abandoning module IntroTutorials (77)
[2014.10.19-05.58.08:043][315]LogModuleManager: Shutting down and abandoning module ContentBrowser (76)
[2014.10.19-05.58.08:043][315]LogModuleManager: Shutting down and abandoning module PropertyEditor (75)
[2014.10.19-05.58.08:043][315]LogModuleManager: Shutting down and abandoning module AssetTools (74)
[2014.10.19-05.58.08:043][315]LogModuleManager: Shutting down and abandoning module Paper2DEditor (73)
[2014.10.19-05.58.08:043][315]LogModuleManager: Shutting down and abandoning module SpeedTreeImporter (72)
[2014.10.19-05.58.08:043][315]LogModuleManager: Shutting down and abandoning module PluginsEditor (71)
[2014.10.19-05.58.08:043][315]LogModuleManager: Shutting down and abandoning module MainFrame (70)
[2014.10.19-05.58.08:043][315]LogModuleManager: Shutting down and abandoning module EpicSurvey (69)
[2014.10.19-05.58.08:043][315]LogModuleManager: Shutting down and abandoning module VisualStudioSourceCodeAccess (68)
[2014.10.19-05.58.08:043][315]LogModuleManager: Shutting down and abandoning module UObjectPlugin (67)
[2014.10.19-05.58.08:043][315]LogModuleManager: Shutting down and abandoning module SubversionSourceControl (66)
[2014.10.19-05.58.08:043][315]LogModuleManager: Shutting down and abandoning module SourceControl (65)
[2014.10.19-05.58.08:043][315]LogModuleManager: Shutting down and abandoning module PerforceSourceControl (64)
[2014.10.19-05.58.08:043][315]LogModuleManager: Shutting down and abandoning module BlankPlugin (63)
[2014.10.19-05.58.08:043][315]LogModuleManager: Shutting down and abandoning module DirectoryWatcher (62)
[2014.10.19-05.58.08:043][315]LogModuleManager: Shutting down and abandoning module AssetRegistry (61)
[2014.10.19-05.58.08:090][315]LogModuleManager: Shutting down and abandoning module Practice (60)
[2014.10.19-05.58.08:090][315]LogModuleManager: Shutting down and abandoning module ScriptPlugin (59)
[2014.10.19-05.58.08:090][315]LogModuleManager: Shutting down and abandoning module UdpMessaging (58)
[2014.10.19-05.58.08:190][315]LogModuleManager: Shutting down and abandoning module Paper2D (57)
[2014.10.19-05.58.08:190][315]LogModuleManager: Shutting down and abandoning module WindowsMoviePlayer (56)
[2014.10.19-05.58.08:193][315]LogModuleManager: Shutting down and abandoning module ImageWrapper (55)
[2014.10.19-05.58.08:193][315]LogModuleManager: Shutting down and abandoning module OnlineBlueprintSupport (54)
[2014.10.19-05.58.08:193][315]LogModuleManager: Shutting down and abandoning module FunctionalTesting (53)
[2014.10.19-05.58.08:193][315]LogModuleManager: Shutting down and abandoning module CollisionAnalyzer (52)
[2014.10.19-05.58.08:193][315]LogModuleManager: Shutting down and abandoning module WorkspaceMenuStructure (51)
[2014.10.19-05.58.08:193][315]LogModuleManager: Shutting down and abandoning module MessageLog (50)
[2014.10.19-05.58.08:193][315]LogModuleManager: Shutting down and abandoning module UMGEditor (49)
[2014.10.19-05.58.08:193][315]LogModuleManager: Shutting down and abandoning module UMG (48)
[2014.10.19-05.58.08:193][315]LogModuleManager: Shutting down and abandoning module Slate (47)
[2014.10.19-05.58.08:193][315]LogModuleManager: Shutting down and abandoning module EditorStyle (46)
[2014.10.19-05.58.08:195][315]LogModuleManager: Shutting down and abandoning module SessionServices (45)
[2014.10.19-05.58.08:195][315]LogModuleManager: Shutting down and abandoning module SourceCodeAccess (44)
[2014.10.19-05.58.08:195][315]LogModuleManager: Shutting down and abandoning module HeadMountedDisplay (43)
[2014.10.19-05.58.08:195][315]LogModuleManager: Shutting down and abandoning module XAudio2 (42)
[2014.10.19-05.58.08:195][315]LogModuleManager: Shutting down and abandoning module Networking (40)
[2014.10.19-05.58.08:195][315]LogModuleManager: Shutting down and abandoning module Core (39)
[2014.10.19-05.58.08:195][315]LogModuleManager: Shutting down and abandoning module KismetCompiler (38)
[2014.10.19-05.58.08:195][315]LogModuleManager: Shutting down and abandoning module PhysXFormats (37)
[2014.10.19-05.58.08:195][315]LogModuleManager: Shutting down and abandoning module MeshUtilities (36)
[2014.10.19-05.58.08:195][315]LogModuleManager: Shutting down and abandoning module DerivedDataCache (35)
[2014.10.19-05.58.08:227][315]LogDerivedDataCache: Shutdown
[2014.10.19-05.58.08:227][315]LogModuleManager: Shutting down and abandoning module ShaderFormatOpenGL (34)
[2014.10.19-05.58.08:227][315]LogModuleManager: Shutting down and abandoning module ShaderFormatD3D (33)
[2014.10.19-05.58.08:227][315]LogModuleManager: Shutting down and abandoning module MetalShaderFormat (32)
[2014.10.19-05.58.08:227][315]LogModuleManager: Shutting down and abandoning module TextureFormatUncompressed (31)
[2014.10.19-05.58.08:227][315]LogModuleManager: Shutting down and abandoning module TextureFormatPVR (30)
[2014.10.19-05.58.08:227][315]LogModuleManager: Shutting down and abandoning module TextureFormatDXT (29)
[2014.10.19-05.58.08:227][315]LogModuleManager: Shutting down and abandoning module AudioFormatOpus (28)
[2014.10.19-05.58.08:227][315]LogModuleManager: Shutting down and abandoning module AudioFormatOgg (27)
[2014.10.19-05.58.08:227][315]LogModuleManager: Shutting down and abandoning module AudioFormatADPCM (26)
[2014.10.19-05.58.08:227][315]LogModuleManager: Shutting down and abandoning module Messaging (25)
[2014.10.19-05.58.08:227][315]LogModuleManager: Shutting down and abandoning module IOSTargetPlatform (24)
[2014.10.19-05.58.08:227][315]LogModuleManager: Shutting down and abandoning module WindowsTargetPlatform (23)
[2014.10.19-05.58.08:227][315]LogModuleManager: Shutting down and abandoning module WindowsServerTargetPlatform (22)
[2014.10.19-05.58.08:227][315]LogModuleManager: Shutting down and abandoning module WindowsNoEditorTargetPlatform (21)
[2014.10.19-05.58.08:227][315]LogModuleManager: Shutting down and abandoning module WindowsClientTargetPlatform (20)
[2014.10.19-05.58.08:227][315]LogModuleManager: Shutting down and abandoning module TargetPlatform (19)
[2014.10.19-05.58.08:227][315]LogModuleManager: Shutting down and abandoning module InputCore (18)
[2014.10.19-05.58.08:227][315]LogModuleManager: Shutting down and abandoning module Settings (17)
[2014.10.19-05.58.08:227][315]LogModuleManager: Shutting down and abandoning module ExampleDeviceProfileSelector (14)
[2014.10.19-05.58.08:227][315]LogModuleManager: Shutting down and abandoning module OculusRift (13)
[2014.10.19-05.58.08:227][315]LogModuleManager: Shutting down and abandoning module TextureCompressor (12)
[2014.10.19-05.58.08:227][315]LogModuleManager: Shutting down and abandoning module ShaderCore (11)
[2014.10.19-05.58.08:227][315]LogModuleManager: Shutting down and abandoning module OpenGLDrv (10)
[2014.10.19-05.58.08:227][315]LogModuleManager: Shutting down and abandoning module D3D11RHI (9)
[2014.10.19-05.58.08:227][315]LogModuleManager: Shutting down and abandoning module SlateRHIRenderer (8)
[2014.10.19-05.58.08:227][315]LogModuleManager: Shutting down and abandoning module Renderer (7)
[2014.10.19-05.58.08:227][315]LogModuleManager: Shutting down and abandoning module Engine (6)
[2014.10.19-05.58.08:227][315]LogModuleManager: Shutting down and abandoning module CoreUObject (5)
[2014.10.19-05.58.08:227][315]LogModuleManager: Shutting down and abandoning module NetworkFile (4)
[2014.10.19-05.58.08:227][315]LogModuleManager: Shutting down and abandoning module StreamingFile (3)
[2014.10.19-05.58.08:227][315]LogModuleManager: Shutting down and abandoning module SandboxFile (2)
[2014.10.19-05.58.08:227][315]LogModuleManager: Shutting down and abandoning module PakFile (1)
[2014.10.19-05.58.08:227][315]LogExit: Exiting.
[2014.10.19-05.58.08:230][315]Log file closed, 10/18/14 23:58:08
