Log file open, 10/20/14 19:45:11
LogInit:Display: Running engine for game: Practice
LogInit: Version: 4.4.3-0+UE4
LogInit: API Version: 0
LogInit: Compiled (64-bit): Sep 21 2014 18:12:07
LogInit: Build Configuration: Development
LogInit: Branch Name: UE4
LogInit: Command line: 
LogInit: Base directory: C:/Git_Repository/Unreal/UnrealEngine/Engine/Binaries/Win64/
LogInit: Rocket: 0
[2014.10.21-01.45.11:833][  0]LogTaskGraph: Started task graph with 3 named threads and 4 total threads.
[2014.10.21-01.45.11:865][  0]LogOnline:Warning: No default platform service specified for OnlineSubsystem
[2014.10.21-01.45.11:878][  0]LogInit: Presizing for 0 objects not considered by GC, pre-allocating 0 bytes.
[2014.10.21-01.45.11:885][  0]LogInit: Object subsystem initialized
[2014.10.21-01.45.11:887][  0]LogInit: Selected Device Profile: [Windows]
[2014.10.21-01.45.11:887][  0]LogInit: Applying CVar settings loaded from the selected device profile: [Windows]
[2014.10.21-01.45.11:890][  0]LogInit: Computer: LETHALMONGOOSE
[2014.10.21-01.45.11:891][  0]LogInit: User: Mongoose
[2014.10.21-01.45.11:891][  0]LogInit: CPU Page size=4096, Cores=4
[2014.10.21-01.45.11:891][  0]LogInit: High frequency timer resolution =3.128984 MHz
[2014.10.21-01.45.11:891][  0]LogMemory: Memory total: Physical=16.0GB (16GB approx) Virtual=8192.0GB
[2014.10.21-01.45.11:892][  0]LogMemory: Platform Memory Stats for Windows
[2014.10.21-01.45.11:892][  0]LogMemory: Process Physical Memory: 63.36 MB used, 63.36 MB peak
[2014.10.21-01.45.11:892][  0]LogMemory: Process Virtual Memory: 39.47 MB used, 40.00 MB peak
[2014.10.21-01.45.11:892][  0]LogMemory: Physical Memory: 7122.73 MB used, 16375.12 MB total
[2014.10.21-01.45.11:892][  0]LogMemory: Virtual Memory: 257.58 MB used, 8388608.00 MB total
[2014.10.21-01.45.11:934][  0]LogD3D11RHI: Found D3D11 adapter 0: NVIDIA GeForce GTX 580 (Feature Level 11_0)
[2014.10.21-01.45.11:934][  0]LogD3D11RHI: Adapter has 1487MB of dedicated video memory, 0MB of dedicated system memory, and 2559MB of shared system memory, 2 output[s]
[2014.10.21-01.45.11:934][  0]LogD3D11RHI: Chosen D3D11 Adapter Id = 0
[2014.10.21-01.45.11:938][  0]LogRHI: Texture pool is 1041 MB (70% of 1487 MB)
[2014.10.21-01.45.11:947][  0]LogD3D11RHI: Async texture creation enabled
[2014.10.21-01.45.12:046][  0]LogContentStreaming: Texture pool size is 0.000000MB
[2014.10.21-01.45.13:241][  0]LogTargetPlatformManager:Display: Building Assets For Windows
[2014.10.21-01.45.13:630][  0]LogTargetPlatformManager:Display: Building Assets For Windows
[2014.10.21-01.45.13:688][  0]LogDerivedDataCache:Display: Max Cache Size: 512 MB
[2014.10.21-01.45.13:886][  0]LogDerivedDataCache: Loaded boot cache 0.20s 42MB ../../../../../../Users/Mongoose/Documents/Unreal Projects/Practice/DerivedDataCache/Boot.ddc.
[2014.10.21-01.45.13:886][  0]LogDerivedDataCache:Display: Loaded Boot cache: ../../../../../../Users/Mongoose/Documents/Unreal Projects/Practice/DerivedDataCache/Boot.ddc
[2014.10.21-01.45.13:886][  0]LogDerivedDataCache: FDerivedDataBackendGraph:  Pak pak cache file ../../../../../../Users/Mongoose/Documents/Unreal Projects/Practice/DerivedDataCache/DDC.ddp not found, will not use a pak cache.
[2014.10.21-01.45.13:886][  0]LogDerivedDataCache: Unable to find inner node Pak for hierarchical cache Hierarchy.
[2014.10.21-01.45.13:886][  0]LogDerivedDataCache: FDerivedDataBackendGraph:  EnginePak pak cache file ../../../Engine/DerivedDataCache/DDC.ddp not found, will not use a pak cache.
[2014.10.21-01.45.13:886][  0]LogDerivedDataCache: Unable to find inner node EnginePak for hierarchical cache Hierarchy.
[2014.10.21-01.45.13:897][  0]LogDerivedDataCache: Using Local data cache path ../../../Engine/DerivedDataCache: Writable
[2014.10.21-01.45.13:897][  0]LogDerivedDataCache: Shared data cache path not found in *engine.ini, will not use an Shared cache.
[2014.10.21-01.45.13:897][  0]LogDerivedDataCache: Unable to find inner node Shared for hierarchical cache Hierarchy.
[2014.10.21-01.45.14:050][  0]LogMeshUtilities: No automatic mesh reduction module available
[2014.10.21-01.45.14:050][  0]LogMeshUtilities: No automatic mesh merging module available
[2014.10.21-01.45.14:393][  0]LogInit: WinSock: version 1.1 (2.2), MaxSocks=32767, MaxUdp=65467
[2014.10.21-01.45.15:091][  0]LogStats:Warning: MetaData mismatch. Did you assign a stat to two groups? New //STATGROUP_Threads//FMonitoredProcess///Thread_9db4_0///////STATCAT_Advanced//// old //STATGROUP_Threads//FMonitoredProcess///Thread_1604_0///////STATCAT_Advanced////
[2014.10.21-01.45.15:091][  0]UdpMessaging: Initializing bridge on interface 0.0.0.0:0 to multicast group 230.0.0.1:6666.
[2014.10.21-01.45.15:670][  0]LogAssetRegistry: FAssetRegistry took 0.0093 seconds to start up
[2014.10.21-01.45.15:754][  0]SourceControl: Info Source control is disabled
[2014.10.21-01.45.15:754][  0]SourceControl: Info Source control is disabled
[2014.10.21-01.45.15:762][  0]SourceControl: Info Source control is disabled
[2014.10.21-01.45.15:952][  0]BlueprintLog: New page: Editor Load
[2014.10.21-01.45.16:066][  0]LogObj: 39086 objects as part of root set at end of initial load.
[2014.10.21-01.45.16:066][  0]LogUObjectAllocator: 9866440 out of 0 bytes used by permanent object pool.
[2014.10.21-01.45.16:237][  0]LogEngine: Initializing Engine...
[2014.10.21-01.45.16:342][  0]LogInit: XAudio2 using 'Speakers (SoundMAX Integrated Digital HD Audio)' : 2 channels at 44.1 kHz using 16 bits per sample (channel mask 0x3)
[2014.10.21-01.45.16:353][  0]LogInit: FAudioDevice initialized.
[2014.10.21-01.45.16:375][  0]LogAIModule: Creating AISystem for world NewWorld
[2014.10.21-01.45.16:396][  0]LogDerivedDataCache: Saved boot cache 0.02s 41MB ../../../../../../Users/Mongoose/Documents/Unreal Projects/Practice/DerivedDataCache/Boot.ddc.
[2014.10.21-01.45.16:402][  0]LogInit: Texture streaming: Enabled
[2014.10.21-01.45.16:449][  0]LogInit: Transaction tracking system initialized
[2014.10.21-01.45.17:069][  0]LogTargetPlatformManager:Display: Building Assets For Windows
[2014.10.21-01.45.17:424][  0]LogTargetPlatformManager:Display: Building Assets For Windows
[2014.10.21-01.45.17:475][  0]LogModuleManager:Warning: ModuleManager: Unable to load module 'AndroidRuntimeSettings' because the file 'C:/Git_Repository/Unreal/UnrealEngine/Engine/Binaries/Win64/' was not found.
[2014.10.21-01.45.17:482][  0]LogModuleManager:Warning: ModuleManager: Unable to load module 'AndroidPlatformEditor' because the file 'C:/Git_Repository/Unreal/UnrealEngine/Engine/Binaries/Win64/' was not found.
[2014.10.21-01.45.17:600][  0]LogConsoleResponse:Display: 
[2014.10.21-01.45.17:782][  0]LogStats:Warning: MetaData mismatch. Did you assign a stat to two groups? New //STATGROUP_Threads//FMonitoredProcess///Thread_94f8_0///////STATCAT_Advanced//// old //STATGROUP_Threads//FMonitoredProcess///Thread_1604_0///////STATCAT_Advanced////
[2014.10.21-01.45.17:782][  0]LogStats:Warning: MetaData mismatch. Did you assign a stat to two groups? New //STATGROUP_Threads//FMonitoredProcess///Thread_1da8_0///////STATCAT_Advanced//// old //STATGROUP_Threads//FMonitoredProcess///Thread_1604_0///////STATCAT_Advanced////
[2014.10.21-01.45.17:782][  0]SourceControl: Info Source control is disabled
[2014.10.21-01.45.17:782][  0]Cmd: MAP LOAD FILE="../../../../../../Users/Mongoose/Documents/Unreal Projects/Practice/Content/Maps/Example_Map.umap" TEMPLATE=0 SHOWPROGRESS=1
[2014.10.21-01.45.17:783][  0]LightingResults: New page: Lighting Build
[2014.10.21-01.45.17:794][  0]MapCheck: New page: Map Check
[2014.10.21-01.45.17:794][  0]LightingResults: New page: Lighting Build
[2014.10.21-01.45.17:818][  0]LogParticles: Destroying 0 GPU particle simulations for FXSystem 0x00000000189F5F80
[2014.10.21-01.45.19:279][  0]LogEditorServer: Finished looking for orphan Actors (0.000 secs)
[2014.10.21-01.45.19:279][  0]LogAIModule: Creating AISystem for world Example_Map
[2014.10.21-01.45.19:280][  0]Cmd: MAP CHECKDEP
[2014.10.21-01.45.19:280][  0]MapCheck: New page: Example_Map - Oct 20, 2014, 1:45:19 PM
[2014.10.21-01.45.19:354][  0]MapCheck: Info ========== Map Check: 0 Error(s), 0 Warning(s), [73.967ms] ==========
[2014.10.21-01.45.19:354][  0]LogFileHelpers: Loading map 'Example_Map' took 1.572
[2014.10.21-01.45.19:506][  0]LogCollectionManager: Loaded 0 collections in 0.002220 seconds
[2014.10.21-01.45.19:800][  0]LogCrashTracker: Crashtracker disabled due to settings.
[2014.10.21-01.45.19:856][  0]LogInit: Using libcurl 7.34.0
[2014.10.21-01.45.19:856][  0]LogInit:  - built for x86_64-pc-win32
[2014.10.21-01.45.19:856][  0]LogInit:  - supports SSL with WinSSL
[2014.10.21-01.45.19:856][  0]LogInit:  - other features:
[2014.10.21-01.45.19:856][  0]LogInit:      CURL_VERSION_SSL
[2014.10.21-01.45.19:856][  0]LogInit:      CURL_VERSION_ASYNCHDNS
[2014.10.21-01.45.19:856][  0]LogInit:      CURL_VERSION_LARGEFILE
[2014.10.21-01.45.19:856][  0]LogInit:      CURL_VERSION_IDN
[2014.10.21-01.45.19:856][  0]LogInit: Libcurl will NOT reuse connections
[2014.10.21-01.45.19:879][  0]LogLoad: Full Startup: 9.86 seconds (BP compile: 0.76 seconds)
[2014.10.21-01.45.19:892][  0]LogContentBrowser:Verbose: The content browser source was changed by the sources view to '/Game/Character/Mixamo_Character_with_Sword'
[2014.10.21-01.45.20:011][  0]LogRenderer:Warning: Reallocating scene render targets to support 32x32.
[2014.10.21-01.45.20:119][  0]LogRenderer:Warning: Reallocating scene render targets to support 896x912.
[2014.10.21-01.45.20:802][  4]LogAssetRegistry: Asset discovery search completed in 5.1419 seconds
[2014.10.21-01.45.29:857][306]Cmd: MAP LOAD FILE="../../../../../../Users/Mongoose/Documents/Unreal Projects/Practice/Content/Maps/Example_City.umap" TEMPLATE=0 SHOWPROGRESS=1
[2014.10.21-01.45.29:858][306]LightingResults: New page: Lighting Build
[2014.10.21-01.45.29:880][306]LoadErrors: New page: Loading map: Example_City.umap
[2014.10.21-01.45.29:881][306]MapCheck: New page: Map Check
[2014.10.21-01.45.29:881][306]LightingResults: New page: Lighting Build
[2014.10.21-01.45.29:914][306]LogParticles: Destroying 0 GPU particle simulations for FXSystem 0x000000001C07B7E0
[2014.10.21-01.45.30:386][306]LogEditorServer: Finished looking for orphan Actors (0.000 secs)
[2014.10.21-01.45.30:386][306]LogAIModule: Creating AISystem for world Example_City
[2014.10.21-01.45.30:463][306]Cmd: MAP CHECKDEP
[2014.10.21-01.45.30:463][306]MapCheck: New page: Example_City - Oct 20, 2014, 1:45:30 PM
[2014.10.21-01.45.30:537][306]MapCheck: Info ========== Map Check: 0 Error(s), 0 Warning(s), [74.545ms] ==========
[2014.10.21-01.45.30:537][306]LogFileHelpers: Loading map 'Example_City' took 0.681
[2014.10.21-01.45.31:918][376]LogPlayLevel: PIE:  No blueprints needed recompiling
[2014.10.21-01.45.31:918][376]PIE: New page: PIE session: Example_City (Oct 20, 2014, 1:45:31 PM)
[2014.10.21-01.45.31:921][376]LogPlayLevel: PIE: StaticDuplicateObject took: (0.002929s)
[2014.10.21-01.45.31:921][376]LogPlayLevel: PIE: World Init took: (0.000541s)
[2014.10.21-01.45.31:922][376]LogPlayLevel: PIE: Created PIE world by copying editor world from /Game/Maps/Example_City.Example_City to /Game/Maps/UEDPIE_0_Example_City.Example_City (0.003837s)
[2014.10.21-01.45.31:992][376]LogWorld: Game class is 'PhaseGameMode_C'
[2014.10.21-01.45.31:997][376]LogAIModule: Creating AISystem for world Example_City
[2014.10.21-01.45.32:000][376]LogWorld:Warning: *** WARNING - PATHS MAY NOT BE VALID ***
[2014.10.21-01.45.32:001][376]LogWorld: Bringing World /Game/Maps/UEDPIE_0_Example_City.Example_City up for play (max tick rate 0) at 2014.10.20-19.45.32
[2014.10.21-01.45.32:001][376]LogWorld: Bringing up level for play took: 0.003871
[2014.10.21-01.45.32:008][376]PIE: Info Play in editor start time for /Game/Maps/UEDPIE_0_Example_City 0.39
[2014.10.21-01.45.32:055][376]LogRenderer:Warning: Reallocating scene render targets to support 1936x1056.
[2014.10.21-01.45.36:466][548]LogPhysics:Warning: ConvertOverlappedShapeToImpactHit: MTD returned NaN :( normal: (X:-1.#IND00, Y:-1.#IND00, Z:-1.#IND00)
[2014.10.21-01.45.37:962][609]LogPhysics:Warning: ConvertOverlappedShapeToImpactHit: MTD returned NaN :( normal: (X:-1.#IND00, Y:-1.#IND00, Z:-1.#IND00)
[2014.10.21-01.45.39:572][675]LogPhysics:Warning: ConvertOverlappedShapeToImpactHit: MTD returned NaN :( normal: (X:-1.#IND00, Y:-1.#IND00, Z:-1.#IND00)
[2014.10.21-01.45.40:875][727]LogPhysics:Warning: ConvertOverlappedShapeToImpactHit: MTD returned NaN :( normal: (X:-1.#IND00, Y:-1.#IND00, Z:-1.#IND00)
[2014.10.21-01.45.42:455][791]LogPhysics:Warning: ConvertOverlappedShapeToImpactHit: MTD returned NaN :( normal: (X:-1.#IND00, Y:-1.#IND00, Z:-1.#IND00)
[2014.10.21-01.45.45:134][893]LogParticles: Destroying 0 GPU particle simulations for FXSystem 0x000000001A1913A0
[2014.10.21-01.45.48:342][ 38]LogContentBrowser:Verbose: The content browser source was changed by the sources view to '/Game/Blueprints'
[2014.10.21-01.46.06:537][699]LogContentBrowser:Verbose: The content browser source was changed by the sources view to 'None'
[2014.10.21-01.46.06:537][699]LogContentBrowser:Verbose: The content browser source was changed by the sources view to '/Game/Character/Mixamo_Character_with_Sword'
[2014.10.21-01.46.10:256][800]LogSkeletalMesh: InitArticulated: Bodies already created (/Engine/Transient.DebugSkelMeshComponent_0) - call TermArticulated first.
[2014.10.21-01.46.12:341][850]LogContentBrowser:Verbose: The content browser source was changed by the sources view to 'None'
[2014.10.21-01.46.12:342][850]LogContentBrowser:Verbose: The content browser source was changed by the sources view to '/Game/Materials'
[2014.10.21-01.46.20:314][ 42]LogMaterial: Missing cached shader map for material PreviewMaterial_0, compiling.
[2014.10.21-01.46.20:348][ 42]LogActorComponent: UnregisterComponent: (/Engine/Transient.SkeletalMeshComponent_4) Not registered. Aborting.
[2014.10.21-01.46.20:736][ 42]LogActorComponent: UnregisterComponent: (/Engine/Transient.SkeletalMeshComponent_4) Not registered. Aborting.
[2014.10.21-01.46.20:736][ 42]LogActorComponent: RegisterComponentWithWorld: (/Engine/Transient.MaterialEditorMeshComponent_0) Already registered. Aborting.
[2014.10.21-01.46.20:736][ 42]LogActorComponent: UnregisterComponent: (/Engine/Transient.SkeletalMeshComponent_4) Not registered. Aborting.
[2014.10.21-01.46.20:736][ 42]LogActorComponent: RegisterComponentWithWorld: (/Engine/Transient.MaterialEditorMeshComponent_0) Already registered. Aborting.
[2014.10.21-01.46.20:739][ 42]LogMaterial: Missing cached shader map for material PreviewMaterial_0, compiling.
[2014.10.21-01.46.20:769][ 42]LogMaterial: Missing cached shader map for material FMatExpressionPreview MaterialExpressionVectorParameter_4, compiling.
[2014.10.21-01.46.25:327][162]MaterialEditorStats: Info Base pass shader with static lighting: 133 instructions
[2014.10.21-01.46.25:327][162]MaterialEditorStats: Info Base pass shader with only dynamic lighting: 115 instructions
[2014.10.21-01.46.25:327][162]MaterialEditorStats: Info Base pass shader for self shadowed translucency: 151 instructions
[2014.10.21-01.46.25:327][162]MaterialEditorStats: Info Vertex shader: 68 instructions
[2014.10.21-01.46.25:327][162]MaterialEditorStats: Info Texture samplers: 8/16
[2014.10.21-01.46.31:761][413]LogMaterial: Missing cached shader map for material PreviewMaterial_0, compiling.
[2014.10.21-01.46.31:784][413]LogMaterial: Missing cached shader map for material PreviewMaterial_0, compiling.
[2014.10.21-01.46.33:686][458]LogMaterialEditor: Applying material M_Glass
[2014.10.21-01.46.34:174][458]LogMaterial: Missing cached shader map for material PreviewMaterial_0, compiling.
[2014.10.21-01.46.34:243][458]LogMaterial: Missing cached shader map for material M_Glass, compiling.
[2014.10.21-01.46.34:288][458]LogMaterial: Missing cached shader map for material M_Glass, compiling.
[2014.10.21-01.46.34:315][458]LogMaterial: 0.007961 seconds spent updating 1 materials, 1 interfaces, 0 instances, 0 with static permutations.
[2014.10.21-01.46.41:380][622]LogPlayLevel: PIE:  No blueprints needed recompiling
[2014.10.21-01.46.41:380][622]PIE: New page: PIE session: Example_City (Oct 20, 2014, 1:46:41 PM)
[2014.10.21-01.46.41:385][622]LogPlayLevel: PIE: StaticDuplicateObject took: (0.004429s)
[2014.10.21-01.46.41:386][622]LogPlayLevel: PIE: World Init took: (0.000744s)
[2014.10.21-01.46.41:386][622]LogPlayLevel: PIE: Created PIE world by copying editor world from /Game/Maps/Example_City.Example_City to /Game/Maps/UEDPIE_0_Example_City.Example_City (0.005418s)
[2014.10.21-01.46.41:454][622]LogWorld: Game class is 'PhaseGameMode_C'
[2014.10.21-01.46.41:456][622]LogAIModule: Creating AISystem for world Example_City
[2014.10.21-01.46.41:460][622]LogWorld:Warning: *** WARNING - PATHS MAY NOT BE VALID ***
[2014.10.21-01.46.41:460][622]LogWorld: Bringing World /Game/Maps/UEDPIE_0_Example_City.Example_City up for play (max tick rate 0) at 2014.10.20-19.46.41
[2014.10.21-01.46.41:461][622]LogWorld: Bringing up level for play took: 0.004982
[2014.10.21-01.46.41:473][622]PIE: Info Play in editor start time for /Game/Maps/UEDPIE_0_Example_City -0.147
[2014.10.21-01.46.42:640][646]MaterialEditorStats: Info Base pass shader with static lighting: 100 instructions
[2014.10.21-01.46.42:640][646]MaterialEditorStats: Info Base pass shader with only dynamic lighting: 69 instructions
[2014.10.21-01.46.42:640][646]MaterialEditorStats: Info Vertex shader: 31 instructions
[2014.10.21-01.46.42:640][646]MaterialEditorStats: Info Texture samplers: 3/16
[2014.10.21-01.46.46:519][764]LogPhysics:Warning: ConvertOverlappedShapeToImpactHit: MTD returned NaN :( normal: (X:-1.#IND00, Y:-1.#IND00, Z:-1.#IND00)
[2014.10.21-01.46.48:842][830]LogActorComponent: UnregisterComponent: (/Engine/Transient.CharacterMovementComponent_0) Not registered. Aborting.
[2014.10.21-01.46.48:842][830]LogActorComponent: UnregisterComponent: (/Engine/Transient.CharacterMovementComponent_1) Not registered. Aborting.
[2014.10.21-01.46.48:878][830]LogParticles: Destroying 0 GPU particle simulations for FXSystem 0x000000000A124860
[2014.10.21-01.46.58:099][ 87]LogMaterial: Missing cached shader map for material PreviewMaterial_0, compiling.
[2014.10.21-01.47.00:780][156]MaterialEditorStats: Info Base pass shader with static lighting: 98 instructions
[2014.10.21-01.47.00:780][156]MaterialEditorStats: Info Base pass shader with only dynamic lighting: 67 instructions
[2014.10.21-01.47.00:780][156]MaterialEditorStats: Info Vertex shader: 31 instructions
[2014.10.21-01.47.00:780][156]MaterialEditorStats: Info Texture samplers: 3/16
[2014.10.21-01.47.11:022][458]LogMaterial: Missing cached shader map for material PreviewMaterial_0, compiling.
[2014.10.21-01.47.11:057][458]LogMaterial: Missing cached shader map for material FMatExpressionPreview MaterialExpressionVectorParameter_4, compiling.
[2014.10.21-01.47.13:790][527]MaterialEditorStats: Info Base pass shader with static lighting: 97 instructions
[2014.10.21-01.47.13:790][527]MaterialEditorStats: Info Base pass shader with only dynamic lighting: 66 instructions
[2014.10.21-01.47.13:790][527]MaterialEditorStats: Info Vertex shader: 31 instructions
[2014.10.21-01.47.13:790][527]MaterialEditorStats: Info Texture samplers: 3/16
[2014.10.21-01.47.16:389][611]LogMaterial: Missing cached shader map for material PreviewMaterial_0, compiling.
[2014.10.21-01.47.19:014][672]MaterialEditorStats: Info Base pass shader with static lighting: 94 instructions
[2014.10.21-01.47.19:014][672]MaterialEditorStats: Info Base pass shader with only dynamic lighting: 63 instructions
[2014.10.21-01.47.19:014][672]MaterialEditorStats: Info Vertex shader: 31 instructions
[2014.10.21-01.47.19:014][672]MaterialEditorStats: Info Texture samplers: 3/16
[2014.10.21-01.47.21:171][731]LogMaterialEditor: Applying material M_Glass
[2014.10.21-01.47.21:526][731]LogMaterial: Missing cached shader map for material PreviewMaterial_0, compiling.
[2014.10.21-01.47.21:587][731]LogMaterial: Missing cached shader map for material M_Glass, compiling.
[2014.10.21-01.47.21:634][731]LogMaterial: Missing cached shader map for material M_Glass, compiling.
[2014.10.21-01.47.21:654][731]LogMaterial: 0.004139 seconds spent updating 1 materials, 1 interfaces, 0 instances, 0 with static permutations.
[2014.10.21-01.47.30:050][926]MaterialEditorStats: Info Base pass shader with static lighting: 94 instructions
[2014.10.21-01.47.30:050][926]MaterialEditorStats: Info Base pass shader with only dynamic lighting: 63 instructions
[2014.10.21-01.47.30:050][926]MaterialEditorStats: Info Vertex shader: 31 instructions
[2014.10.21-01.47.30:050][926]MaterialEditorStats: Info Texture samplers: 3/16
[2014.10.21-01.47.34:366][ 43]LogPlayLevel: PIE:  No blueprints needed recompiling
[2014.10.21-01.47.34:366][ 43]PIE: New page: PIE session: Example_City (Oct 20, 2014, 1:47:34 PM)
[2014.10.21-01.47.34:369][ 43]LogPlayLevel: PIE: StaticDuplicateObject took: (0.002423s)
[2014.10.21-01.47.34:369][ 43]LogPlayLevel: PIE: World Init took: (0.000507s)
[2014.10.21-01.47.34:369][ 43]LogPlayLevel: PIE: Created PIE world by copying editor world from /Game/Maps/Example_City.Example_City to /Game/Maps/UEDPIE_0_Example_City.Example_City (0.003112s)
[2014.10.21-01.47.34:423][ 43]LogWorld: Game class is 'PhaseGameMode_C'
[2014.10.21-01.47.34:424][ 43]LogAIModule: Creating AISystem for world Example_City
[2014.10.21-01.47.34:427][ 43]LogWorld:Warning: *** WARNING - PATHS MAY NOT BE VALID ***
[2014.10.21-01.47.34:427][ 43]LogWorld: Bringing World /Game/Maps/UEDPIE_0_Example_City.Example_City up for play (max tick rate 0) at 2014.10.20-19.47.34
[2014.10.21-01.47.34:427][ 43]LogWorld: Bringing up level for play took: 0.003037
[2014.10.21-01.47.34:435][ 43]PIE: Info Play in editor start time for /Game/Maps/UEDPIE_0_Example_City 0.814
[2014.10.21-01.47.42:398][292]LogPhysics:Warning: ConvertOverlappedShapeToImpactHit: MTD returned NaN :( normal: (X:-1.#IND00, Y:-1.#IND00, Z:-1.#IND00)
[2014.10.21-01.47.44:684][358]LogParticles: Destroying 0 GPU particle simulations for FXSystem 0x000000000D2E93A0
[2014.10.21-01.48.07:919][  7]LogEditorViewport: Clicking on Actor (LMB): phasable_Floor_C (floor)
[2014.10.21-01.48.12:662][137]LogContentBrowser:Verbose: The content browser source was changed by the sources view to '/Game/Character'
[2014.10.21-01.48.12:721][138]LogAnimation:Warning: AnimBP generic_character_AnimBlueprint_C is incompatible with skeleton HeroTPP_Skeleton, removing AnimBP from actor.
[2014.10.21-01.48.13:048][148]LogContentBrowser:Verbose: The content browser source was changed by the sources view to '/Game/Blueprints'
[2014.10.21-01.48.30:780][584]LogActorComponent: UnregisterComponent: (/Engine/Transient.CharacterMovementComponent_2) Not registered. Aborting.
[2014.10.21-01.48.30:780][584]LogActorComponent: UnregisterComponent: (/Engine/Transient.CharacterMovementComponent_3) Not registered. Aborting.
[2014.10.21-01.48.49:126][266]LogContentBrowser:Verbose: The content browser source was changed by the sources view to 'None'
[2014.10.21-01.48.49:126][266]LogContentBrowser:Verbose: The content browser source was changed by the sources view to '/Game/Shapes'
[2014.10.21-01.49.56:660][ 50]BlueprintLog: New page: Compile phasable_Floor
[2014.10.21-01.49.56:803][ 50]LogParticles: Destroying 0 GPU particle simulations for FXSystem 0x000000001A191580
[2014.10.21-01.49.56:822][ 50]BlueprintEditorCompileResults: Info [0286.64] Compile of phasable_Floor successful! [in 0 ms]
[2014.10.21-01.50.58:784][896]LogSlate:Warning: GetFontFace failed to load or process 'Roboto-Regular'
[2014.10.21-01.50.58:784][896]LogSlate:Warning: GetFontFace failed to load or process 'Roboto-Regular'
[2014.10.21-01.50.58:784][896]LogSlate:Warning: GetFontFace failed to load or process 'Roboto-Regular'
[2014.10.21-01.50.58:784][896]LogSlate:Warning: GetFontFace failed to load or process 'Roboto-Regular'
[2014.10.21-01.50.58:784][896]LogSlate:Warning: GetFontFace failed to load or process 'Roboto-Regular'
[2014.10.21-01.50.58:785][896]LogSlate:Warning: GetFontFace failed to load or process 'Roboto-Regular'
[2014.10.21-01.50.58:785][896]LogSlate:Warning: GetFontFace failed to load or process 'Roboto-Regular'
[2014.10.21-01.50.58:785][896]LogSlate:Warning: GetFontFace failed to load or process 'Roboto-Regular'
[2014.10.21-01.50.58:785][896]LogSlate:Warning: GetFontFace failed to load or process 'Roboto-Regular'
[2014.10.21-01.50.58:785][896]LogSlate:Warning: GetFontFace failed to load or process 'Roboto-Regular'
[2014.10.21-01.50.58:785][896]LogSlate:Warning: GetFontFace failed to load or process 'Roboto-Regular'
[2014.10.21-01.50.58:785][896]LogSlate:Warning: GetFontFace failed to load or process 'Roboto-Regular'
[2014.10.21-01.50.58:785][896]LogSlate:Warning: GetFontFace failed to load or process 'Roboto-Regular'
[2014.10.21-01.50.58:785][896]LogSlate:Warning: GetFontFace failed to load or process 'Roboto-Regular'
[2014.10.21-01.50.58:785][896]LogSlate:Warning: GetFontFace failed to load or process 'Roboto-Regular'
[2014.10.21-01.50.58:785][896]LogSlate:Warning: GetFontFace failed to load or process 'Roboto-Regular'
[2014.10.21-01.50.58:785][896]LogSlate:Warning: GetFontFace failed to load or process 'Roboto-Regular'
[2014.10.21-01.50.58:785][896]LogSlate:Warning: GetFontFace failed to load or process 'Roboto-Regular'
[2014.10.21-01.51.20:373][620]LogContentBrowser:Verbose: The content browser source was changed by the sources view to '/Game/Blueprints'
[2014.10.21-01.51.21:924][664]LogContentBrowser:Verbose: The content browser source was changed by the sources view to '/Game/Blueprints/Parents'
[2014.10.21-01.52.06:544][897]LogSlate:Warning: GetFontFace failed to load or process 'Roboto-Regular'
[2014.10.21-01.52.06:544][897]LogSlate:Warning: GetFontFace failed to load or process 'Roboto-Regular'
[2014.10.21-01.52.06:544][897]LogSlate:Warning: GetFontFace failed to load or process 'Roboto-Regular'
[2014.10.21-01.52.06:544][897]LogSlate:Warning: GetFontFace failed to load or process 'Roboto-Regular'
[2014.10.21-01.52.06:544][897]LogSlate:Warning: GetFontFace failed to load or process 'Roboto-Regular'
[2014.10.21-01.52.06:544][897]LogSlate:Warning: GetFontFace failed to load or process 'Roboto-Regular'
[2014.10.21-01.52.06:544][897]LogSlate:Warning: GetFontFace failed to load or process 'Roboto-Regular'
[2014.10.21-01.52.06:544][897]LogSlate:Warning: GetFontFace failed to load or process 'Roboto-Regular'
[2014.10.21-01.52.06:544][897]LogSlate:Warning: GetFontFace failed to load or process 'Roboto-Regular'
[2014.10.21-01.52.06:544][897]LogSlate:Warning: GetFontFace failed to load or process 'Roboto-Regular'
[2014.10.21-01.52.43:494][993]LogSlate:Warning: GetFontFace failed to load or process 'Roboto-Regular'
[2014.10.21-01.55.55:502][471]LogActorComponent: UnregisterComponent: (/Engine/Transient.CharacterMovementComponent_4) Not registered. Aborting.
[2014.10.21-01.55.55:502][471]LogActorComponent: UnregisterComponent: (/Engine/Transient.CharacterMovementComponent_5) Not registered. Aborting.
[2014.10.21-01.55.55:625][471]LogSavePackage: Save=34.375057ms
[2014.10.21-01.55.55:625][471]LogSavePackage: Moving '../../../../../../Users/Mongoose/Documents/Unreal Projects/Practice/Saved/Example_City_Auto17B4C2825409044DD99579B9DDCE8230A.tmp' to '../../../../../../Users/Mongoose/Documents/Unreal Projects/Practice/Saved/Autosaves/Game/Maps/Example_City_Auto1.umap'
[2014.10.21-01.55.55:633][471]LogFileHelpers: Editor autosave (incl. sublevels) for '/Game/Maps/Example_City' took 0.131
[2014.10.21-01.55.55:633][471]LogFileHelpers: Editor autosave (incl. sublevels) for all levels took 0.131
[2014.10.21-01.55.55:647][471]OBJ SavePackage: Generating thumbnails for [1] asset(s) in package [/Game/Materials/M_Glass] ([1] browsable assets)...
[2014.10.21-01.55.55:667][471]OBJ SavePackage:     Rendered thumbnail for [Material /Game/Materials/M_Glass.M_Glass]
[2014.10.21-01.55.55:667][471]OBJ SavePackage: Finished generating thumbnails for package [/Game/Materials/M_Glass]
[2014.10.21-01.55.56:054][471]LogSavePackage: Save=361.560181ms
[2014.10.21-01.55.56:054][471]LogSavePackage: Moving '../../../../../../Users/Mongoose/Documents/Unreal Projects/Practice/Saved/M_Glass_Auto199B8AE6A450954D0CEF4B18118FE575E.tmp' to '../../../../../../Users/Mongoose/Documents/Unreal Projects/Practice/Saved/Autosaves/Game/Materials/M_Glass_Auto1.uasset'
[2014.10.21-01.55.56:075][471]OBJ SavePackage: Generating thumbnails for [1] asset(s) in package [/Game/Blueprints/phasable_Floor] ([1] browsable assets)...
[2014.10.21-01.55.56:099][471]OBJ SavePackage:     Rendered thumbnail for [Blueprint /Game/Blueprints/phasable_Floor.phasable_Floor]
[2014.10.21-01.55.56:099][471]OBJ SavePackage: Finished generating thumbnails for package [/Game/Blueprints/phasable_Floor]
[2014.10.21-01.55.56:367][471]LogSavePackage: Save=238.790604ms
[2014.10.21-01.55.56:367][471]LogSavePackage: Moving '../../../../../../Users/Mongoose/Documents/Unreal Projects/Practice/Saved/phasable_Floor_Auto15AEE2C2D4B3FD59FD7C0F2BFE1EC8C73.tmp' to '../../../../../../Users/Mongoose/Documents/Unreal Projects/Practice/Saved/Autosaves/Game/Blueprints/phasable_Floor_Auto1.uasset'
[2014.10.21-01.55.56:389][471]OBJ SavePackage: Generating thumbnails for [1] asset(s) in package [/Game/Blueprints/MyCharacter2] ([1] browsable assets)...
[2014.10.21-01.55.56:408][471]OBJ SavePackage:     Rendered thumbnail for [Blueprint /Game/Blueprints/MyCharacter2.MyCharacter2]
[2014.10.21-01.55.56:408][471]OBJ SavePackage: Finished generating thumbnails for package [/Game/Blueprints/MyCharacter2]
[2014.10.21-01.55.57:053][471]LogSavePackage: Save=615.810730ms
[2014.10.21-01.55.57:053][471]LogSavePackage: Moving '../../../../../../Users/Mongoose/Documents/Unreal Projects/Practice/Saved/MyCharacter2_Auto1F6DC8020486CB521BA6B5CBB3F71B8EA.tmp' to '../../../../../../Users/Mongoose/Documents/Unreal Projects/Practice/Saved/Autosaves/Game/Blueprints/MyCharacter2_Auto1.uasset'
[2014.10.21-01.55.57:076][471]OBJ SavePackage: Generating thumbnails for [1] asset(s) in package [/Game/Shapes/phasing_floor] ([1] browsable assets)...
[2014.10.21-01.55.57:094][471]OBJ SavePackage:     Rendered thumbnail for [StaticMesh /Game/Shapes/phasing_floor.phasing_floor]
[2014.10.21-01.55.57:094][471]OBJ SavePackage: Finished generating thumbnails for package [/Game/Shapes/phasing_floor]
[2014.10.21-01.55.57:357][471]LogSavePackage: Save=245.807587ms
[2014.10.21-01.55.57:357][471]LogSavePackage: Moving '../../../../../../Users/Mongoose/Documents/Unreal Projects/Practice/Saved/phasing_floor_Auto1D7847C6140B490330CAB2BAB7821174A.tmp' to '../../../../../../Users/Mongoose/Documents/Unreal Projects/Practice/Saved/Autosaves/Game/Shapes/phasing_floor_Auto1.uasset'
[2014.10.21-01.55.57:366][471]LogFileHelpers: Auto-saving content packages took 1.733
[2014.10.21-01.58.24:890][868]BlueprintLog: New page: Compile MyCharacter2
[2014.10.21-01.58.25:240][868]LogBlueprint:Error: [compiler] Error This blueprint (self) is not a SceneComponent, therefore ' Target ' must have a connection
[2014.10.21-01.58.25:241][868]LogBlueprint:Error: [compiler] Error This blueprint (self) is not a PrimitiveComponent, therefore ' Target ' must have a connection
[2014.10.21-01.58.25:241][868]LogBlueprint:Error: [compiler] Error This blueprint (self) is not a PrimitiveComponent, therefore ' Target ' must have a connection
[2014.10.21-01.58.25:241][868]LogBlueprint:Error: [compiler] Error This blueprint (self) is not a SceneComponent, therefore ' Target ' must have a connection
[2014.10.21-01.58.25:290][868]LogBlueprint:Warning: [compiler] Warning [0795.25] Compile of MyCharacter2 failed. 4 Fatal Issue(s) 0 Warning(s) [in 135 ms]
[2014.10.21-01.58.25:511][868]LogActorComponent: UnregisterComponent: (/Engine/Transient.CharacterMovementComponent_6) Not registered. Aborting.
[2014.10.21-01.58.25:628][868]BlueprintEditorCompileResults:Error: Error This blueprint (self) is not a SceneComponent, therefore ' Target ' must have a connection
[2014.10.21-01.58.25:628][868]BlueprintEditorCompileResults:Error: Error This blueprint (self) is not a PrimitiveComponent, therefore ' Target ' must have a connection
[2014.10.21-01.58.25:628][868]BlueprintEditorCompileResults:Error: Error This blueprint (self) is not a PrimitiveComponent, therefore ' Target ' must have a connection
[2014.10.21-01.58.25:628][868]BlueprintEditorCompileResults:Error: Error This blueprint (self) is not a SceneComponent, therefore ' Target ' must have a connection
[2014.10.21-01.58.25:628][868]BlueprintEditorCompileResults:Warning: Warning [0795.25] Compile of MyCharacter2 failed. 4 Fatal Issue(s) 0 Warning(s) [in 135 ms]
[2014.10.21-01.59.03:009][157]LogSlate:Warning: GetFontFace failed to load or process 'Roboto-Regular'
[2014.10.21-01.59.03:009][157]LogSlate:Warning: GetFontFace failed to load or process 'Roboto-Regular'
[2014.10.21-01.59.03:009][157]LogSlate:Warning: GetFontFace failed to load or process 'Roboto-Regular'
[2014.10.21-01.59.03:009][157]LogSlate:Warning: GetFontFace failed to load or process 'Roboto-Regular'
[2014.10.21-01.59.06:786][289]BlueprintLog: New page: Compile MyCharacter2
[2014.10.21-01.59.07:137][289]LogBlueprint:Error: [compiler] Error This blueprint (self) is not a PrimitiveComponent, therefore ' Target ' must have a connection
[2014.10.21-01.59.07:137][289]LogBlueprint:Error: [compiler] Error This blueprint (self) is not a PrimitiveComponent, therefore ' Target ' must have a connection
[2014.10.21-01.59.07:183][289]LogBlueprint:Warning: [compiler] Warning [0837.14] Compile of MyCharacter2 failed. 2 Fatal Issue(s) 0 Warning(s) [in 132 ms]
[2014.10.21-01.59.07:521][289]BlueprintEditorCompileResults:Error: Error This blueprint (self) is not a PrimitiveComponent, therefore ' Target ' must have a connection
[2014.10.21-01.59.07:521][289]BlueprintEditorCompileResults:Error: Error This blueprint (self) is not a PrimitiveComponent, therefore ' Target ' must have a connection
[2014.10.21-01.59.07:521][289]BlueprintEditorCompileResults:Warning: Warning [0837.14] Compile of MyCharacter2 failed. 2 Fatal Issue(s) 0 Warning(s) [in 132 ms]
[2014.10.21-01.59.15:089][539]BlueprintLog: New page: Compile MyCharacter2
[2014.10.21-01.59.15:693][539]BlueprintEditorCompileResults: Info [0845.46] Compile of MyCharacter2 successful! [in 144 ms]
[2014.10.21-01.59.18:644][625]LogPlayLevel: PIE:  No blueprints needed recompiling
[2014.10.21-01.59.18:644][625]PIE: New page: PIE session: Example_City (Oct 20, 2014, 1:59:18 PM)
[2014.10.21-01.59.18:647][625]LogPlayLevel: PIE: StaticDuplicateObject took: (0.002533s)
[2014.10.21-01.59.18:647][625]LogPlayLevel: PIE: World Init took: (0.000535s)
[2014.10.21-01.59.18:647][625]LogPlayLevel: PIE: Created PIE world by copying editor world from /Game/Maps/Example_City.Example_City to /Game/Maps/UEDPIE_0_Example_City.Example_City (0.003255s)
[2014.10.21-01.59.18:705][625]LogWorld: Game class is 'PhaseGameMode_C'
[2014.10.21-01.59.18:707][625]LogAIModule: Creating AISystem for world Example_City
[2014.10.21-01.59.18:710][625]LogWorld:Warning: *** WARNING - PATHS MAY NOT BE VALID ***
[2014.10.21-01.59.18:710][625]LogWorld: Bringing World /Game/Maps/UEDPIE_0_Example_City.Example_City up for play (max tick rate 0) at 2014.10.20-19.59.18
[2014.10.21-01.59.18:710][625]LogWorld: Bringing up level for play took: 0.003144
[2014.10.21-01.59.18:722][625]PIE: Info Play in editor start time for /Game/Maps/UEDPIE_0_Example_City -0.917
[2014.10.21-01.59.26:519][877]LogParticles: Destroying 0 GPU particle simulations for FXSystem 0x000000003A64F920
[2014.10.21-01.59.36:209][144]LogContentBrowser:Verbose: The content browser source was changed by the sources view to '/Game/Blueprints'
[2014.10.21-01.59.55:401][814]BlueprintLog: New page: Compile MyCharacter2
[2014.10.21-01.59.55:754][814]LogBlueprint:Error: [compiler] Error This blueprint (self) is not a CameraActor, therefore ' Target ' must have a connection
[2014.10.21-01.59.55:757][814]LogBlueprint:Error: [compiler] Error Variable node  Get CameraComponent  uses an invalid target.  It may depend on a node that is not connected to the execution chain, and got purged.
[2014.10.21-01.59.55:803][814]LogBlueprint:Warning: [compiler] Warning [0885.76] Compile of MyCharacter2 failed. 2 Fatal Issue(s) 0 Warning(s) [in 133 ms]
[2014.10.21-01.59.56:009][814]LogActorComponent: UnregisterComponent: (/Engine/Transient.CharacterMovementComponent_7) Not registered. Aborting.
[2014.10.21-01.59.56:009][814]LogActorComponent: UnregisterComponent: (/Engine/Transient.CharacterMovementComponent_8) Not registered. Aborting.
[2014.10.21-01.59.56:115][814]BlueprintEditorCompileResults:Error: Error This blueprint (self) is not a CameraActor, therefore ' Target ' must have a connection
[2014.10.21-01.59.56:115][814]BlueprintEditorCompileResults:Error: Error Variable node  Get CameraComponent  uses an invalid target.  It may depend on a node that is not connected to the execution chain, and got purged.
[2014.10.21-01.59.56:115][814]BlueprintEditorCompileResults:Warning: Warning [0885.76] Compile of MyCharacter2 failed. 2 Fatal Issue(s) 0 Warning(s) [in 133 ms]
[2014.10.21-02.00.46:260][494]BlueprintLog: New page: Compile MyCharacter2
[2014.10.21-02.00.46:763][494]LogActorComponent: UnregisterComponent: (/Engine/Transient.CharacterMovementComponent_9) Not registered. Aborting.
[2014.10.21-02.00.46:868][494]BlueprintEditorCompileResults: Info [0936.63] Compile of MyCharacter2 successful! [in 137 ms]
[2014.10.21-02.00.49:552][571]LogPlayLevel: PIE:  No blueprints needed recompiling
[2014.10.21-02.00.49:552][571]PIE: New page: PIE session: Example_City (Oct 20, 2014, 2:00:49 PM)
[2014.10.21-02.00.49:555][571]LogPlayLevel: PIE: StaticDuplicateObject took: (0.002942s)
[2014.10.21-02.00.49:556][571]LogPlayLevel: PIE: World Init took: (0.000526s)
[2014.10.21-02.00.49:556][571]LogPlayLevel: PIE: Created PIE world by copying editor world from /Game/Maps/Example_City.Example_City to /Game/Maps/UEDPIE_0_Example_City.Example_City (0.003630s)
[2014.10.21-02.00.49:609][571]LogWorld: Game class is 'PhaseGameMode_C'
[2014.10.21-02.00.49:610][571]LogAIModule: Creating AISystem for world Example_City
[2014.10.21-02.00.49:613][571]LogWorld:Warning: *** WARNING - PATHS MAY NOT BE VALID ***
[2014.10.21-02.00.49:613][571]LogWorld: Bringing World /Game/Maps/UEDPIE_0_Example_City.Example_City up for play (max tick rate 0) at 2014.10.20-20.00.49
[2014.10.21-02.00.49:613][571]LogWorld: Bringing up level for play took: 0.003100
[2014.10.21-02.00.49:622][571]PIE: Info Play in editor start time for /Game/Maps/UEDPIE_0_Example_City -0.019
[2014.10.21-02.00.51:150][614]LogPhysics:Warning: ConvertOverlappedShapeToImpactHit: MTD returned NaN :( normal: (X:-1.#IND00, Y:-1.#IND00, Z:-1.#IND00)
[2014.10.21-02.00.55:182][743]LogPhysics:Warning: ConvertOverlappedShapeToImpactHit: MTD returned NaN :( normal: (X:-1.#IND00, Y:-1.#IND00, Z:-1.#IND00)
[2014.10.21-02.00.59:812][888]LogActorComponent: UnregisterComponent: (/Engine/Transient.CharacterMovementComponent_10) Not registered. Aborting.
[2014.10.21-02.00.59:847][888]LogParticles: Destroying 0 GPU particle simulations for FXSystem 0x0000000035F5AD40
[2014.10.21-02.01.15:564][416]BlueprintLog: New page: Pre-PIE auto-recompile
[2014.10.21-02.01.15:566][416]LogPlayLevel: [PIE] Compiling phasable_Floor before PIE...
[2014.10.21-02.01.15:703][416]LogParticles: Destroying 0 GPU particle simulations for FXSystem 0x000000001FD97420
[2014.10.21-02.01.15:711][416]LogPlayLevel: PIE:  Blueprint regeneration took 146 ms (1 blueprints)
[2014.10.21-02.01.15:711][416]PIE: New page: PIE session: Example_City (Oct 20, 2014, 2:01:15 PM)
[2014.10.21-02.01.15:713][416]LogPlayLevel: PIE: StaticDuplicateObject took: (0.002368s)
[2014.10.21-02.01.15:714][416]LogPlayLevel: PIE: World Init took: (0.000562s)
[2014.10.21-02.01.15:714][416]LogPlayLevel: PIE: Created PIE world by copying editor world from /Game/Maps/Example_City.Example_City to /Game/Maps/UEDPIE_0_Example_City.Example_City (0.003101s)
[2014.10.21-02.01.15:768][416]LogWorld: Game class is 'PhaseGameMode_C'
[2014.10.21-02.01.15:769][416]LogAIModule: Creating AISystem for world Example_City
[2014.10.21-02.01.15:772][416]LogWorld:Warning: *** WARNING - PATHS MAY NOT BE VALID ***
[2014.10.21-02.01.15:772][416]LogWorld: Bringing World /Game/Maps/UEDPIE_0_Example_City.Example_City up for play (max tick rate 0) at 2014.10.20-20.01.15
[2014.10.21-02.01.15:773][416]LogWorld: Bringing up level for play took: 0.003092
[2014.10.21-02.01.15:778][416]PIE: Info Play in editor start time for /Game/Maps/UEDPIE_0_Example_City 0.137
[2014.10.21-02.01.17:515][465]Cmd: OBJ SAVEPACKAGE PACKAGE="/Game/Materials/M_Glass" FILE="../../../../../../Users/Mongoose/Documents/Unreal Projects/Practice/Content/Materials/M_Glass.uasset" SILENT=true
[2014.10.21-02.01.17:537][465]LogSavePackage: Save=10.671195ms
[2014.10.21-02.01.17:537][465]LogSavePackage: Moving '../../../../../../Users/Mongoose/Documents/Unreal Projects/Practice/Saved/M_Glass7165EA6042953537762792831AB3D896.tmp' to '../../../../../../Users/Mongoose/Documents/Unreal Projects/Practice/Content/Materials/M_Glass.uasset'
[2014.10.21-02.01.17:558][465]Cmd: OBJ SAVEPACKAGE PACKAGE="/Game/Blueprints/phasable_Floor" FILE="../../../../../../Users/Mongoose/Documents/Unreal Projects/Practice/Content/Blueprints/phasable_Floor.uasset" SILENT=true
[2014.10.21-02.01.17:798][465]LogSavePackage: Save=230.966980ms
[2014.10.21-02.01.17:798][465]LogSavePackage: Moving '../../../../../../Users/Mongoose/Documents/Unreal Projects/Practice/Saved/phasable_Floor0D26D98F44E955C83EB7669837F4A18A.tmp' to '../../../../../../Users/Mongoose/Documents/Unreal Projects/Practice/Content/Blueprints/phasable_Floor.uasset'
[2014.10.21-02.01.17:820][465]Cmd: OBJ SAVEPACKAGE PACKAGE="/Game/Blueprints/MyCharacter2" FILE="../../../../../../Users/Mongoose/Documents/Unreal Projects/Practice/Content/Blueprints/MyCharacter2.uasset" SILENT=true
[2014.10.21-02.01.18:428][465]LogSavePackage: Save=597.631714ms
[2014.10.21-02.01.18:428][465]LogSavePackage: Moving '../../../../../../Users/Mongoose/Documents/Unreal Projects/Practice/Saved/MyCharacter2880EA2C94584916B9C306A8F067ACD0C.tmp' to '../../../../../../Users/Mongoose/Documents/Unreal Projects/Practice/Content/Blueprints/MyCharacter2.uasset'
[2014.10.21-02.01.18:454][465]Cmd: OBJ SAVEPACKAGE PACKAGE="/Game/Shapes/phasing_floor" FILE="../../../../../../Users/Mongoose/Documents/Unreal Projects/Practice/Content/Shapes/phasing_floor.uasset" SILENT=true
[2014.10.21-02.01.18:694][465]LogSavePackage: Save=237.886810ms
[2014.10.21-02.01.18:694][465]LogSavePackage: Moving '../../../../../../Users/Mongoose/Documents/Unreal Projects/Practice/Saved/phasing_floor9ED32C9549D41391A8FD8F9A02BF9802.tmp' to '../../../../../../Users/Mongoose/Documents/Unreal Projects/Practice/Content/Shapes/phasing_floor.uasset'
[2014.10.21-02.01.20:107][508]LogActorComponent: UnregisterComponent: (/Engine/Transient.CharacterMovementComponent_11) Not registered. Aborting.
[2014.10.21-02.01.20:167][508]LogParticles: Destroying 0 GPU particle simulations for FXSystem 0x000000002A3C7A60
[2014.10.21-02.01.20:942][535]LogPlayLevel: PIE:  No blueprints needed recompiling
[2014.10.21-02.01.20:942][535]PIE: New page: PIE session: Example_City (Oct 20, 2014, 2:01:20 PM)
[2014.10.21-02.01.20:944][535]LogPlayLevel: PIE: StaticDuplicateObject took: (0.002262s)
[2014.10.21-02.01.20:945][535]LogPlayLevel: PIE: World Init took: (0.000494s)
[2014.10.21-02.01.20:945][535]LogPlayLevel: PIE: Created PIE world by copying editor world from /Game/Maps/Example_City.Example_City to /Game/Maps/UEDPIE_0_Example_City.Example_City (0.002913s)
[2014.10.21-02.01.21:014][535]LogWorld: Game class is 'PhaseGameMode_C'
[2014.10.21-02.01.21:015][535]LogAIModule: Creating AISystem for world Example_City
[2014.10.21-02.01.21:018][535]LogWorld:Warning: *** WARNING - PATHS MAY NOT BE VALID ***
[2014.10.21-02.01.21:018][535]LogWorld: Bringing World /Game/Maps/UEDPIE_0_Example_City.Example_City up for play (max tick rate 0) at 2014.10.20-20.01.21
[2014.10.21-02.01.21:018][535]LogWorld: Bringing up level for play took: 0.003147
[2014.10.21-02.01.21:024][535]PIE: Info Play in editor start time for /Game/Maps/UEDPIE_0_Example_City -0.618
[2014.10.21-02.01.24:012][623]LogParticles: Destroying 0 GPU particle simulations for FXSystem 0x000000002A3C5BC0
[2014.10.21-02.01.51:761][569]BlueprintLog: New page: Compile MyCharacter2
[2014.10.21-02.01.52:262][569]LogActorComponent: UnregisterComponent: (/Engine/Transient.CharacterMovementComponent_12) Not registered. Aborting.
[2014.10.21-02.01.52:373][569]BlueprintEditorCompileResults: Info [1002.13] Compile of MyCharacter2 successful! [in 143 ms]
[2014.10.21-02.01.54:687][629]LogPlayLevel: PIE:  No blueprints needed recompiling
[2014.10.21-02.01.54:687][629]PIE: New page: PIE session: Example_City (Oct 20, 2014, 2:01:54 PM)
[2014.10.21-02.01.54:690][629]LogPlayLevel: PIE: StaticDuplicateObject took: (0.002585s)
[2014.10.21-02.01.54:690][629]LogPlayLevel: PIE: World Init took: (0.000505s)
[2014.10.21-02.01.54:690][629]LogPlayLevel: PIE: Created PIE world by copying editor world from /Game/Maps/Example_City.Example_City to /Game/Maps/UEDPIE_0_Example_City.Example_City (0.003246s)
[2014.10.21-02.01.54:749][629]LogWorld: Game class is 'PhaseGameMode_C'
[2014.10.21-02.01.54:750][629]LogAIModule: Creating AISystem for world Example_City
[2014.10.21-02.01.54:753][629]LogWorld:Warning: *** WARNING - PATHS MAY NOT BE VALID ***
[2014.10.21-02.01.54:753][629]LogWorld: Bringing World /Game/Maps/UEDPIE_0_Example_City.Example_City up for play (max tick rate 0) at 2014.10.20-20.01.54
[2014.10.21-02.01.54:754][629]LogWorld: Bringing up level for play took: 0.003190
[2014.10.21-02.01.54:765][629]PIE: Info Play in editor start time for /Game/Maps/UEDPIE_0_Example_City -0.877
[2014.10.21-02.01.55:771][658]LogPhysics:Warning: ConvertOverlappedShapeToImpactHit: MTD returned NaN :( normal: (X:-1.#IND00, Y:-1.#IND00, Z:-1.#IND00)
[2014.10.21-02.01.59:502][777]LogPhysics:Warning: ConvertOverlappedShapeToImpactHit: MTD returned NaN :( normal: (X:-1.#IND00, Y:-1.#IND00, Z:-1.#IND00)
[2014.10.21-02.02.02:368][869]LogPhysics:Warning: ConvertOverlappedShapeToImpactHit: MTD returned NaN :( normal: (X:-1.#IND00, Y:-1.#IND00, Z:-1.#IND00)
[2014.10.21-02.02.05:581][971]LogPhysics:Warning: ConvertOverlappedShapeToImpactHit: MTD returned NaN :( normal: (X:-1.#IND00, Y:-1.#IND00, Z:-1.#IND00)
[2014.10.21-02.02.07:550][ 31]LogPhysics:Warning: ConvertOverlappedShapeToImpactHit: MTD returned NaN :( normal: (X:-1.#IND00, Y:-1.#IND00, Z:-1.#IND00)
[2014.10.21-02.02.10:120][112]LogPhysics:Warning: ConvertOverlappedShapeToImpactHit: MTD returned NaN :( normal: (X:-1.#IND00, Y:-1.#IND00, Z:-1.#IND00)
[2014.10.21-02.02.12:497][184]LogPhysics:Warning: ConvertOverlappedShapeToImpactHit: MTD returned NaN :( normal: (X:-1.#IND00, Y:-1.#IND00, Z:-1.#IND00)
[2014.10.21-02.02.16:339][307]LogPhysics:Warning: ConvertOverlappedShapeToImpactHit: MTD returned NaN :( normal: (X:-1.#IND00, Y:-1.#IND00, Z:-1.#IND00)
[2014.10.21-02.02.22:254][480]LogActorComponent: UnregisterComponent: (/Engine/Transient.CharacterMovementComponent_13) Not registered. Aborting.
[2014.10.21-02.02.22:289][480]LogParticles: Destroying 0 GPU particle simulations for FXSystem 0x0000000035F891C0
[2014.10.21-02.04.39:806][590]LogSavePackage: Save=22.499315ms
[2014.10.21-02.04.39:806][590]LogSavePackage: Moving '../../../../../../Users/Mongoose/Documents/Unreal Projects/Practice/Saved/Example_City8AEADEC54450E71F4E4B33B1B5B2905E.tmp' to '../../../../../../Users/Mongoose/Documents/Unreal Projects/Practice/Content/Maps/Example_City.umap'
[2014.10.21-02.04.45:649][734]Cmd: OBJ SAVEPACKAGE PACKAGE="/Game/Blueprints/MyCharacter2" FILE="../../../../../../Users/Mongoose/Documents/Unreal Projects/Practice/Content/Blueprints/MyCharacter2.uasset" SILENT=true
[2014.10.21-02.04.51:235][734]LogSavePackage: Save=636.303040ms
[2014.10.21-02.04.51:235][734]LogSavePackage: Moving '../../../../../../Users/Mongoose/Documents/Unreal Projects/Practice/Saved/MyCharacter288DCA3DC48DDF795D5BF169F52584597.tmp' to '../../../../../../Users/Mongoose/Documents/Unreal Projects/Practice/Content/Blueprints/MyCharacter2.uasset'
[2014.10.21-02.04.52:118][735]Cmd: QUIT_EDITOR
[2014.10.21-02.04.52:244][735]LogWindowsTextInputMethodSystem:Error: Terminating failed while unadvising the language notification sink from the TSF source.
[2014.10.21-02.04.52:245][735]LogExit: Preparing to exit.
[2014.10.21-02.04.53:320][735]LogExit: Editor shut down
[2014.10.21-02.04.53:320][735]LogExit: Transaction tracking system shut down
[2014.10.21-02.04.53:321][735]LogParticles: Destroying 0 GPU particle simulations for FXSystem 0x000000000CA43560
[2014.10.21-02.04.53:321][735]LogParticles: Destroying 0 GPU particle simulations for FXSystem 0x00000000192309A0
[2014.10.21-02.04.53:329][735]LogParticles: Destroying 0 GPU particle simulations for FXSystem 0x0000000013B5B7E0
[2014.10.21-02.04.53:330][735]LogParticles: Destroying 0 GPU particle simulations for FXSystem 0x0000000019FFD300
[2014.10.21-02.04.53:330][735]LogParticles: Destroying 0 GPU particle simulations for FXSystem 0x000000001FFC3600
[2014.10.21-02.04.53:331][735]LogParticles: Destroying 0 GPU particle simulations for FXSystem 0x000000001E2D0E00
[2014.10.21-02.04.53:331][735]LogParticles: Destroying 0 GPU particle simulations for FXSystem 0x000000001E2D1F80
[2014.10.21-02.04.53:331][735]LogParticles: Destroying 0 GPU particle simulations for FXSystem 0x000000001E2D1EE0
[2014.10.21-02.04.53:366][735]LogParticles: Destroying 0 GPU particle simulations for FXSystem 0x00000000231FFE20
[2014.10.21-02.04.53:366][735]LogParticles: Destroying 0 GPU particle simulations for FXSystem 0x0000000023150D60
[2014.10.21-02.04.53:366][735]LogParticles: Destroying 0 GPU particle simulations for FXSystem 0x0000000023150900
[2014.10.21-02.04.53:366][735]LogParticles: Destroying 0 GPU particle simulations for FXSystem 0x0000000023150400
[2014.10.21-02.04.53:366][735]LogExit: Object subsystem successfully closed.
[2014.10.21-02.04.53:387][735]LogModuleManager: Shutting down and abandoning module StaticMeshEditor (156)
[2014.10.21-02.04.53:387][735]LogModuleManager: Shutting down and abandoning module MaterialEditor (155)
[2014.10.21-02.04.53:387][735]LogModuleManager: Shutting down and abandoning module HTTP (154)
[2014.10.21-02.04.53:387][735]LogModuleManager: Shutting down and abandoning module CrashTracker (153)
[2014.10.21-02.04.53:387][735]LogModuleManager: Shutting down and abandoning module SuperSearch (152)
[2014.10.21-02.04.53:388][735]LogModuleManager: Shutting down and abandoning module SceneOutliner (151)
[2014.10.21-02.04.53:388][735]LogModuleManager: Shutting down and abandoning module EditorWidgets (150)
[2014.10.21-02.04.53:388][735]LogModuleManager: Shutting down and abandoning module CollectionManager (149)
[2014.10.21-02.04.53:389][735]LogModuleManager: Shutting down and abandoning module StatsViewer (148)
[2014.10.21-02.04.53:389][735]LogModuleManager: Shutting down and abandoning module FoliageEdit (147)
[2014.10.21-02.04.53:389][735]LogModuleManager: Shutting down and abandoning module LandscapeEditor (146)
[2014.10.21-02.04.53:389][735]LogModuleManager: Shutting down and abandoning module MeshPaint (145)
[2014.10.21-02.04.53:389][735]LogModuleManager: Shutting down and abandoning module ActorPickerMode (144)
[2014.10.21-02.04.53:389][735]LogModuleManager: Shutting down and abandoning module GeometryMode (143)
[2014.10.21-02.04.53:389][735]LogModuleManager: Shutting down and abandoning module TextureAlignMode (142)
[2014.10.21-02.04.53:389][735]LogModuleManager: Shutting down and abandoning module BspMode (141)
[2014.10.21-02.04.53:389][735]LogModuleManager: Shutting down and abandoning module PlacementMode (140)
[2014.10.21-02.04.53:389][735]LogModuleManager: Shutting down and abandoning module AutomationWorker (139)
[2014.10.21-02.04.53:389][735]LogModuleManager: Shutting down and abandoning module EditorLiveStreaming (138)
[2014.10.21-02.04.53:389][735]LogModuleManager: Shutting down and abandoning module BehaviorTreeEditor (137)
[2014.10.21-02.04.53:389][735]LogModuleManager: Shutting down and abandoning module DeviceProfileEditor (136)
[2014.10.21-02.04.53:389][735]LogModuleManager: Shutting down and abandoning module UndoHistory (135)
[2014.10.21-02.04.53:389][735]LogModuleManager: Shutting down and abandoning module GameplayTagsEditor (134)
[2014.10.21-02.04.53:389][735]LogModuleManager: Shutting down and abandoning module UserFeedback (133)
[2014.10.21-02.04.53:389][735]LogModuleManager: Shutting down and abandoning module XmlParser (132)
[2014.10.21-02.04.53:389][735]LogModuleManager: Shutting down and abandoning module Blutility (131)
[2014.10.21-02.04.53:389][735]LogModuleManager: Shutting down and abandoning module IOSPlatformEditor (130)
[2014.10.21-02.04.53:389][735]LogModuleManager: Shutting down and abandoning module IOSRuntimeSettings (129)
[2014.10.21-02.04.53:389][735]LogModuleManager: Shutting down and abandoning module ProjectTargetPlatformEditor (126)
[2014.10.21-02.04.53:389][735]LogModuleManager: Shutting down and abandoning module ProjectSettingsViewer (125)
[2014.10.21-02.04.53:389][735]LogModuleManager: Shutting down and abandoning module InputBindingEditor (124)
[2014.10.21-02.04.53:389][735]LogModuleManager: Shutting down and abandoning module EditorSettingsViewer (123)
[2014.10.21-02.04.53:389][735]LogModuleManager: Shutting down and abandoning module SettingsEditor (122)
[2014.10.21-02.04.53:389][735]LogModuleManager: Shutting down and abandoning module SessionLauncher (121)
[2014.10.21-02.04.53:389][735]LogModuleManager: Shutting down and abandoning module SessionFrontend (120)
[2014.10.21-02.04.53:389][735]LogModuleManager: Shutting down and abandoning module ProfilerClient (119)
[2014.10.21-02.04.53:389][735]LogModuleManager: Shutting down and abandoning module TargetDeviceServices (118)
[2014.10.21-02.04.53:389][735]LogModuleManager: Shutting down and abandoning module DeviceManager (117)
[2014.10.21-02.04.53:389][735]LogModuleManager: Shutting down and abandoning module AutomationController (116)
[2014.10.21-02.04.53:389][735]LogModuleManager: Shutting down and abandoning module AutomationWindow (115)
[2014.10.21-02.04.53:389][735]LogModuleManager: Shutting down and abandoning module Layers (114)
[2014.10.21-02.04.53:389][735]LogModuleManager: Shutting down and abandoning module ComponentVisualizers (113)
[2014.10.21-02.04.53:389][735]LogModuleManager: Shutting down and abandoning module DetailCustomizations (112)
[2014.10.21-02.04.53:389][735]LogModuleManager: Shutting down and abandoning module PackagesDialog (111)
[2014.10.21-02.04.53:389][735]LogModuleManager: Shutting down and abandoning module Persona (110)
[2014.10.21-02.04.53:389][735]LogModuleManager: Shutting down and abandoning module GraphEditor (109)
[2014.10.21-02.04.53:390][735]LogModuleManager: Shutting down and abandoning module ClassViewer (108)
[2014.10.21-02.04.53:390][735]LogModuleManager: Shutting down and abandoning module Toolbox (107)
[2014.10.21-02.04.53:390][735]LogModuleManager: Shutting down and abandoning module ModuleUI (106)
[2014.10.21-02.04.53:390][735]LogModuleManager: Shutting down and abandoning module Sequencer (105)
[2014.10.21-02.04.53:390][735]LogModuleManager: Shutting down and abandoning module MovieSceneTools (104)
[2014.10.21-02.04.53:390][735]LogModuleManager: Shutting down and abandoning module OutputLog (103)
[2014.10.21-02.04.53:390][735]LogModuleManager: Shutting down and abandoning module GammaUI (102)
[2014.10.21-02.04.53:390][735]LogModuleManager: Shutting down and abandoning module Documentation (101)
[2014.10.21-02.04.53:390][735]LogModuleManager: Shutting down and abandoning module GameLiveStreaming (100)
[2014.10.21-02.04.53:390][735]LogModuleManager: Shutting down and abandoning module DesktopPlatform (99)
[2014.10.21-02.04.53:390][735]LogModuleManager: Shutting down and abandoning module StreamingPauseRendering (98)
[2014.10.21-02.04.53:390][735]LogModuleManager: Shutting down and abandoning module AnalyticsET (97)
[2014.10.21-02.04.53:390][735]LogModuleManager: Shutting down and abandoning module Analytics (96)
[2014.10.21-02.04.53:390][735]LogModuleManager: Shutting down and abandoning module GameplayDebugger (95)
[2014.10.21-02.04.53:390][735]LogModuleManager: Shutting down and abandoning module AIModule (94)
[2014.10.21-02.04.53:390][735]LogModuleManager: Shutting down and abandoning module ProfilerService (93)
[2014.10.21-02.04.53:429][735]LogModuleManager: Shutting down and abandoning module TaskGraph (92)
[2014.10.21-02.04.53:429][735]LogModuleManager: Shutting down and abandoning module SlateRemote (91)
[2014.10.21-02.04.53:429][735]LogModuleManager: Shutting down and abandoning module ScriptEditorPlugin (90)
[2014.10.21-02.04.53:429][735]LogModuleManager: Shutting down and abandoning module CustomMeshComponent (89)
[2014.10.21-02.04.53:429][735]LogModuleManager: Shutting down and abandoning module CableComponent (88)
[2014.10.21-02.04.53:429][735]LogModuleManager: Shutting down and abandoning module MessagingDebugger (87)
[2014.10.21-02.04.53:429][735]LogModuleManager: Shutting down and abandoning module ViewportSnapping (86)
[2014.10.21-02.04.53:429][735]LogModuleManager: Shutting down and abandoning module SmartSnapping (85)
[2014.10.21-02.04.53:429][735]LogModuleManager: Shutting down and abandoning module PaperTiledImporter (84)
[2014.10.21-02.04.53:429][735]LogModuleManager: Shutting down and abandoning module PaperJsonImporter (83)
[2014.10.21-02.04.53:429][735]LogModuleManager: Shutting down and abandoning module GameProjectGeneration (82)
[2014.10.21-02.04.53:429][735]LogModuleManager: Shutting down and abandoning module Matinee (81)
[2014.10.21-02.04.53:429][735]LogModuleManager: Shutting down and abandoning module Kismet (80)
[2014.10.21-02.04.53:429][735]LogModuleManager: Shutting down and abandoning module SlateReflector (79)
[2014.10.21-02.04.53:429][735]LogModuleManager: Shutting down and abandoning module LevelEditor (78)
[2014.10.21-02.04.53:430][735]LogModuleManager: Shutting down and abandoning module IntroTutorials (77)
[2014.10.21-02.04.53:430][735]LogModuleManager: Shutting down and abandoning module ContentBrowser (76)
[2014.10.21-02.04.53:430][735]LogModuleManager: Shutting down and abandoning module PropertyEditor (75)
[2014.10.21-02.04.53:430][735]LogModuleManager: Shutting down and abandoning module AssetTools (74)
[2014.10.21-02.04.53:430][735]LogModuleManager: Shutting down and abandoning module Paper2DEditor (73)
[2014.10.21-02.04.53:430][735]LogModuleManager: Shutting down and abandoning module SpeedTreeImporter (72)
[2014.10.21-02.04.53:430][735]LogModuleManager: Shutting down and abandoning module PluginsEditor (71)
[2014.10.21-02.04.53:430][735]LogModuleManager: Shutting down and abandoning module MainFrame (70)
[2014.10.21-02.04.53:430][735]LogModuleManager: Shutting down and abandoning module EpicSurvey (69)
[2014.10.21-02.04.53:430][735]LogModuleManager: Shutting down and abandoning module VisualStudioSourceCodeAccess (68)
[2014.10.21-02.04.53:430][735]LogModuleManager: Shutting down and abandoning module UObjectPlugin (67)
[2014.10.21-02.04.53:430][735]LogModuleManager: Shutting down and abandoning module SubversionSourceControl (66)
[2014.10.21-02.04.53:430][735]LogModuleManager: Shutting down and abandoning module SourceControl (65)
[2014.10.21-02.04.53:430][735]LogModuleManager: Shutting down and abandoning module PerforceSourceControl (64)
[2014.10.21-02.04.53:430][735]LogModuleManager: Shutting down and abandoning module BlankPlugin (63)
[2014.10.21-02.04.53:430][735]LogModuleManager: Shutting down and abandoning module DirectoryWatcher (62)
[2014.10.21-02.04.53:431][735]LogModuleManager: Shutting down and abandoning module AssetRegistry (61)
[2014.10.21-02.04.53:498][735]LogModuleManager: Shutting down and abandoning module Practice (60)
[2014.10.21-02.04.53:498][735]LogModuleManager: Shutting down and abandoning module ScriptPlugin (59)
[2014.10.21-02.04.53:498][735]LogModuleManager: Shutting down and abandoning module UdpMessaging (58)
[2014.10.21-02.04.53:598][735]LogModuleManager: Shutting down and abandoning module Paper2D (57)
[2014.10.21-02.04.53:598][735]LogModuleManager: Shutting down and abandoning module WindowsMoviePlayer (56)
[2014.10.21-02.04.53:598][735]LogModuleManager: Shutting down and abandoning module ImageWrapper (55)
[2014.10.21-02.04.53:598][735]LogModuleManager: Shutting down and abandoning module OnlineBlueprintSupport (54)
[2014.10.21-02.04.53:598][735]LogModuleManager: Shutting down and abandoning module FunctionalTesting (53)
[2014.10.21-02.04.53:598][735]LogModuleManager: Shutting down and abandoning module CollisionAnalyzer (52)
[2014.10.21-02.04.53:598][735]LogModuleManager: Shutting down and abandoning module WorkspaceMenuStructure (51)
[2014.10.21-02.04.53:598][735]LogModuleManager: Shutting down and abandoning module MessageLog (50)
[2014.10.21-02.04.53:599][735]LogModuleManager: Shutting down and abandoning module UMGEditor (49)
[2014.10.21-02.04.53:599][735]LogModuleManager: Shutting down and abandoning module UMG (48)
[2014.10.21-02.04.53:599][735]LogModuleManager: Shutting down and abandoning module Slate (47)
[2014.10.21-02.04.53:599][735]LogModuleManager: Shutting down and abandoning module EditorStyle (46)
[2014.10.21-02.04.53:600][735]LogModuleManager: Shutting down and abandoning module SessionServices (45)
[2014.10.21-02.04.53:600][735]LogModuleManager: Shutting down and abandoning module SourceCodeAccess (44)
[2014.10.21-02.04.53:600][735]LogModuleManager: Shutting down and abandoning module HeadMountedDisplay (43)
[2014.10.21-02.04.53:600][735]LogModuleManager: Shutting down and abandoning module XAudio2 (42)
[2014.10.21-02.04.53:600][735]LogModuleManager: Shutting down and abandoning module Networking (40)
[2014.10.21-02.04.53:600][735]LogModuleManager: Shutting down and abandoning module Core (39)
[2014.10.21-02.04.53:600][735]LogModuleManager: Shutting down and abandoning module KismetCompiler (38)
[2014.10.21-02.04.53:600][735]LogModuleManager: Shutting down and abandoning module PhysXFormats (37)
[2014.10.21-02.04.53:600][735]LogModuleManager: Shutting down and abandoning module MeshUtilities (36)
[2014.10.21-02.04.53:600][735]LogModuleManager: Shutting down and abandoning module DerivedDataCache (35)
[2014.10.21-02.04.53:684][735]LogDerivedDataCache: Shutdown
[2014.10.21-02.04.53:684][735]LogModuleManager: Shutting down and abandoning module ShaderFormatOpenGL (34)
[2014.10.21-02.04.53:684][735]LogModuleManager: Shutting down and abandoning module ShaderFormatD3D (33)
[2014.10.21-02.04.53:684][735]LogModuleManager: Shutting down and abandoning module MetalShaderFormat (32)
[2014.10.21-02.04.53:684][735]LogModuleManager: Shutting down and abandoning module TextureFormatUncompressed (31)
[2014.10.21-02.04.53:684][735]LogModuleManager: Shutting down and abandoning module TextureFormatPVR (30)
[2014.10.21-02.04.53:684][735]LogModuleManager: Shutting down and abandoning module TextureFormatDXT (29)
[2014.10.21-02.04.53:684][735]LogModuleManager: Shutting down and abandoning module AudioFormatOpus (28)
[2014.10.21-02.04.53:684][735]LogModuleManager: Shutting down and abandoning module AudioFormatOgg (27)
[2014.10.21-02.04.53:684][735]LogModuleManager: Shutting down and abandoning module AudioFormatADPCM (26)
[2014.10.21-02.04.53:684][735]LogModuleManager: Shutting down and abandoning module Messaging (25)
[2014.10.21-02.04.53:684][735]LogModuleManager: Shutting down and abandoning module IOSTargetPlatform (24)
[2014.10.21-02.04.53:684][735]LogModuleManager: Shutting down and abandoning module WindowsTargetPlatform (23)
[2014.10.21-02.04.53:684][735]LogModuleManager: Shutting down and abandoning module WindowsServerTargetPlatform (22)
[2014.10.21-02.04.53:684][735]LogModuleManager: Shutting down and abandoning module WindowsNoEditorTargetPlatform (21)
[2014.10.21-02.04.53:684][735]LogModuleManager: Shutting down and abandoning module WindowsClientTargetPlatform (20)
[2014.10.21-02.04.53:684][735]LogModuleManager: Shutting down and abandoning module TargetPlatform (19)
[2014.10.21-02.04.53:684][735]LogModuleManager: Shutting down and abandoning module InputCore (18)
[2014.10.21-02.04.53:684][735]LogModuleManager: Shutting down and abandoning module Settings (17)
[2014.10.21-02.04.53:684][735]LogModuleManager: Shutting down and abandoning module ExampleDeviceProfileSelector (14)
[2014.10.21-02.04.53:684][735]LogModuleManager: Shutting down and abandoning module OculusRift (13)
[2014.10.21-02.04.53:684][735]LogModuleManager: Shutting down and abandoning module TextureCompressor (12)
[2014.10.21-02.04.53:684][735]LogModuleManager: Shutting down and abandoning module ShaderCore (11)
[2014.10.21-02.04.53:684][735]LogModuleManager: Shutting down and abandoning module OpenGLDrv (10)
[2014.10.21-02.04.53:684][735]LogModuleManager: Shutting down and abandoning module D3D11RHI (9)
[2014.10.21-02.04.53:684][735]LogModuleManager: Shutting down and abandoning module SlateRHIRenderer (8)
[2014.10.21-02.04.53:684][735]LogModuleManager: Shutting down and abandoning module Renderer (7)
[2014.10.21-02.04.53:684][735]LogModuleManager: Shutting down and abandoning module Engine (6)
[2014.10.21-02.04.53:684][735]LogModuleManager: Shutting down and abandoning module CoreUObject (5)
[2014.10.21-02.04.53:684][735]LogModuleManager: Shutting down and abandoning module NetworkFile (4)
[2014.10.21-02.04.53:684][735]LogModuleManager: Shutting down and abandoning module StreamingFile (3)
[2014.10.21-02.04.53:684][735]LogModuleManager: Shutting down and abandoning module SandboxFile (2)
[2014.10.21-02.04.53:684][735]LogModuleManager: Shutting down and abandoning module PakFile (1)
[2014.10.21-02.04.53:684][735]LogExit: Exiting.
[2014.10.21-02.04.53:687][735]Log file closed, 10/20/14 20:04:53
